4.660690e-04 0.000000e+00
1.195128e-03 0.000000e+00
4.876199e-03 0.000000e+00
7.288084e-03 0.000000e+00
9.272901e-03 0.000000e+00
1.166604e-02 0.000000e+00
1.410214e-02 0.000000e+00
1.936807e-02 0.000000e+00
2.937628e-02 0.000000e+00
4.503531e-02 0.000000e+00
6.500230e-02 0.000000e+00
9.394479e-02 0.000000e+00
1.343070e-01 0.000000e+00
1.989086e-01 0.000000e+00
3.013251e-01 0.000000e+00
4.518253e-01 0.000000e+00
6.881585e-01 2.228412e-02
1.027856e+00 2.228412e-02
1.560572e+00 2.228412e-02
2.348300e+00 2.228412e-02
3.492806e+00 2.228412e-02
5.281273e+00 6.685237e-02
7.938756e+00 1.114206e-01
1.191700e+01 6.685237e-02
1.310701e+01 6.685237e-02
2.671474e+01 1.559889e-01
3.974697e+01 1.782730e-01
6.002070e+01 2.005571e-01
6.636549e+01 2.228412e-01
9.308121e+01 2.451253e-01
1.198308e+02 2.896936e-01
1.466141e+02 2.228412e-01
1.731802e+02 3.342618e-01
1.998192e+02 3.342618e-01
2.264361e+02 4.011142e-01
2.529455e+02 3.565460e-01
2.795462e+02 4.233983e-01
3.062993e+02 3.788301e-01
3.328368e+02 3.788301e-01
3.595263e+02 4.456825e-01
3.863592e+02 4.233983e-01
4.127063e+02 3.342618e-01
4.393143e+02 3.565460e-01
4.658325e+02 2.896936e-01
4.925491e+02 3.565460e-01
5.192467e+02 2.674095e-01
5.457767e+02 3.342618e-01
5.724982e+02 4.233983e-01
5.991019e+02 2.005571e-01
6.258502e+02 3.119777e-01
6.524989e+02 3.342618e-01
6.790458e+02 3.342618e-01
7.057456e+02 3.788301e-01
7.324734e+02 4.011142e-01
7.593480e+02 4.011142e-01
7.859001e+02 4.233983e-01
8.126188e+02 4.679666e-01
8.393728e+02 4.233983e-01
8.658746e+02 4.679666e-01
8.925483e+02 5.348189e-01
9.194210e+02 5.348189e-01
9.460013e+02 4.679666e-01
9.725341e+02 4.456825e-01
9.991209e+02 4.233983e-01
1.025596e+03 4.456825e-01
1.051951e+03 5.571031e-01
1.078590e+03 5.571031e-01
1.105146e+03 5.571031e-01
1.131612e+03 5.125348e-01
1.158332e+03 4.456825e-01
1.184788e+03 4.902507e-01
1.211368e+03 5.125348e-01
1.238159e+03 5.125348e-01
1.264775e+03 4.233983e-01
1.291182e+03 4.902507e-01
1.318090e+03 4.902507e-01
1.344903e+03 4.902507e-01
1.371589e+03 4.902507e-01
1.397938e+03 4.233983e-01
1.424471e+03 4.456825e-01
1.451118e+03 5.571031e-01
1.477845e+03 4.456825e-01
1.504280e+03 4.233983e-01
1.530924e+03 4.902507e-01
1.557657e+03 4.233983e-01
1.584342e+03 4.679666e-01
1.611136e+03 4.233983e-01
1.637838e+03 4.902507e-01
1.664453e+03 4.456825e-01
1.691076e+03 4.679666e-01
1.717636e+03 4.011142e-01
1.744257e+03 4.456825e-01
1.770826e+03 4.456825e-01
1.797552e+03 4.902507e-01
1.824293e+03 4.233983e-01
1.850887e+03 4.233983e-01
1.877573e+03 4.011142e-01
1.904233e+03 4.679666e-01
1.930944e+03 4.233983e-01
1.957666e+03 3.565460e-01
1.984353e+03 3.565460e-01
2.011083e+03 4.011142e-01
2.037521e+03 4.456825e-01
2.064117e+03 3.788301e-01
