1.45711 0.414214 0.414214 0.414214 0.414214 0.414214 0.414214 0.414214 0.414214
1.46711 0.374120  -0.133669 0.455477  -0.146212 0.344903  -0.129175 0.485438  -0.150843
1.47711 0.358041  -0.128899 0.472710  -0.146385 0.317624  -0.122779 0.515143  -0.152900
1.48711 0.345956  -0.124812 0.485933  -0.145923 0.297169  -0.117549 0.537625  -0.153818
1.49711 0.335953  -0.121100 0.497058  -0.145132 0.280334  -0.112971 0.556288  -0.154140
1.50711 0.327291  -0.117644 0.506829  -0.144131 0.265994  -0.108858 0.572735  -0.154123
1.51711 0.319585  -0.114380 0.515628  -0.142983 0.253294  -0.105073 0.587305  -0.153826
1.52711 0.312608  -0.111269 0.523684  -0.141727 0.241907  -0.101557 0.600579  -0.153341
1.53711 0.306211  -0.108285 0.531146  -0.140386 0.231556  -0.098264 0.612789  -0.152709
1.54711 0.300290  -0.105412 0.538118  -0.138979 0.222148  -0.095174 0.624185  -0.151968
1.55711 0.294769  -0.102635 0.544678  -0.137518 0.213349  -0.092235 0.634692  -0.151112
1.56711 0.289589  -0.099943 0.550881  -0.136012 0.205235  -0.089453 0.644658  -0.150193
1.57711 0.284707  -0.097329 0.556775  -0.134471 0.197656  -0.086802 0.654028  -0.149204
1.58711 0.280086  -0.094786 0.562395  -0.132898 0.190551  -0.084272 0.662902  -0.148163
1.59711 0.275698  -0.092308 0.567770  -0.131301 0.183846  -0.081849 0.671316  -0.147074
1.60711 0.271517  -0.089890 0.572924  -0.129682 0.177545  -0.079530 0.679354  -0.145952
1.61711 0.267525  -0.087529 0.577879  -0.128046 0.171571  -0.077302 0.687042  -0.144800
1.62711 0.263703  -0.085220 0.582650  -0.126395 0.165917  -0.075164 0.694349  -0.143615
1.63711 0.260037  -0.082961 0.587254  -0.124732 0.160532  -0.073104 0.701349  -0.142409
1.64711 0.256515  -0.080748 0.591704  -0.123058 0.155410  -0.071121 0.708107  -0.141189
1.65711 0.253125  -0.078581 0.596010  -0.121377 0.150544  -0.069212 0.714588  -0.139953
1.66711 0.249858  -0.076455 0.600182  -0.119689 0.145886  -0.067369 0.720806  -0.138703
1.67711 0.246704  -0.074370 0.604230  -0.117996 0.141440  -0.065590 0.726773  -0.137440
1.68711 0.243656  -0.072323 0.608161  -0.116299 0.137187  -0.063871 0.732548  -0.136173
1.69711 0.240708  -0.070313 0.611982  -0.114600 0.133103  -0.062209 0.738140  -0.134903
1.70711 0.237853  -0.068339 0.615700  -0.112899 0.129194  -0.060603 0.743558  -0.133630
1.71711 0.235086  -0.066398 0.619321  -0.111197 0.125445  -0.059049 0.748762  -0.132352
1.72711 0.232401  -0.064490 0.622849  -0.109496 0.121835  -0.057543 0.753807  -0.131073
1.73711 0.229793  -0.062614 0.626289  -0.107795 0.118379  -0.056086 0.758744  -0.129802
1.74711 0.227260  -0.060768 0.629647  -0.106096 0.115034  -0.054672 0.763443  -0.128521
1.75711 0.224796  -0.058952 0.632925  -0.104398 0.111825  -0.053303 0.768046  -0.127249
1.76711 0.222399  -0.057163 0.636127  -0.102704 0.108739  -0.051976 0.772513  -0.125981
1.77711 0.220064  -0.055403 0.639258  -0.101012 0.105758  -0.050688 0.776848  -0.124716
1.78711 0.217790  -0.053669 0.642319  -0.099324 0.102877  -0.049438 0.781056  -0.123456
1.79711 0.215573  -0.051960 0.645315  -0.097640 0.100099  -0.048225 0.785185  -0.122206
1.80711 0.213410  -0.050277 0.648248  -0.095961 0.097421  -0.047047 0.789150  -0.120957
1.81711 0.211299  -0.048618 0.651120  -0.094286 0.094833  -0.045903 0.793001  -0.119713
1.82711 0.209239  -0.046983 0.653933  -0.092615 0.092331  -0.044792 0.796783  -0.118481
1.83711 0.207226  -0.045370 0.656691  -0.090950 0.089912  -0.043712 0.800456  -0.117255
1.84711 0.205259  -0.043780 0.659395  -0.089291 0.087568  -0.042662 0.804023  -0.116036
1.85711 0.203336  -0.042212 0.662046  -0.087637 0.085301  -0.041641 0.807529  -0.114828
1.86711 0.201455  -0.040665 0.664648  -0.085989 0.083111  -0.040650 0.810894  -0.113623
1.87711 0.199615  -0.039138 0.667201  -0.084346 0.080987  -0.039685 0.814223  -0.112432
1.88711 0.197814  -0.037632 0.669708  -0.082711 0.078928  -0.038746 0.817477  -0.111251
1.89711 0.196051  -0.036145 0.672170  -0.081081 0.076932  -0.037832 0.820598  -0.110074
1.90711 0.194324  -0.034678 0.674588  -0.079458 0.075003  -0.036944 0.823669  -0.108908
1.91711 0.192632  -0.033229 0.676964  -0.077842 0.073127  -0.036079 0.826691  -0.107755
1.92711 0.190973  -0.031798 0.679299  -0.076232 0.071309  -0.035237 0.829588  -0.106606
1.93711 0.189348  -0.030385 0.681594  -0.074629 0.069541  -0.034417 0.832440  -0.105469
1.94711 0.187753  -0.028990 0.683851  -0.073033 0.067832  -0.033619 0.835249  -0.104344
1.95711 0.186190  -0.027612 0.686071  -0.071444 0.066170  -0.032841 0.838015  -0.103231
1.96711 0.184656  -0.026250 0.688254  -0.069862 0.064554  -0.032084 0.840664  -0.102122
1.97711 0.183150  -0.024905 0.690403  -0.068287 0.062988  -0.031346 0.843274  -0.101026
1.98711 0.181672  -0.023576 0.692517  -0.066719 0.061466  -0.030627 0.845846  -0.099942
1.99711 0.180220  -0.022262 0.694599  -0.065159 0.059985  -0.029927 0.848380  -0.098870
2.00711 0.178795  -0.020964 0.696648  -0.063606 0.058550  -0.029245 0.850805  -0.097803
2.01711 0.177395  -0.019680 0.698665  -0.062060 0.057149  -0.028579 0.853195  -0.096747
2.02711 0.176019  -0.018411 0.700653  -0.060521 0.055793  -0.027931 0.855552  -0.095704
2.03711 0.174667  -0.017157 0.702610  -0.058990 0.054469  -0.027298 0.857803  -0.094666
2.04711 0.173338  -0.015917 0.704538  -0.057466 0.053187  -0.026682 0.860096  -0.093646
2.05711 0.172031  -0.014691 0.706439  -0.055950 0.051934  -0.026081 0.862286  -0.092631
2.06711 0.170747  -0.013478 0.708312  -0.054441 0.050715  -0.025494 0.864446  -0.091627
2.07711 0.169483  -0.012278 0.710158  -0.052939 0.049533  -0.024922 0.866507  -0.090630
2.08711 0.168240  -0.011092 0.711977  -0.051445 0.048379  -0.024365 0.868611  -0.089649
2.09711 0.167017  -0.009918 0.713772  -0.049958 0.047258  -0.023820 0.870617  -0.088674
2.10711 0.165813  -0.008757 0.715541  -0.048478 0.046166  -0.023290 0.872598  -0.087710
2.11711 0.164628  -0.007608 0.717286  -0.047006 0.045100  -0.022771 0.874553  -0.086757
2.12711 0.163462  -0.006472 0.719008  -0.045542 0.044064  -0.022266 0.876414  -0.085810
2.13711 0.162314  -0.005347 0.720706  -0.044085 0.043054  -0.021773 0.878320  -0.084879
2.14711 0.161183  -0.004234 0.722381  -0.042635 0.042070  -0.021291 0.880135  -0.083954
2.15711 0.160069  -0.003132 0.724035  -0.041192 0.041113  -0.020822 0.881927  -0.083039
2.16711 0.158972  -0.002042 0.725666  -0.039757 0.040179  -0.020363 0.883696  -0.082135
2.17711 0.157892  -0.000963 0.727277  -0.038329 0.039269  -0.019915 0.885444  -0.081241
2.18711 0.156827  0.000106 0.728867  -0.036909 0.038382  -0.019478 0.887105  -0.080353
2.19711 0.155778  0.001163 0.730436  -0.035496 0.037517  -0.019051 0.888812  -0.079480
2.20711 0.154744  0.002210 0.731986  -0.034090 0.036675  -0.018635 0.890432  -0.078613
2.21711 0.153725  0.003247 0.733516  -0.032691 0.035852  -0.018228 0.892034  -0.077755
2.22711 0.152720  0.004274 0.735027  -0.031299 0.035051  -0.017830 0.893616  -0.076908
2.23711 0.151729  0.005290 0.736520  -0.029915 0.034271  -0.017442 0.895180  -0.076070
2.24711 0.150752  0.006297 0.737994  -0.028538 0.033507  -0.017063 0.896662  -0.075238
2.25711 0.149788  0.007294 0.739450  -0.027167 0.032763  -0.016693 0.898191  -0.074420
2.26711 0.148838  0.008282 0.740889  -0.025804 0.032037  -0.016331 0.899639  -0.073607
2.27711 0.147901  0.009260 0.742311  -0.024448 0.031330  -0.015978 0.901070  -0.072804
2.28711 0.146976  0.010229 0.743716  -0.023099 0.030638  -0.015633 0.902486  -0.072010
2.29711 0.146063  0.011189 0.745104  -0.021758 0.029964  -0.015296 0.903885  -0.071226
2.30711 0.145163  0.012140 0.746476  -0.020422 0.029306  -0.014966 0.905207  -0.070447
2.31711 0.144274  0.013082 0.747833  -0.019094 0.028664  -0.014644 0.906576  -0.069680
2.32711 0.143397  0.014015 0.749173  -0.017773 0.028039  -0.014330 0.907869  -0.068919
2.33711 0.142532  0.014940 0.750499  -0.016459 0.027426  -0.014022 0.909148  -0.068167
2.34711 0.141677  0.015856 0.751809  -0.015151 0.026829  -0.013722 0.910413  -0.067424
2.35711 0.140833  0.016764 0.753105  -0.013850 0.026246  -0.013428 0.911664  -0.066689
2.36711 0.140000  0.017664 0.754386  -0.012556 0.025676  -0.013141 0.912902  -0.065963
2.37711 0.139177  0.018556 0.755653  -0.011269 0.025120  -0.012861 0.914127  -0.065246
2.38711 0.138365  0.019440 0.756906  -0.009988 0.024576  -0.012587 0.915279  -0.064533
2.39711 0.137562  0.020317 0.758145  -0.008714 0.024045  -0.012319 0.916479  -0.063832
2.40711 0.136770  0.021185 0.759371  -0.007447 0.023527  -0.012057 0.917607  -0.063137
2.41711 0.135987  0.022046 0.760584  -0.006186 0.023021  -0.011801 0.918724  -0.062449
2.42711 0.135213  0.022900 0.761784  -0.004931 0.022527  -0.011550 0.919829  -0.061769
2.43711 0.134449  0.023746 0.762971  -0.003683 0.022045  -0.011306 0.920923  -0.061097
2.44711 0.133694  0.024585 0.764145  -0.002442 0.021572  -0.011066 0.922005  -0.060433
2.45711 0.132947  0.025416 0.765307  -0.001207 0.021111  -0.010832 0.923077  -0.059777
2.46711 0.132210  0.026241 0.766457  0.000022 0.020661  -0.010604 0.924081  -0.059126
2.47711 0.131481  0.027058 0.767595  0.001245 0.020222  -0.010380 0.925132  -0.058485
2.48711 0.130760  0.027869 0.768721  0.002461 0.019790  -0.010161 0.926116  -0.057848
2.49711 0.130048  0.028673 0.769836  0.003671 0.019370  -0.009947 0.927090  -0.057220
2.50711 0.129344  0.029471 0.770940  0.004875 0.018959  -0.009738 0.928111  -0.056601
2.51711 0.128648  0.030261 0.772032  0.006072 0.018558  -0.009533 0.929066  -0.055986
2.52711 0.127960  0.031046 0.773113  0.007264 0.018165  -0.009333 0.929956  -0.055377
2.53711 0.127279  0.031823 0.774184  0.008449 0.017782  -0.009137 0.930893  -0.054776
2.54711 0.126606  0.032595 0.775244  0.009628 0.017406  -0.008946 0.931821  -0.054183
2.55711 0.125940  0.033360 0.776293  0.010802 0.017039  -0.008758 0.932740  -0.053597
2.56711 0.125282  0.034119 0.777332  0.011969 0.016681  -0.008575 0.933596  -0.053015
2.57711 0.124631  0.034872 0.778361  0.013131 0.016330  -0.008396 0.934499  -0.052443
2.58711 0.123987  0.035619 0.779380  0.014286 0.015987  -0.008221 0.935338  -0.051874
2.59711 0.123350  0.036360 0.780389  0.015436 0.015652  -0.008049 0.936170  -0.051312
2.60711 0.122719  0.037095 0.781389  0.016580 0.015324  -0.007881 0.936995  -0.050757
2.61711 0.122096  0.037825 0.782379  0.017718 0.015003  -0.007717 0.937811  -0.050208
2.62711 0.121479  0.038548 0.783360  0.018851 0.014689  -0.007556 0.938620  -0.049665
2.63711 0.120868  0.039266 0.784331  0.019978 0.014383  -0.007399 0.939422  -0.049129
2.64711 0.120264  0.039979 0.785293  0.021099 0.014083  -0.007246 0.940217  -0.048599
2.65711 0.119666  0.040686 0.786247  0.022214 0.013790  -0.007095 0.940952  -0.048073
2.66711 0.119075  0.041387 0.787191  0.023324 0.013503  -0.006948 0.941732  -0.047555
2.67711 0.118489  0.042083 0.788127  0.024429 0.013222  -0.006804 0.942454  -0.047041
2.68711 0.117909  0.042774 0.789054  0.025528 0.012948  -0.006663 0.943221  -0.046535
2.69711 0.117335  0.043460 0.789973  0.026621 0.012679  -0.006525 0.943929  -0.046033
2.70711 0.116767  0.044141 0.790883  0.027709 0.012416  -0.006390 0.944632  -0.045536
2.71711 0.116205  0.044816 0.791785  0.028792 0.012159  -0.006258 0.945328  -0.045045
2.72711 0.115648  0.045486 0.792679  0.029869 0.011907  -0.006129 0.946019  -0.044560
2.73711 0.115097  0.046152 0.793566  0.030941 0.011662  -0.006002 0.946703  -0.044081
2.74711 0.114552  0.046812 0.794444  0.032008 0.011420  -0.005878 0.947381  -0.043607
2.75711 0.114011  0.047468 0.795314  0.033069 0.011186  -0.005757 0.948054  -0.043138
2.76711 0.113476  0.048119 0.796177  0.034125 0.010955  -0.005638 0.948721  -0.042675
2.77711 0.112946  0.048765 0.797032  0.035176 0.010729  -0.005522 0.949332  -0.042215
2.78711 0.112421  0.049406 0.797880  0.036222 0.010508  -0.005409 0.949988  -0.041763
2.79711 0.111901  0.050043 0.798721  0.037263 0.010292  -0.005297 0.950589  -0.041313
2.80711 0.111387  0.050675 0.799554  0.038299 0.010081  -0.005189 0.951234  -0.040871
2.81711 0.110877  0.051302 0.800380  0.039330 0.009874  -0.005082 0.951825  -0.040432
2.82711 0.110371  0.051926 0.801199  0.040355 0.009672  -0.004978 0.952411  -0.039998
2.83711 0.109871  0.052544 0.802011  0.041376 0.009473  -0.004875 0.952992  -0.039569
2.84711 0.109375  0.053159 0.802816  0.042392 0.009279  -0.004775 0.953568  -0.039145
2.85711 0.108884  0.053769 0.803615  0.043403 0.009089  -0.004678 0.954140  -0.038726
2.86711 0.108398  0.054374 0.804406  0.044409 0.008903  -0.004582 0.954707  -0.038311
2.87711 0.107916  0.054976 0.805192  0.045410 0.008721  -0.004488 0.955245  -0.037901
2.88711 0.107438  0.055573 0.805970  0.046406 0.008543  -0.004396 0.955803  -0.037496
2.89711 0.106965  0.056166 0.806743  0.047398 0.008369  -0.004306 0.956357  -0.037095
2.90711 0.106496  0.056755 0.807508  0.048385 0.008198  -0.004218 0.956906  -0.036699
2.91711 0.106031  0.057340 0.808268  0.049367 0.008031  -0.004132 0.957450  -0.036308
2.92711 0.105570  0.057921 0.809021  0.050344 0.007868  -0.004048 0.957990  -0.035921
2.93711 0.105114  0.058498 0.809769  0.051317 0.007707  -0.003965 0.958433  -0.035535
2.94711 0.104661  0.059071 0.810510  0.052286 0.007551  -0.003884 0.958965  -0.035157
2.95711 0.104213  0.059641 0.811245  0.053249 0.007397  -0.003805 0.959493  -0.034783
2.96711 0.103768  0.060206 0.811975  0.054208 0.007247  -0.003727 0.959925  -0.034410
2.97711 0.103327  0.060768 0.812699  0.055163 0.007100  -0.003652 0.960445  -0.034045
2.98711 0.102891  0.061326 0.813416  0.056113 0.006956  -0.003577 0.960870  -0.033680
2.99711 0.102458  0.061880 0.814129  0.057059 0.006815  -0.003504 0.961383  -0.033323
3.00711 0.102028  0.062430 0.814835  0.058000 0.006677  -0.003433 0.961891  -0.032970
3.01711 0.101603  0.062977 0.815536  0.058937 0.006541  -0.003363 0.962306  -0.032618
3.02711 0.101181  0.063520 0.816232  0.059870 0.006409  -0.003295 0.962717  -0.032270
3.03711 0.100762  0.064060 0.816922  0.060798 0.006279  -0.003228 0.963215  -0.031928
3.04711 0.100348  0.064596 0.817607  0.061722 0.006152  -0.003162 0.963619  -0.031588
3.05711 0.099936  0.065129 0.818287  0.062641 0.006028  -0.003098 0.964110  -0.031254
3.06711 0.099528  0.065658 0.818962  0.063557 0.005906  -0.003035 0.964508  -0.030921
3.07711 0.099124  0.066184 0.819631  0.064468 0.005787  -0.002974 0.964904  -0.030592
3.08711 0.098723  0.066706 0.820295  0.065375 0.005670  -0.002913 0.965384  -0.030270
3.09711 0.098325  0.067225 0.820955  0.066278 0.005556  -0.002854 0.965773  -0.029948
3.10711 0.097931  0.067741 0.821609  0.067176 0.005444  -0.002797 0.966160  -0.029630
3.11711 0.097539  0.068254 0.822258  0.068071 0.005334  -0.002740 0.966543  -0.029316
3.12711 0.097151  0.068763 0.822903  0.068961 0.005226  -0.002684 0.966924  -0.029005
3.13711 0.096766  0.069269 0.823542  0.069848 0.005121  -0.002630 0.967302  -0.028697
3.14711 0.096385  0.069772 0.824178  0.070730 0.005018  -0.002577 0.967763  -0.028396
3.15711 0.096006  0.070272 0.824808  0.071609 0.004917  -0.002525 0.968135  -0.028095
3.16711 0.095630  0.070768 0.825434  0.072483 0.004818  -0.002474 0.968505  -0.027798
3.17711 0.095257  0.071262 0.826055  0.073354 0.004721  -0.002424 0.968872  -0.027504
3.18711 0.094888  0.071752 0.826671  0.074220 0.004626  -0.002375 0.969236  -0.027213
3.19711 0.094521  0.072240 0.827283  0.075083 0.004533  -0.002327 0.969597  -0.026926
3.20711 0.094157  0.072724 0.827891  0.075942 0.004442  -0.002280 0.969957  -0.026642
3.21711 0.093796  0.073206 0.828494  0.076797 0.004353  -0.002234 0.970313  -0.026360
3.22711 0.093438  0.073684 0.829093  0.077648 0.004266  -0.002189 0.970667  -0.026083
3.23711 0.093082  0.074160 0.829688  0.078495 0.004180  -0.002145 0.970936  -0.025806
3.24711 0.092730  0.074633 0.830279  0.079339 0.004096  -0.002101 0.971285  -0.025534
3.25711 0.092380  0.075103 0.830865  0.080179 0.004014  -0.002059 0.971632  -0.025265
3.26711 0.092033  0.075570 0.831447  0.081015 0.003934  -0.002017 0.971976  -0.024999
3.27711 0.091688  0.076034 0.832025  0.081848 0.003855  -0.001977 0.972319  -0.024736
3.28711 0.091346  0.076496 0.832599  0.082676 0.003778  -0.001937 0.972577  -0.024475
3.29711 0.091007  0.076954 0.833169  0.083502 0.003702  -0.001898 0.972914  -0.024218
3.30711 0.090670  0.077410 0.833735  0.084323 0.003628  -0.001860 0.973250  -0.023963
3.31711 0.090336  0.077864 0.834298  0.085141 0.003555  -0.001822 0.973583  -0.023712
3.32711 0.090004  0.078314 0.834856  0.085956 0.003484  -0.001786 0.973833  -0.023462
3.33711 0.089675  0.078762 0.835410  0.086766 0.003415  -0.001750 0.974162  -0.023216
3.34711 0.089348  0.079208 0.835961  0.087574 0.003346  -0.001715 0.974489  -0.022972
3.35711 0.089023  0.079651 0.836508  0.088378 0.003279  -0.001680 0.974734  -0.022730
3.36711 0.088701  0.080091 0.837051  0.089178 0.003214  -0.001646 0.975056  -0.022492
3.37711 0.088382  0.080529 0.837590  0.089975 0.003150  -0.001613 0.975298  -0.022255
3.38711 0.088065  0.080964 0.838126  0.090768 0.003087  -0.001581 0.975616  -0.022023
3.39711 0.087750  0.081396 0.838658  0.091558 0.003025  -0.001549 0.975854  -0.021791
3.40711 0.087437  0.081827 0.839187  0.092345 0.002965  -0.001518 0.976169  -0.021563
3.41711 0.087127  0.082254 0.839712  0.093128 0.002906  -0.001487 0.976403  -0.021337
3.42711 0.086818  0.082680 0.840234  0.093908 0.002848  -0.001458 0.976714  -0.021114
3.43711 0.086512  0.083103 0.840752  0.094685 0.002791  -0.001428 0.976945  -0.020892
3.44711 0.086209  0.083523 0.841267  0.095458 0.002735  -0.001400 0.977252  -0.020675
3.45711 0.085907  0.083941 0.841778  0.096228 0.002681  -0.001372 0.977480  -0.020458
3.46711 0.085608  0.084357 0.842286  0.096995 0.002627  -0.001344 0.977706  -0.020243
3.47711 0.085310  0.084770 0.842791  0.097759 0.002575  -0.001317 0.978008  -0.020032
3.48711 0.085015  0.085181 0.843292  0.098519 0.002524  -0.001291 0.978231  -0.019823
3.49711 0.084722  0.085590 0.843790  0.099276 0.002473  -0.001265 0.978453  -0.019615
3.50711 0.084431  0.085997 0.844285  0.100030 0.002424  -0.001240 0.978749  -0.019411
3.51711 0.084142  0.086401 0.844777  0.100781 0.002376  -0.001215 0.978968  -0.019208
3.52711 0.083855  0.086803 0.845266  0.101529 0.002328  -0.001190 0.979185  -0.019007
3.53711 0.083570  0.087203 0.845751  0.102273 0.002282  -0.001166 0.979401  -0.018808
3.54711 0.083287  0.087601 0.846233  0.103015 0.002237  -0.001143 0.979691  -0.018613
3.55711 0.083005  0.087996 0.846713  0.103753 0.002192  -0.001120 0.979904  -0.018419
3.56711 0.082726  0.088390 0.847189  0.104488 0.002149  -0.001098 0.980115  -0.018227
3.57711 0.082449  0.088781 0.847662  0.105221 0.002106  -0.001076 0.980326  -0.018037
3.58711 0.082173  0.089170 0.848133  0.105950 0.002064  -0.001054 0.980535  -0.017848
3.59711 0.081900  0.089557 0.848600  0.106676 0.002023  -0.001033 0.980742  -0.017662
3.60711 0.081628  0.089942 0.849064  0.107399 0.001983  -0.001013 0.981022  -0.017480
3.61711 0.081358  0.090325 0.849526  0.108120 0.001943  -0.000992 0.981227  -0.017298
3.62711 0.081090  0.090706 0.849984  0.108837 0.001905  -0.000972 0.981431  -0.017118
3.63711 0.080824  0.091085 0.850440  0.109551 0.001867  -0.000953 0.981634  -0.016939
3.64711 0.080559  0.091461 0.850893  0.110263 0.001830  -0.000934 0.981835  -0.016763
3.65711 0.080297  0.091836 0.851343  0.110972 0.001794  -0.000915 0.982035  -0.016589
3.66711 0.080036  0.092209 0.851791  0.111677 0.001758  -0.000897 0.982234  -0.016417
3.67711 0.079776  0.092580 0.852236  0.112380 0.001723  -0.000879 0.982431  -0.016246
3.68711 0.079519  0.092949 0.852678  0.113080 0.001689  -0.000862 0.982628  -0.016077
3.69711 0.079263  0.093316 0.853117  0.113778 0.001655  -0.000844 0.982823  -0.015910
3.70711 0.079008  0.093681 0.853554  0.114472 0.001622  -0.000827 0.983017  -0.015745
3.71711 0.078756  0.094044 0.853988  0.115164 0.001590  -0.000811 0.983210  -0.015582
3.72711 0.078505  0.094405 0.854419  0.115852 0.001559  -0.000795 0.983402  -0.015420
3.73711 0.078256  0.094765 0.854848  0.116539 0.001528  -0.000779 0.983522  -0.015260
3.74711 0.078008  0.095122 0.855274  0.117222 0.001497  -0.000763 0.983711  -0.015101
3.75711 0.077762  0.095478 0.855698  0.117903 0.001468  -0.000748 0.983900  -0.014945
3.76711 0.077517  0.095832 0.856119  0.118581 0.001439  -0.000733 0.984087  -0.014790
3.77711 0.077274  0.096184 0.856538  0.119256 0.001410  -0.000719 0.984274  -0.014637
3.78711 0.077033  0.096534 0.856954  0.119928 0.001382  -0.000704 0.984459  -0.014486
3.79711 0.076793  0.096883 0.857368  0.120598 0.001355  -0.000690 0.984643  -0.014336
3.80711 0.076554  0.097230 0.857779  0.121266 0.001328  -0.000676 0.984757  -0.014187
3.81711 0.076317  0.097575 0.858188  0.121930 0.001302  -0.000663 0.984939  -0.014041
3.82711 0.076082  0.097918 0.858595  0.122592 0.001276  -0.000650 0.985121  -0.013895
3.83711 0.075848  0.098259 0.858999  0.123252 0.001251  -0.000637 0.985301  -0.013752
3.84711 0.075615  0.098599 0.859401  0.123909 0.001226  -0.000624 0.985411  -0.013609
3.85711 0.075384  0.098937 0.859800  0.124563 0.001201  -0.000612 0.985590  -0.013469
3.86711 0.075155  0.099274 0.860198  0.125215 0.001178  -0.000599 0.985767  -0.013330
3.87711 0.074926  0.099609 0.860593  0.125864 0.001154  -0.000587 0.985875  -0.013192
3.88711 0.074699  0.099942 0.860985  0.126511 0.001131  -0.000576 0.986051  -0.013056
3.89711 0.074474  0.100273 0.861376  0.127155 0.001109  -0.000564 0.986226  -0.012921
3.90711 0.074250  0.100603 0.861764  0.127797 0.001087  -0.000553 0.986332  -0.012787
3.91711 0.074027  0.100932 0.862150  0.128436 0.001066  -0.000542 0.986504  -0.012656
3.92711 0.073806  0.101258 0.862534  0.129073 0.001045  -0.000531 0.986676  -0.012525
3.93711 0.073586  0.101583 0.862916  0.129707 0.001024  -0.000521 0.986780  -0.012396
3.94711 0.073367  0.101907 0.863295  0.130339 0.001004  -0.000510 0.986950  -0.012268
3.95711 0.073150  0.102229 0.863673  0.130969 0.000984  -0.000500 0.987119  -0.012142
3.96711 0.072934  0.102549 0.864048  0.131596 0.000964  -0.000490 0.987221  -0.012016
3.97711 0.072719  0.102868 0.864421  0.132221 0.000945  -0.000480 0.987389  -0.011893
3.98711 0.072505  0.103185 0.864793  0.132843 0.000926  -0.000471 0.987489  -0.011770
3.99711 0.072293  0.103501 0.865162  0.133463 0.000908  -0.000461 0.987655  -0.011649
