0.866228 0.240253 0.240253 0.240253 0.240253 0.240253 0.240253 0.240253 0.240253
0.876228 0.197479  -0.069720 0.288956  -0.098324 0.166930  -0.060181 0.324467  -0.109442
0.886228 0.181666  -0.063298 0.310564  -0.102951 0.140568  -0.050706 0.361281  -0.118610
0.896228 0.170299  -0.058409 0.327597  -0.106015 0.121877  -0.043864 0.389578  -0.124903
0.906228 0.161229  -0.054341 0.342207  -0.108230 0.107612  -0.038565 0.414013  -0.129839
0.916228 0.153621  -0.050814 0.355235  -0.109878 0.095887  -0.034187 0.435378  -0.133710
0.926228 0.147046  -0.047680 0.367113  -0.111110 0.085964  -0.030475 0.454509  -0.136805
0.936228 0.141248  -0.044850 0.378100  -0.112016 0.077475  -0.027295 0.472065  -0.139344
0.946228 0.136060  -0.042265 0.388367  -0.112660 0.070171  -0.024554 0.488396  -0.141449
0.956228 0.131368  -0.039883 0.398033  -0.113083 0.063685  -0.022131 0.503498  -0.143138
0.966228 0.127086  -0.037673 0.407185  -0.113319 0.057999  -0.020008 0.517741  -0.144528
0.976228 0.123151  -0.035610 0.415891  -0.113393 0.052881  -0.018109 0.531026  -0.145605
0.986228 0.119514  -0.033677 0.424202  -0.113326 0.048336  -0.016426 0.543709  -0.146475
0.996228 0.116136  -0.031858 0.432160  -0.113134 0.044230  -0.014915 0.555665  -0.147114
1.006228 0.112984  -0.030140 0.439801  -0.112831 0.040530  -0.013560 0.567046  -0.147572
1.016228 0.110033  -0.028513 0.447153  -0.112428 0.037194  -0.012345 0.577958  -0.147881
1.026228 0.107261  -0.026969 0.454240  -0.111937 0.034143  -0.011242 0.588299  -0.148022
1.036228 0.104649  -0.025500 0.461084  -0.111364 0.031381  -0.010249 0.598230  -0.148042
1.046228 0.102182  -0.024100 0.467701  -0.110717 0.028863  -0.009349 0.607745  -0.147943
1.056228 0.099847  -0.022762 0.474109  -0.110004 0.026555  -0.008531 0.616864  -0.147737
1.066228 0.097631  -0.021483 0.480320  -0.109230 0.024444  -0.007789 0.625640  -0.147438
1.076228 0.095525  -0.020257 0.486348  -0.108401 0.022519  -0.007116 0.634104  -0.147058
1.086228 0.093520  -0.019080 0.492202  -0.107520 0.020744  -0.006501 0.642180  -0.146583
1.096228 0.091608  -0.017950 0.497894  -0.106592 0.019120  -0.005943 0.650052  -0.146058
1.106228 0.089781  -0.016864 0.503431  -0.105622 0.017633  -0.005435 0.657669  -0.145474
1.116228 0.088034  -0.015817 0.508822  -0.104611 0.016259  -0.004970 0.664924  -0.144810
1.126228 0.086361  -0.014809 0.514075  -0.103565 0.014999  -0.004546 0.672007  -0.144110
1.136228 0.084756  -0.013836 0.519196  -0.102484 0.013839  -0.004160 0.678867  -0.143364
1.146228 0.083216  -0.012896 0.524192  -0.101373 0.012767  -0.003806 0.685456  -0.142565
1.156228 0.081736  -0.011989 0.529067  -0.100234 0.011780  -0.003482 0.691841  -0.141729
1.166228 0.080313  -0.011111 0.533828  -0.099068 0.010872  -0.003187 0.698086  -0.140870
1.176228 0.078942  -0.010261 0.538479  -0.097878 0.010034  -0.002917 0.704141  -0.139979
1.186228 0.077622  -0.009438 0.543025  -0.096665 0.009262  -0.002670 0.709956  -0.139047
1.196228 0.076348  -0.008640 0.547470  -0.095432 0.008547  -0.002444 0.715650  -0.138101
1.206228 0.075118  -0.007866 0.551818  -0.094181 0.007889  -0.002237 0.721172  -0.137130
1.216228 0.073930  -0.007115 0.556073  -0.092912 0.007280  -0.002047 0.726529  -0.136137
1.226228 0.072782  -0.006386 0.560239  -0.091627 0.006718  -0.001874 0.731725  -0.135123
1.236228 0.071672  -0.005678 0.564318  -0.090327 0.006201  -0.001715 0.736766  -0.134092
1.246228 0.070597  -0.004989 0.568314  -0.089014 0.005722  -0.001570 0.741710  -0.133054
1.256228 0.069555  -0.004319 0.572229  -0.087689 0.005279  -0.001437 0.746507  -0.132001
1.266228 0.068546  -0.003668 0.576067  -0.086352 0.004870  -0.001315 0.751162  -0.130935
1.276228 0.067568  -0.003033 0.579830  -0.085006 0.004493  -0.001203 0.755730  -0.129865
1.286228 0.066619  -0.002416 0.583521  -0.083650 0.004144  -0.001101 0.760164  -0.128785
1.296228 0.065697  -0.001814 0.587142  -0.082286 0.003822  -0.001007 0.764466  -0.127695
1.306228 0.064802  -0.001227 0.590695  -0.080915 0.003524  -0.000921 0.768692  -0.126604
1.316228 0.063932  -0.000655 0.594182  -0.079537 0.003249  -0.000843 0.772792  -0.125506
1.326228 0.063087  -0.000097 0.597605  -0.078153 0.002996  -0.000771 0.776821  -0.124410
1.336228 0.062264  0.000448 0.600967  -0.076763 0.002762  -0.000705 0.780731  -0.123307
1.346228 0.061464  0.000979 0.604269  -0.075369 0.002545  -0.000645 0.784526  -0.122200
1.356228 0.060685  0.001499 0.607512  -0.073971 0.002345  -0.000589 0.788257  -0.121096
1.366228 0.059927  0.002006 0.610699  -0.072569 0.002160  -0.000539 0.791877  -0.119989
1.376228 0.059188  0.002501 0.613832  -0.071165 0.001990  -0.000492 0.795437  -0.118886
1.386228 0.058467  0.002986 0.616911  -0.069758 0.001833  -0.000450 0.798892  -0.117781
1.396228 0.057765  0.003460 0.619938  -0.068349 0.001688  -0.000411 0.802291  -0.116681
1.406228 0.057080  0.003923 0.622915  -0.066939 0.001554  -0.000376 0.805588  -0.115581
1.416228 0.056412  0.004376 0.625843  -0.065528 0.001430  -0.000343 0.808833  -0.114487
1.426228 0.055760  0.004820 0.628723  -0.064115 0.001316  -0.000314 0.811982  -0.113392
1.436228 0.055123  0.005254 0.631556  -0.062703 0.001211  -0.000287 0.815081  -0.112305
1.446228 0.054501  0.005680 0.634344  -0.061291 0.001114  -0.000262 0.818132  -0.111225
1.456228 0.053894  0.006096 0.637088  -0.059879 0.001025  -0.000239 0.821091  -0.110145
1.466228 0.053301  0.006504 0.639790  -0.058468 0.000943  -0.000218 0.823962  -0.109068
1.476228 0.052720  0.006904 0.642449  -0.057057 0.000867  -0.000199 0.826833  -0.108004
1.486228 0.052153  0.007296 0.645067  -0.055649 0.000797  -0.000182 0.829574  -0.106937
1.496228 0.051598  0.007681 0.647645  -0.054241 0.000733  -0.000166 0.832318  -0.105883
1.506228 0.051055  0.008057 0.650185  -0.052836 0.000673  -0.000151 0.834978  -0.104832
1.516228 0.050524  0.008427 0.652686  -0.051432 0.000619  -0.000138 0.837600  -0.103790
1.526228 0.050005  0.008790 0.655151  -0.050031 0.000568  -0.000126 0.840141  -0.102751
1.536228 0.049496  0.009145 0.657579  -0.048632 0.000522  -0.000115 0.842625  -0.101718
1.546228 0.048997  0.009495 0.659972  -0.047236 0.000479  -0.000105 0.845053  -0.100692
1.556228 0.048509  0.009837 0.662330  -0.045842 0.000440  -0.000096 0.847529  -0.099684
1.566228 0.048031  0.010174 0.664655  -0.044452 0.000404  -0.000087 0.849807  -0.098666
1.576228 0.047562  0.010504 0.666946  -0.043065 0.000371  -0.000079 0.852134  -0.097666
1.586228 0.047103  0.010829 0.669206  -0.041681 0.000340  -0.000072 0.854429  -0.096676
1.596228 0.046652  0.011148 0.671433  -0.040301 0.000312  -0.000066 0.856613  -0.095685
1.606228 0.046211  0.011461 0.673630  -0.038924 0.000286  -0.000060 0.858847  -0.094712
1.616228 0.045777  0.011769 0.675797  -0.037551 0.000263  -0.000055 0.860971  -0.093740
1.626228 0.045353  0.012072 0.677934  -0.036182 0.000241  -0.000050 0.863067  -0.092777
1.636228 0.044936  0.012369 0.680042  -0.034817 0.000221  -0.000045 0.865057  -0.091815
1.646228 0.044526  0.012662 0.682121  -0.033456 0.000202  -0.000041 0.867098  -0.090871
1.656228 0.044125  0.012949 0.684173  -0.032099 0.000185  -0.000038 0.869035  -0.089927
1.666228 0.043731  0.013232 0.686198  -0.030747 0.000170  -0.000034 0.871024  -0.089001
1.676228 0.043344  0.013510 0.688197  -0.029398 0.000156  -0.000031 0.872911  -0.088076
1.686228 0.042963  0.013784 0.690169  -0.028055 0.000143  -0.000028 0.874774  -0.087161
1.696228 0.042590  0.014054 0.692116  -0.026715 0.000131  -0.000026 0.876613  -0.086254
1.706228 0.042223  0.014319 0.694037  -0.025381 0.000120  -0.000024 0.878429  -0.085357
1.716228 0.041863  0.014580 0.695934  -0.024051 0.000110  -0.000021 0.880148  -0.084462
1.726228 0.041508  0.014837 0.697808  -0.022726 0.000100  -0.000020 0.881919  -0.083582
1.736228 0.041160  0.015090 0.699657  -0.021405 0.000092  -0.000018 0.883595  -0.082705
1.746228 0.040818  0.015339 0.701484  -0.020089 0.000084  -0.000016 0.885323  -0.081844
1.756228 0.040481  0.015584 0.703288  -0.018779 0.000077  -0.000015 0.886958  -0.080985
1.766228 0.040151  0.015825 0.705069  -0.017473 0.000070  -0.000013 0.888573  -0.080135
1.776228 0.039825  0.016063 0.706829  -0.016172 0.000064  -0.000012 0.890168  -0.079294
1.786228 0.039505  0.016298 0.708567  -0.014876 0.000059  -0.000011 0.891673  -0.078455
1.796228 0.039190  0.016529 0.710285  -0.013585 0.000054  -0.000010 0.893231  -0.077632
1.806228 0.038880  0.016756 0.711982  -0.012300 0.000049  -0.000009 0.894700  -0.076811
1.816228 0.038575  0.016981 0.713658  -0.011019 0.000045  -0.000008 0.896222  -0.076005
1.826228 0.038275  0.017202 0.715315  -0.009744 0.000041  -0.000008 0.897657  -0.075201
1.836228 0.037980  0.017420 0.716953  -0.008473 0.000038  -0.000007 0.899075  -0.074406
1.846228 0.037689  0.017634 0.718571  -0.007208 0.000034  -0.000006 0.900476  -0.073620
1.856228 0.037403  0.017846 0.720170  -0.005948 0.000031  -0.000006 0.901861  -0.072842
1.866228 0.037121  0.018055 0.721751  -0.004693 0.000029  -0.000005 0.903231  -0.072073
1.876228 0.036843  0.018261 0.723314  -0.003444 0.000026  -0.000005 0.904585  -0.071311
1.886228 0.036570  0.018464 0.724859  -0.002200 0.000024  -0.000004 0.905857  -0.070553
1.896228 0.036300  0.018665 0.726386  -0.000961 0.000022  -0.000004 0.907181  -0.069808
1.906228 0.036035  0.018863 0.727897  0.000273 0.000020  -0.000004 0.908424  -0.069066
1.916228 0.035774  0.019058 0.729390  0.001502 0.000018  -0.000003 0.909654  -0.068333
1.926228 0.035516  0.019250 0.730867  0.002725 0.000017  -0.000003 0.910935  -0.067612
1.936228 0.035262  0.019440 0.732327  0.003943 0.000015  -0.000003 0.912137  -0.066894
1.946228 0.035012  0.019627 0.733772  0.005156 0.000014  -0.000002 0.913326  -0.066184
1.956228 0.034765  0.019812 0.735200  0.006363 0.000013  -0.000002 0.914503  -0.065482
1.966228 0.034522  0.019995 0.736613  0.007566 0.000012  -0.000002 0.915602  -0.064783
1.976228 0.034282  0.020175 0.738011  0.008763 0.000011  -0.000002 0.916753  -0.064096
1.986228 0.034046  0.020353 0.739394  0.009954 0.000010  -0.000002 0.917893  -0.063417
1.996228 0.033813  0.020529 0.740762  0.011141 0.000009  -0.000001 0.918956  -0.062740
2.006228 0.033583  0.020703 0.742116  0.012322 0.000008  -0.000001 0.920072  -0.062076
2.016228 0.033356  0.020874 0.743455  0.013498 0.000007  -0.000001 0.921114  -0.061415
2.026228 0.033132  0.021043 0.744780  0.014669 0.000007  -0.000001 0.922144  -0.060761
2.036228 0.032912  0.021210 0.746091  0.015834 0.000006  -0.000001 0.923164  -0.060114
2.046228 0.032694  0.021375 0.747389  0.016995 0.000006  -0.000001 0.924174  -0.059474
2.056228 0.032479  0.021539 0.748673  0.018150 0.000005  -0.000001 0.925173  -0.058842
2.066228 0.032267  0.021700 0.749945  0.019300 0.000005  -0.000001 0.926162  -0.058216
2.076228 0.032058  0.021859 0.751203  0.020445 0.000004  -0.000001 0.927141  -0.057598
2.086228 0.031852  0.022016 0.752448  0.021584 0.000004  -0.000001 0.928110  -0.056986
2.096228 0.031648  0.022172 0.753681  0.022719 0.000003  -0.000001 0.929009  -0.056378
2.106228 0.031447  0.022325 0.754901  0.023848 0.000003  -0.000001 0.929959  -0.055779
2.116228 0.031248  0.022477 0.756109  0.024972 0.000003  -0.000000 0.930840  -0.055184
2.126228 0.031052  0.022627 0.757306  0.026092 0.000003  -0.000000 0.931713  -0.054596
2.136228 0.030858  0.022775 0.758490  0.027206 0.000002  -0.000000 0.932635  -0.054017
2.146228 0.030667  0.022922 0.759663  0.028315 0.000002  -0.000000 0.933491  -0.053442
2.156228 0.030478  0.023067 0.760824  0.029419 0.000002  -0.000000 0.934338  -0.052873
2.166228 0.030292  0.023210 0.761974  0.030518 0.000002  -0.000000 0.935176  -0.052310
2.176228 0.030108  0.023352 0.763113  0.031612 0.000002  -0.000000 0.936007  -0.051754
2.186228 0.029926  0.023492 0.764240  0.032701 0.000002  -0.000000 0.936830  -0.051204
2.196228 0.029746  0.023631 0.765357  0.033785 0.000001  -0.000000 0.937644  -0.050660
2.206228 0.029568  0.023768 0.766464  0.034864 0.000001  -0.000000 0.938452  -0.050122
2.216228 0.029393  0.023903 0.767559  0.035938 0.000001  -0.000000 0.939194  -0.049587
2.226228 0.029220  0.024037 0.768645  0.037007 0.000001  -0.000000 0.939987  -0.049061
2.236228 0.029048  0.024170 0.769720  0.038071 0.000001  -0.000000 0.940715  -0.048538
2.246228 0.028879  0.024301 0.770785  0.039131 0.000001  -0.000000 0.941493  -0.048024
2.256228 0.028712  0.024431 0.771840  0.040185 0.000001  -0.000000 0.942208  -0.047512
2.266228 0.028546  0.024559 0.772886  0.041235 0.000001  -0.000000 0.942916  -0.047006
2.276228 0.028383  0.024686 0.773922  0.042280 0.000001  -0.000000 0.943674  -0.046509
2.286228 0.028221  0.024812 0.774948  0.043321 0.000001  -0.000000 0.944369  -0.046014
2.296228 0.028062  0.024936 0.775965  0.044356 0.000001  -0.000000 0.945058  -0.045525
2.306228 0.027904  0.025059 0.776972  0.045387 0.000000  -0.000000 0.945740  -0.045042
2.316228 0.027748  0.025181 0.777971  0.046413 0.000000  -0.000000 0.946417  -0.044564
2.326228 0.027593  0.025302 0.778961  0.047434 0.000000  -0.000000 0.947088  -0.044091
2.336228 0.027441  0.025421 0.779941  0.048451 0.000000  -0.000000 0.947752  -0.043623
2.346228 0.027290  0.025539 0.780913  0.049463 0.000000  -0.000000 0.948357  -0.043159
2.356228 0.027140  0.025656 0.781876  0.050470 0.000000  -0.000000 0.949010  -0.042701
2.366228 0.026993  0.025771 0.782831  0.051473 0.000000  -0.000000 0.949658  -0.042249
2.376228 0.026847  0.025886 0.783778  0.052471 0.000000  -0.000000 0.950247  -0.041800
2.386228 0.026702  0.025999 0.784716  0.053465 0.000000  -0.000000 0.950883  -0.041358
2.396228 0.026559  0.026112 0.785646  0.054454 0.000000  -0.000000 0.951462  -0.040919
2.406228 0.026418  0.026223 0.786567  0.055439 0.000000  -0.000000 0.952087  -0.040486
2.416228 0.026278  0.026333 0.787481  0.056419 0.000000  -0.000000 0.952655  -0.040057
2.426228 0.026140  0.026442 0.788387  0.057395 0.000000  -0.000000 0.953219  -0.039632
2.436228 0.026003  0.026550 0.789286  0.058366 0.000000  -0.000000 0.953778  -0.039212
2.446228 0.025867  0.026657 0.790176  0.059333 0.000000  -0.000000 0.954383  -0.038798
2.456228 0.025733  0.026762 0.791059  0.060296 0.000000  -0.000000 0.954932  -0.038387
2.466228 0.025600  0.026867 0.791935  0.061254 0.000000  -0.000000 0.955476  -0.037981
2.476228 0.025469  0.026971 0.792803  0.062208 0.000000  -0.000000 0.956016  -0.037579
2.486228 0.025339  0.027074 0.793664  0.063158 0.000000  -0.000000 0.956552  -0.037182
2.496228 0.025211  0.027176 0.794517  0.064103 0.000000  -0.000000 0.957032  -0.036787
2.506228 0.025083  0.027277 0.795364  0.065044 0.000000  -0.000000 0.957559  -0.036399
2.516228 0.024957  0.027377 0.796204  0.065981 0.000000  -0.000000 0.958081  -0.036014
2.526228 0.024832  0.027476 0.797036  0.066913 0.000000  -0.000000 0.958600  -0.035634
2.536228 0.024709  0.027574 0.797862  0.067842 0.000000  -0.000000 0.959064  -0.035257
2.546228 0.024587  0.027671 0.798681  0.068766 0.000000  -0.000000 0.959574  -0.034885
2.556228 0.024466  0.027768 0.799494  0.069686 0.000000  -0.000000 0.960031  -0.034516
2.566228 0.024346  0.027863 0.800300  0.070602 0.000000  -0.000000 0.960533  -0.034153
2.576228 0.024227  0.027958 0.801099  0.071514 0.000000  -0.000000 0.960982  -0.033791
2.586228 0.024109  0.028052 0.801892  0.072422 0.000000  -0.000000 0.961476  -0.033436
2.596228 0.023993  0.028145 0.802679  0.073325 0.000000  -0.000000 0.961918  -0.033083
2.606228 0.023878  0.028237 0.803459  0.074225 0.000000  -0.000000 0.962333  -0.032733
2.616228 0.023764  0.028328 0.804233  0.075121 0.000000  -0.000000 0.962768  -0.032387
2.626228 0.023651  0.028418 0.805001  0.076012 0.000000  -0.000000 0.963295  -0.032049
2.636228 0.023539  0.028508 0.805763  0.076900 0.000000  -0.000000 0.963723  -0.031711
2.646228 0.023428  0.028597 0.806519  0.077784 0.000000  -0.000000 0.964147  -0.031377
2.656228 0.023318  0.028685 0.807269  0.078664 0.000000  -0.000000 0.964569  -0.031047
2.666228 0.023209  0.028773 0.808013  0.079540 0.000000  -0.000000 0.964987  -0.030720
2.676228 0.023101  0.028859 0.808752  0.080412 0.000000  -0.000000 0.965402  -0.030397
2.686228 0.022994  0.028945 0.809485  0.081280 0.000000  -0.000000 0.965813  -0.030077
2.696228 0.022888  0.029030 0.810212  0.082145 0.000000  -0.000000 0.966129  -0.029758
2.706228 0.022783  0.029115 0.810933  0.083005 0.000000  -0.000000 0.966535  -0.029446
2.716228 0.022680  0.029198 0.811649  0.083862 0.000000  -0.000000 0.966937  -0.029137
2.726228 0.022577  0.029281 0.812360  0.084715 0.000000  -0.000000 0.967337  -0.028831
2.736228 0.022475  0.029363 0.813065  0.085565 0.000000  -0.000000 0.967734  -0.028529
2.746228 0.022374  0.029445 0.813765  0.086411 0.000000  -0.000000 0.968127  -0.028230
2.756228 0.022273  0.029526 0.814460  0.087253 0.000000  -0.000000 0.968427  -0.027931
2.766228 0.022174  0.029606 0.815150  0.088091 0.000000  -0.000000 0.968816  -0.027639
2.776228 0.022076  0.029686 0.815834  0.088926 0.000000  -0.000000 0.969201  -0.027349
2.786228 0.021978  0.029765 0.816513  0.089757 0.000000  -0.000000 0.969583  -0.027063
2.796228 0.021881  0.029843 0.817187  0.090584 0.000000  -0.000000 0.969873  -0.026778
2.806228 0.021786  0.029921 0.817857  0.091408 0.000000  -0.000000 0.970251  -0.026498
2.816228 0.021691  0.029998 0.818521  0.092228 0.000000  -0.000000 0.970625  -0.026221
2.826228 0.021596  0.030074 0.819181  0.093045 0.000000  -0.000000 0.970908  -0.025945
2.836228 0.021503  0.030150 0.819835  0.093858 0.000000  -0.000000 0.971277  -0.025674
2.846228 0.021411  0.030225 0.820485  0.094668 0.000000  -0.000000 0.971556  -0.025404
2.856228 0.021319  0.030300 0.821131  0.095475 0.000000  -0.000000 0.971921  -0.025139
2.866228 0.021228  0.030374 0.821771  0.096277 0.000000  -0.000000 0.972282  -0.024877
2.876228 0.021138  0.030447 0.822407  0.097077 0.000000  -0.000000 0.972555  -0.024615
2.886228 0.021048  0.030520 0.823039  0.097873 0.000000  -0.000000 0.972911  -0.024359
2.896228 0.020960  0.030592 0.823666  0.098665 0.000000  -0.000000 0.973180  -0.024103
2.906228 0.020872  0.030664 0.824288  0.099455 0.000000  -0.000000 0.973532  -0.023852
2.916228 0.020785  0.030735 0.824906  0.100240 0.000000  -0.000000 0.973796  -0.023602
2.926228 0.020698  0.030805 0.825520  0.101023 0.000000  -0.000000 0.974058  -0.023355
2.936228 0.020613  0.030876 0.826130  0.101802 0.000000  -0.000000 0.974403  -0.023112
2.946228 0.020528  0.030945 0.826735  0.102578 0.000000  -0.000000 0.974662  -0.022870
2.956228 0.020443  0.031014 0.827336  0.103351 0.000000  -0.000000 0.975002  -0.022632
2.966228 0.020360  0.031082 0.827933  0.104120 0.000000  -0.000000 0.975257  -0.022396
2.976228 0.020277  0.031150 0.828525  0.104886 0.000000  -0.000000 0.975510  -0.022161
2.986228 0.020194  0.031218 0.829114  0.105649 0.000000  -0.000000 0.975844  -0.021932
2.996228 0.020113  0.031285 0.829698  0.106409 0.000000  -0.000000 0.976093  -0.021702
3.006228 0.020032  0.031351 0.830279  0.107166 0.000000  -0.000000 0.976340  -0.021476
3.016228 0.019952  0.031417 0.830855  0.107919 0.000000  -0.000000 0.976586  -0.021251
3.026228 0.019872  0.031482 0.831428  0.108669 0.000000  -0.000000 0.976912  -0.021031
3.036228 0.019793  0.031547 0.831997  0.109416 0.000000  -0.000000 0.977154  -0.020812
3.046228 0.019715  0.031612 0.832562  0.110160 0.000000  -0.000000 0.977394  -0.020595
3.056228 0.019637  0.031676 0.833123  0.110901 0.000000  -0.000000 0.977633  -0.020380
3.066228 0.019560  0.031739 0.833680  0.111639 0.000000  -0.000000 0.977870  -0.020168
3.076228 0.019483  0.031802 0.834234  0.112374 0.000000  -0.000000 0.978187  -0.019959
3.086228 0.019407  0.031865 0.834784  0.113106 0.000000  -0.000000 0.978420  -0.019752
3.096228 0.019332  0.031927 0.835330  0.113835 0.000000  -0.000000 0.978652  -0.019546
3.106228 0.019257  0.031989 0.835872  0.114560 0.000000  -0.000000 0.978883  -0.019343
3.116228 0.019183  0.032050 0.836411  0.115283 0.000000  -0.000000 0.979112  -0.019142
3.126228 0.019110  0.032111 0.836947  0.116003 0.000000  -0.000000 0.979340  -0.018943
3.136228 0.019037  0.032171 0.837479  0.116720 0.000000  -0.000000 0.979566  -0.018746
3.146228 0.018964  0.032231 0.838008  0.117434 0.000000  -0.000000 0.979790  -0.018551
3.156228 0.018892  0.032291 0.838533  0.118145 0.000000  -0.000000 0.980014  -0.018359
3.166228 0.018821  0.032350 0.839054  0.118853 0.000000  -0.000000 0.980235  -0.018168
3.176228 0.018750  0.032408 0.839573  0.119558 0.000000  -0.000000 0.980456  -0.017980
3.186228 0.018680  0.032467 0.840088  0.120261 0.000000  -0.000000 0.980675  -0.017793
3.196228 0.018610  0.032525 0.840599  0.120960 0.000000  -0.000000 0.980892  -0.017609
3.206228 0.018541  0.032582 0.841108  0.121657 0.000000  -0.000000 0.981108  -0.017426
3.216228 0.018472  0.032639 0.841613  0.122351 0.000000  -0.000000 0.981323  -0.017246
3.226228 0.018404  0.032696 0.842115  0.123042 0.000000  -0.000000 0.981536  -0.017067
3.236228 0.018336  0.032752 0.842613  0.123731 0.000000  -0.000000 0.981748  -0.016890
3.246228 0.018269  0.032808 0.843109  0.124416 0.000000  -0.000000 0.981959  -0.016716
3.256228 0.018202  0.032863 0.843601  0.125099 0.000000  -0.000000 0.982168  -0.016543
3.266228 0.018136  0.032919 0.844091  0.125779 0.000000  -0.000000 0.982300  -0.016370
3.276228 0.018070  0.032973 0.844577  0.126457 0.000000  -0.000000 0.982507  -0.016201
3.286228 0.018005  0.033028 0.845060  0.127132 0.000000  -0.000000 0.982713  -0.016034
3.296228 0.017940  0.033082 0.845540  0.127804 0.000000  -0.000000 0.982917  -0.015868
3.306228 0.017875  0.033136 0.846018  0.128473 0.000000  -0.000000 0.983121  -0.015704
3.316228 0.017812  0.033189 0.846492  0.129140 0.000000  -0.000000 0.983248  -0.015541
3.326228 0.017748  0.033242 0.846963  0.129804 0.000000  -0.000000 0.983448  -0.015381
3.336228 0.017685  0.033294 0.847432  0.130466 0.000000  -0.000000 0.983648  -0.015222
3.346228 0.017623  0.033347 0.847898  0.131125 0.000000  -0.000000 0.983847  -0.015065
3.356228 0.017561  0.033399 0.848360  0.131781 0.000000  -0.000000 0.983970  -0.014909
3.366228 0.017499  0.033450 0.848820  0.132435 0.000000  -0.000000 0.984166  -0.014755
3.376228 0.017438  0.033501 0.849277  0.133086 0.000000  -0.000000 0.984361  -0.014603
3.386228 0.017377  0.033552 0.849732  0.133735 0.000000  -0.000000 0.984555  -0.014453
3.396228 0.017317  0.033603 0.850184  0.134381 0.000000  -0.000000 0.984675  -0.014303
3.406228 0.017257  0.033653 0.850632  0.135024 0.000000  -0.000000 0.984866  -0.014156
3.416228 0.017197  0.033703 0.851079  0.135665 0.000000  -0.000000 0.985057  -0.014010
3.426228 0.017138  0.033753 0.851522  0.136304 0.000000  -0.000000 0.985174  -0.013865
3.436228 0.017079  0.033802 0.851963  0.136940 0.000000  -0.000000 0.985363  -0.013723
3.446228 0.017021  0.033851 0.852402  0.137574 0.000000  -0.000000 0.985478  -0.013581
3.456228 0.016963  0.033900 0.852837  0.138205 0.000000  -0.000000 0.985665  -0.013441
3.466228 0.016905  0.033948 0.853270  0.138834 0.000000  -0.000000 0.985850  -0.013303
3.476228 0.016848  0.033996 0.853701  0.139460 0.000000  -0.000000 0.985963  -0.013166
3.486228 0.016792  0.034044 0.854129  0.140084 0.000000  -0.000000 0.986147  -0.013030
3.496228 0.016735  0.034091 0.854555  0.140706 0.000000  -0.000000 0.986258  -0.012896
3.506228 0.016679  0.034139 0.854978  0.141325 0.000000  -0.000000 0.986440  -0.012764
3.516228 0.016624  0.034185 0.855398  0.141942 0.000000  -0.000000 0.986550  -0.012632
3.526228 0.016568  0.034232 0.855817  0.142557 0.000000  -0.000000 0.986729  -0.012502
3.536228 0.016513  0.034278 0.856232  0.143169 0.000000  -0.000000 0.986838  -0.012373
3.546228 0.016459  0.034324 0.856646  0.143779 0.000000  -0.000000 0.987016  -0.012247
3.556228 0.016405  0.034370 0.857057  0.144387 0.000000  -0.000000 0.987123  -0.012120
3.566228 0.016351  0.034415 0.857465  0.144992 0.000000  -0.000000 0.987299  -0.011996
3.576228 0.016298  0.034461 0.857872  0.145595 0.000000  -0.000000 0.987404  -0.011873
3.586228 0.016244  0.034505 0.858276  0.146196 0.000000  -0.000000 0.987578  -0.011751
3.596228 0.016192  0.034550 0.858677  0.146794 0.000000  -0.000000 0.987683  -0.011630
3.606228 0.016139  0.034594 0.859077  0.147390 0.000000  -0.000000 0.987786  -0.011510
3.616228 0.016087  0.034639 0.859474  0.147984 0.000000  -0.000000 0.987958  -0.011393
3.626228 0.016036  0.034682 0.859869  0.148576 0.000000  -0.000000 0.988060  -0.011275
3.636228 0.015984  0.034726 0.860261  0.149166 0.000000  -0.000000 0.988230  -0.011160
3.646228 0.015933  0.034769 0.860652  0.149753 0.000000  -0.000000 0.988331  -0.011045
3.656228 0.015882  0.034812 0.861040  0.150338 0.000000  -0.000000 0.988431  -0.010932
3.666228 0.015832  0.034855 0.861426  0.150922 0.000000  -0.000000 0.988599  -0.010820
3.676228 0.015782  0.034898 0.861810  0.151502 0.000000  -0.000000 0.988698  -0.010709
3.686228 0.015732  0.034940 0.862192  0.152081 0.000000  -0.000000 0.988796  -0.010599
3.696228 0.015683  0.034982 0.862572  0.152658 0.000000  -0.000000 0.988961  -0.010491
3.706228 0.015633  0.035024 0.862949  0.153232 0.000000  -0.000000 0.989059  -0.010383
3.716228 0.015585  0.035065 0.863325  0.153805 0.000000  -0.000000 0.989155  -0.010277
3.726228 0.015536  0.035106 0.863698  0.154375 0.000000  -0.000000 0.989318  -0.010172
3.736228 0.015488  0.035147 0.864070  0.154943 0.000000  -0.000000 0.989414  -0.010067
3.746228 0.015440  0.035188 0.864439  0.155509 0.000000  -0.000000 0.989509  -0.009964
3.756228 0.015392  0.035229 0.864807  0.156073 0.000000  -0.000000 0.989669  -0.009863
3.766228 0.015345  0.035269 0.865172  0.156635 0.000000  -0.000000 0.989763  -0.009762
3.776228 0.015298  0.035309 0.865536  0.157195 0.000000  -0.000000 0.989856  -0.009662
3.786228 0.015251  0.035349 0.865897  0.157753 0.000000  -0.000000 0.989949  -0.009563
3.796228 0.015204  0.035389 0.866257  0.158309 0.000000  -0.000000 0.990041  -0.009465
3.806228 0.015158  0.035428 0.866614  0.158863 0.000000  -0.000000 0.990198  -0.009368
3.816228 0.015112  0.035468 0.866970  0.159415 0.000000  -0.000000 0.990289  -0.009272
3.826228 0.015067  0.035507 0.867324  0.159965 0.000000  -0.000000 0.990380  -0.009178
3.836228 0.015021  0.035545 0.867676  0.160513 0.000000  -0.000000 0.990470  -0.009084
3.846228 0.014976  0.035584 0.868026  0.161059 0.000000  -0.000000 0.990559  -0.008991
3.856228 0.014931  0.035622 0.868374  0.161603 0.000000  -0.000000 0.990713  -0.008899
3.866228 0.014887  0.035660 0.868721  0.162145 0.000000  -0.000000 0.990801  -0.008808
3.876228 0.014843  0.035698 0.869065  0.162685 0.000000  -0.000000 0.990890  -0.008718
3.886228 0.014799  0.035736 0.869408  0.163224 0.000000  -0.000000 0.990977  -0.008629
3.896228 0.014755  0.035773 0.869749  0.163760 0.000000  -0.000000 0.991064  -0.008541
3.906228 0.014711  0.035811 0.870088  0.164294 0.000000  -0.000000 0.991151  -0.008454
3.916228 0.014668  0.035848 0.870426  0.164827 0.000000  -0.000000 0.991237  -0.008368
3.926228 0.014625  0.035885 0.870761  0.165358 0.000000  -0.000000 0.991386  -0.008283
3.936228 0.014582  0.035921 0.871095  0.165886 0.000000  -0.000000 0.991471  -0.008198
3.946228 0.014540  0.035958 0.871427  0.166413 0.000000  -0.000000 0.991556  -0.008114
3.956228 0.014497  0.035994 0.871758  0.166938 0.000000  -0.000000 0.991640  -0.008032
3.966228 0.014455  0.036030 0.872087  0.167462 0.000000  -0.000000 0.991724  -0.007950
3.976228 0.014414  0.036066 0.872414  0.167983 0.000000  -0.000000 0.991808  -0.007869
3.986228 0.014372  0.036102 0.872739  0.168503 0.000000  -0.000000 0.991891  -0.007788
3.996228 0.014331  0.036137 0.873063  0.169020 0.000000  -0.000000 0.991973  -0.007709
