2 0.5 0.5 0.5 0.5 0.5 0.5 0.5 0.5
2.01 0.464733  -0.190658 0.535267  -0.190658 0.439048  -0.190666 0.560952  -0.190666
2.02 0.450248  -0.188188 0.549752  -0.188188 0.414179  -0.188221 0.585834  -0.188221
2.03 0.439217  -0.185740 0.560783  -0.185740 0.395346  -0.185813 0.604667  -0.185813
2.04 0.429986  -0.183311 0.570014  -0.183311 0.379689  -0.183440 0.620324  -0.183440
2.05 0.421913  -0.180902 0.578087  -0.180902 0.366071  -0.181102 0.633942  -0.181102
2.06 0.414668  -0.178513 0.585332  -0.178513 0.353938  -0.178799 0.646049  -0.178799
2.07 0.408054  -0.176142 0.591946  -0.176142 0.342913  -0.176529 0.657074  -0.176529
2.08 0.401942  -0.173791 0.598058  -0.173791 0.332797  -0.174292 0.667215  -0.174292
2.09 0.396243  -0.171459 0.603757  -0.171459 0.323410  -0.172088 0.676577  -0.172088
2.10 0.390891  -0.169145 0.609109  -0.169145 0.314653  -0.169916 0.685336  -0.169916
2.11 0.385837  -0.166849 0.614163  -0.166849 0.306416  -0.167775 0.693596  -0.167775
2.12 0.381042  -0.164572 0.618958  -0.164572 0.298678  -0.165665 0.701311  -0.165665
2.13 0.376476  -0.162312 0.623524  -0.162312 0.291330  -0.163585 0.708659  -0.163585
2.14 0.372113  -0.160071 0.627887  -0.160071 0.284365  -0.161535 0.715624  -0.161535
2.15 0.367932  -0.157846 0.632068  -0.157846 0.277712  -0.159515 0.722277  -0.159515
2.16 0.363917  -0.155639 0.636083  -0.155639 0.271372  -0.157524 0.728639  -0.157524
2.17 0.360053  -0.153448 0.639947  -0.153448 0.265304  -0.155560 0.734685  -0.155560
2.18 0.356326  -0.151275 0.643674  -0.151275 0.259491  -0.153625 0.740520  -0.153625
2.19 0.352726  -0.149118 0.647274  -0.149118 0.253899  -0.151717 0.746112  -0.151717
2.20 0.349244  -0.146978 0.650756  -0.146978 0.248536  -0.149836 0.751475  -0.149836
2.21 0.345871  -0.144853 0.654129  -0.144853 0.243349  -0.147982 0.756661  -0.147982
2.22 0.342600  -0.142745 0.657400  -0.142745 0.238371  -0.146153 0.761640  -0.146153
2.23 0.339424  -0.140652 0.660576  -0.140652 0.233551  -0.144351 0.766460  -0.144351
2.24 0.336337  -0.138576 0.663663  -0.138576 0.228901  -0.142573 0.771088  -0.142573
2.25 0.333333  -0.136514 0.666667  -0.136514 0.224396  -0.140820 0.775614  -0.140820
2.26 0.330409  -0.134468 0.669591  -0.134468 0.220048  -0.139092 0.779963  -0.139092
2.27 0.327560  -0.132437 0.672440  -0.132437 0.215831  -0.137388 0.784179  -0.137388
2.28 0.324781  -0.130421 0.675219  -0.130421 0.211740  -0.135707 0.788270  -0.135707
2.29 0.322069  -0.128419 0.677931  -0.128419 0.207770  -0.134049 0.792220  -0.134049
2.30 0.319421  -0.126432 0.680579  -0.126432 0.203918  -0.132415 0.796112  -0.132415
2.31 0.316834  -0.124460 0.683166  -0.124460 0.200177  -0.130802 0.799852  -0.130802
2.32 0.314305  -0.122502 0.685695  -0.122502 0.196546  -0.129212 0.803444  -0.129212
2.33 0.311831  -0.120558 0.688169  -0.120558 0.193000  -0.127644 0.806971  -0.127644
2.34 0.309409  -0.118627 0.690591  -0.118627 0.189576  -0.126097 0.810434  -0.126097
2.35 0.307039  -0.116711 0.692961  -0.116711 0.186216  -0.124571 0.813760  -0.124571
2.36 0.304717  -0.114808 0.695283  -0.114808 0.182957  -0.123066 0.817029  -0.123066
2.37 0.302441  -0.112918 0.697559  -0.112918 0.179782  -0.121582 0.820241  -0.121582
2.38 0.300210  -0.111042 0.699790  -0.111042 0.176679  -0.120117 0.823326  -0.120117
2.39 0.298022  -0.109179 0.701978  -0.109179 0.173663  -0.118672 0.826360  -0.118672
2.40 0.295876  -0.107329 0.704124  -0.107329 0.170715  -0.117247 0.829272  -0.117247
2.41 0.293769  -0.105492 0.706231  -0.105492 0.167841  -0.115841 0.832137  -0.115841
2.42 0.291701  -0.103668 0.708299  -0.103668 0.165039  -0.114453 0.834957  -0.114453
2.43 0.289670  -0.101856 0.710330  -0.101856 0.162299  -0.113085 0.837732  -0.113085
2.44 0.287675  -0.100057 0.712325  -0.100057 0.159618  -0.111734 0.840395  -0.111734
2.45 0.285714  -0.098270 0.714286  -0.098270 0.157004  -0.110402 0.843018  -0.110402
2.46 0.283787  -0.096495 0.716213  -0.096495 0.154456  -0.109087 0.845531  -0.109087
2.47 0.281893  -0.094732 0.718107  -0.094732 0.151953  -0.107790 0.848077  -0.107790
2.48 0.280029  -0.092981 0.719971  -0.092981 0.149513  -0.106509 0.850517  -0.106509
2.49 0.278197  -0.091242 0.721803  -0.091242 0.147125  -0.105246 0.852853  -0.105246
2.50 0.276393  -0.089514 0.723607  -0.089514 0.144797  -0.104000 0.855224  -0.104000
2.51 0.274619  -0.087799 0.725381  -0.087799 0.142509  -0.102770 0.857495  -0.102770
2.52 0.272872  -0.086094 0.727128  -0.086094 0.140271  -0.101556 0.859734  -0.101556
2.53 0.271152  -0.084401 0.728848  -0.084401 0.138087  -0.100358 0.861942  -0.100358
2.54 0.269458  -0.082719 0.730542  -0.082719 0.135942  -0.099175 0.864054  -0.099175
2.55 0.267790  -0.081048 0.732210  -0.081048 0.133842  -0.098008 0.866138  -0.098008
2.56 0.266146  -0.079388 0.733854  -0.079388 0.131786  -0.096857 0.868194  -0.096857
2.57 0.264527  -0.077739 0.735473  -0.077739 0.129773  -0.095720 0.870223  -0.095720
2.58 0.262931  -0.076101 0.737069  -0.076101 0.127803  -0.094598 0.872225  -0.094598
2.59 0.261358  -0.074473 0.738642  -0.074473 0.125866  -0.093490 0.874138  -0.093490
2.60 0.259808  -0.072856 0.740192  -0.072856 0.123969  -0.092397 0.876027  -0.092397
2.61 0.258279  -0.071249 0.741721  -0.071249 0.122113  -0.091318 0.877891  -0.091318
2.62 0.256771  -0.069652 0.743229  -0.069652 0.120295  -0.090253 0.879733  -0.090253
2.63 0.255284  -0.068066 0.744716  -0.068066 0.118507  -0.089202 0.881489  -0.089202
2.64 0.253817  -0.066490 0.746183  -0.066490 0.116750  -0.088164 0.883223  -0.088164
2.65 0.252370  -0.064924 0.747630  -0.064924 0.115037  -0.087139 0.884936  -0.087139
2.66 0.250942  -0.063367 0.749058  -0.063367 0.113352  -0.086128 0.886629  -0.086128
2.67 0.249532  -0.061821 0.750468  -0.061821 0.111695  -0.085129 0.888301  -0.085129
2.68 0.248141  -0.060284 0.751859  -0.060284 0.110073  -0.084143 0.889954  -0.084143
2.69 0.246768  -0.058757 0.753232  -0.058757 0.108477  -0.083170 0.891527  -0.083170
2.70 0.245412  -0.057239 0.754588  -0.057239 0.106915  -0.082209 0.893081  -0.082209
2.71 0.244074  -0.055731 0.755926  -0.055731 0.105378  -0.081260 0.894618  -0.081260
2.72 0.242752  -0.054232 0.757248  -0.054232 0.103867  -0.080324 0.896137  -0.080324
2.73 0.241447  -0.052742 0.758553  -0.052742 0.102387  -0.079399 0.897639  -0.079399
2.74 0.240157  -0.051261 0.759843  -0.051261 0.100939  -0.078485 0.899065  -0.078485
2.75 0.238884  -0.049790 0.761116  -0.049790 0.099507  -0.077584 0.900475  -0.077584
2.76 0.237625  -0.048327 0.762375  -0.048327 0.098105  -0.076693 0.901869  -0.076693
2.77 0.236382  -0.046873 0.763618  -0.046873 0.096726  -0.075814 0.903249  -0.075814
2.78 0.235153  -0.045428 0.764847  -0.045428 0.095377  -0.074946 0.904613  -0.074946
2.79 0.233939  -0.043992 0.766061  -0.043992 0.094042  -0.074088 0.905962  -0.074088
2.80 0.232739  -0.042564 0.767261  -0.042564 0.092735  -0.073242 0.907240  -0.073242
2.81 0.231553  -0.041145 0.768447  -0.041145 0.091450  -0.072406 0.908561  -0.072406
2.82 0.230380  -0.039735 0.769620  -0.039735 0.090185  -0.071580 0.909811  -0.071580
2.83 0.229220  -0.038333 0.770780  -0.038333 0.088948  -0.070765 0.911048  -0.070765
2.84 0.228074  -0.036939 0.771926  -0.036939 0.087724  -0.069959 0.912273  -0.069959
2.85 0.226941  -0.035553 0.773059  -0.035553 0.086526  -0.069164 0.913484  -0.069164
2.86 0.225820  -0.034176 0.774180  -0.034176 0.085347  -0.068378 0.914628  -0.068378
2.87 0.224711  -0.032806 0.775289  -0.032806 0.084188  -0.067603 0.915816  -0.067603
2.88 0.223615  -0.031445 0.776385  -0.031445 0.083047  -0.066836 0.916936  -0.066836
2.89 0.222530  -0.030091 0.777470  -0.030091 0.081924  -0.066079 0.918100  -0.066079
2.90 0.221457  -0.028746 0.778543  -0.028746 0.080820  -0.065332 0.919197  -0.065332
2.91 0.220395  -0.027408 0.779605  -0.027408 0.079739  -0.064594 0.920284  -0.064594
2.92 0.219345  -0.026078 0.780655  -0.026078 0.078670  -0.063864 0.921307  -0.063864
2.93 0.218306  -0.024755 0.781694  -0.024755 0.077618  -0.063144 0.922372  -0.063144
2.94 0.217278  -0.023441 0.782722  -0.023441 0.076582  -0.062432 0.923428  -0.062432
2.95 0.216260  -0.022133 0.783740  -0.022133 0.075570  -0.061730 0.924420  -0.061730
2.96 0.215253  -0.020833 0.784747  -0.020833 0.074568  -0.061035 0.925455  -0.061035
2.97 0.214256  -0.019541 0.785744  -0.019541 0.073582  -0.060349 0.926428  -0.060349
2.98 0.213269  -0.018256 0.786731  -0.018256 0.072612  -0.059672 0.927392  -0.059672
2.99 0.212292  -0.016978 0.787708  -0.016978 0.071657  -0.059003 0.928346  -0.059003
3.00 0.211325  -0.015707 0.788675  -0.015707 0.070718  -0.058341 0.929292  -0.058341
3.01 0.210367  -0.014443 0.789633  -0.014443 0.069794  -0.057688 0.930228  -0.057688
3.02 0.209419  -0.013186 0.790581  -0.013186 0.068885  -0.057043 0.931105  -0.057043
3.03 0.208481  -0.011937 0.791519  -0.011937 0.067991  -0.056405 0.932025  -0.056405
3.04 0.207551  -0.010694 0.792449  -0.010694 0.067105  -0.055775 0.932885  -0.055775
3.05 0.206631  -0.009458 0.793369  -0.009458 0.066240  -0.055153 0.933738  -0.055153
3.06 0.205719  -0.008229 0.794281  -0.008229 0.065383  -0.054538 0.934633  -0.054538
3.07 0.204816  -0.007007 0.795184  -0.007007 0.064546  -0.053931 0.935470  -0.053931
3.08 0.203922  -0.005791 0.796078  -0.005791 0.063716  -0.053331 0.936299  -0.053331
3.09 0.203036  -0.004582 0.796964  -0.004582 0.062894  -0.052738 0.937121  -0.052738
3.10 0.202158  -0.003380 0.797842  -0.003380 0.062092  -0.052152 0.937887  -0.052152
3.11 0.201289  -0.002184 0.798711  -0.002184 0.061301  -0.051573 0.938694  -0.051573
3.12 0.200428  -0.000995 0.799572  -0.000995 0.060519  -0.051001 0.939495  -0.051001
3.13 0.199574  0.000188 0.800426  0.000188 0.059750  -0.050436 0.940240  -0.050436
3.14 0.198729  0.001365 0.801271  0.001365 0.058993  -0.049877 0.941027  -0.049877
3.15 0.197891  0.002535 0.802109  0.002535 0.058246  -0.049326 0.941758  -0.049326
3.16 0.197061  0.003699 0.802939  0.003699 0.057512  -0.048780 0.942484  -0.048780
3.17 0.196238  0.004857 0.803762  0.004857 0.056789  -0.048241 0.943203  -0.048241
3.18 0.195423  0.006009 0.804577  0.006009 0.056073  -0.047709 0.943916  -0.047709
3.19 0.194615  0.007154 0.805385  0.007154 0.055372  -0.047183 0.944623  -0.047183
3.20 0.193814  0.008294 0.806186  0.008294 0.054677  -0.046663 0.945324  -0.046663
3.21 0.193020  0.009428 0.806980  0.009428 0.053997  -0.046149 0.946043  -0.046149
3.22 0.192233  0.010555 0.807767  0.010555 0.053322  -0.045641 0.946638  -0.045641
3.23 0.191453  0.011677 0.808547  0.011677 0.052659  -0.045139 0.947322  -0.045139
3.24 0.190680  0.012793 0.809320  0.012793 0.052004  -0.044643 0.948001  -0.044643
3.25 0.189913  0.013903 0.810087  0.013903 0.051360  -0.044153 0.948673  -0.044153
3.26 0.189153  0.015007 0.810847  0.015007 0.050724  -0.043669 0.949248  -0.043669
3.27 0.188400  0.016106 0.811600  0.016106 0.050100  -0.043190 0.949910  -0.043190
3.28 0.187652  0.017199 0.812348  0.017199 0.049483  -0.042717 0.950476  -0.042717
3.29 0.186912  0.018286 0.813088  0.018286 0.048874  -0.042250 0.951127  -0.042250
3.30 0.186177  0.019368 0.813823  0.019368 0.048273  -0.041787 0.951683  -0.041787
3.31 0.185449  0.020444 0.814551  0.020444 0.047682  -0.041331 0.952325  -0.041331
3.32 0.184726  0.021515 0.815274  0.021515 0.047099  -0.040879 0.952871  -0.040879
3.33 0.184010  0.022581 0.815990  0.022581 0.046523  -0.040433 0.953503  -0.040433
3.34 0.183299  0.023640 0.816701  0.023640 0.045958  -0.039992 0.954041  -0.039992
3.35 0.182594  0.024695 0.817406  0.024695 0.045396  -0.039556 0.954574  -0.039556
3.36 0.181895  0.025744 0.818105  0.025744 0.044845  -0.039125 0.955192  -0.039125
3.37 0.181202  0.026788 0.818798  0.026788 0.044304  -0.038699 0.955717  -0.038699
3.38 0.180514  0.027827 0.819486  0.027827 0.043767  -0.038279 0.956238  -0.038279
3.39 0.179832  0.028861 0.820168  0.028861 0.043236  -0.037862 0.956754  -0.037862
3.40 0.179156  0.029889 0.820844  0.029889 0.042715  -0.037451 0.957267  -0.037451
3.41 0.178484  0.030913 0.821516  0.030913 0.042201  -0.037045 0.957776  -0.037045
3.42 0.177818  0.031931 0.822182  0.031931 0.041694  -0.036643 0.958280  -0.036643
3.43 0.177157  0.032945 0.822843  0.032945 0.041193  -0.036245 0.958782  -0.036245
3.44 0.176502  0.033953 0.823498  0.033953 0.040698  -0.035853 0.959279  -0.035853
3.45 0.175851  0.034956 0.824149  0.034956 0.040213  -0.035465 0.959772  -0.035465
3.46 0.175206  0.035955 0.824794  0.035955 0.039731  -0.035081 0.960262  -0.035081
3.47 0.174565  0.036948 0.825435  0.036948 0.039258  -0.034701 0.960748  -0.034701
3.48 0.173930  0.037937 0.826070  0.037937 0.038792  -0.034326 0.961231  -0.034326
3.49 0.173299  0.038921 0.826701  0.038921 0.038328  -0.033956 0.961710  -0.033956
3.50 0.172673  0.039900 0.827327  0.039900 0.037874  -0.033589 0.962101  -0.033589
3.51 0.172052  0.040875 0.827948  0.040875 0.037425  -0.033227 0.962574  -0.033227
3.52 0.171436  0.041845 0.828564  0.041845 0.036982  -0.032869 0.963043  -0.032869
3.53 0.170824  0.042810 0.829176  0.042810 0.036545  -0.032515 0.963425  -0.032515
3.54 0.170217  0.043770 0.829783  0.043770 0.036114  -0.032165 0.963887  -0.032165
3.55 0.169614  0.044726 0.830386  0.044726 0.035686  -0.031818 0.964346  -0.031818
3.56 0.169016  0.045678 0.830984  0.045678 0.035266  -0.031476 0.964720  -0.031476
3.57 0.168422  0.046625 0.831578  0.046625 0.034852  -0.031138 0.965173  -0.031138
3.58 0.167833  0.047567 0.832167  0.047567 0.034443  -0.030804 0.965540  -0.030803
3.59 0.167247  0.048505 0.832753  0.048505 0.034040  -0.030473 0.965987  -0.030473
3.60 0.166667  0.049439 0.833333  0.049439 0.033642  -0.030146 0.966349  -0.030146
3.61 0.166090  0.050368 0.833910  0.050368 0.033247  -0.029823 0.966790  -0.029823
3.62 0.165518  0.051293 0.834482  0.051293 0.032859  -0.029503 0.967147  -0.029503
3.63 0.164949  0.052213 0.835051  0.052213 0.032477  -0.029187 0.967501  -0.029187
3.64 0.164385  0.053130 0.835615  0.053130 0.032098  -0.028875 0.967934  -0.028875
3.65 0.163825  0.054042 0.836175  0.054042 0.031726  -0.028566 0.968283  -0.028566
3.66 0.163269  0.054949 0.836731  0.054949 0.031357  -0.028260 0.968630  -0.028260
3.67 0.162716  0.055853 0.837284  0.055853 0.030992  -0.027958 0.968974  -0.027958
3.68 0.162168  0.056752 0.837832  0.056752 0.030633  -0.027660 0.969396  -0.027659
3.69 0.161624  0.057648 0.838376  0.057648 0.030279  -0.027364 0.969735  -0.027364
3.70 0.161083  0.058539 0.838917  0.058539 0.029929  -0.027072 0.970072  -0.027072
3.71 0.160546  0.059426 0.839454  0.059426 0.029584  -0.026784 0.970407  -0.026784
3.72 0.160013  0.060309 0.839987  0.060309 0.029244  -0.026498 0.970740  -0.026498
3.73 0.159483  0.061188 0.840517  0.061188 0.028907  -0.026216 0.971070  -0.026216
3.74 0.158957  0.062063 0.841043  0.062063 0.028574  -0.025937 0.971399  -0.025937
3.75 0.158435  0.062934 0.841565  0.062934 0.028245  -0.025661 0.971725  -0.025661
3.76 0.157916  0.063802 0.842084  0.063802 0.027921  -0.025388 0.972049  -0.025388
3.77 0.157401  0.064665 0.842599  0.064665 0.027602  -0.025118 0.972370  -0.025118
3.78 0.156889  0.065524 0.843111  0.065524 0.027285  -0.024851 0.972690  -0.024851
3.79 0.156381  0.066380 0.843619  0.066380 0.026975  -0.024587 0.973007  -0.024587
3.80 0.155876  0.067232 0.844124  0.067232 0.026666  -0.024326 0.973323  -0.024326
3.81 0.155375  0.068080 0.844625  0.068080 0.026362  -0.024068 0.973636  -0.024068
3.82 0.154877  0.068924 0.845123  0.068924 0.026061  -0.023813 0.973948  -0.023813
3.83 0.154382  0.069764 0.845618  0.069764 0.025765  -0.023560 0.974257  -0.023560
3.84 0.153891  0.070601 0.846109  0.070601 0.025472  -0.023311 0.974564  -0.023310
3.85 0.153402  0.071434 0.846598  0.071434 0.025183  -0.023064 0.974795  -0.023064
3.86 0.152917  0.072264 0.847083  0.072264 0.024898  -0.022820 0.975099  -0.022820
3.87 0.152436  0.073089 0.847564  0.073089 0.024615  -0.022578 0.975400  -0.022578
3.88 0.151957  0.073911 0.848043  0.073911 0.024336  -0.022339 0.975700  -0.022339
3.89 0.151481  0.074730 0.848519  0.074730 0.024061  -0.022103 0.975924  -0.022103
3.90 0.151009  0.075545 0.848991  0.075545 0.023790  -0.021870 0.976221  -0.021870
3.91 0.150539  0.076357 0.849461  0.076357 0.023521  -0.021639 0.976515  -0.021639
3.92 0.150073  0.077164 0.849927  0.077164 0.023255  -0.021410 0.976734  -0.021410
3.93 0.149609  0.077969 0.850391  0.077969 0.022994  -0.021184 0.977025  -0.021184
3.94 0.149149  0.078770 0.850851  0.078770 0.022735  -0.020961 0.977242  -0.020961
3.95 0.148691  0.079568 0.851309  0.079568 0.022479  -0.020740 0.977529  -0.020740
3.96 0.148237  0.080362 0.851763  0.080362 0.022227  -0.020522 0.977743  -0.020521
3.97 0.147785  0.081152 0.852215  0.081152 0.021978  -0.020305 0.978027  -0.020305
3.98 0.147336  0.081940 0.852664  0.081940 0.021731  -0.020092 0.978238  -0.020092
3.99 0.146890  0.082724 0.853110  0.082724 0.021489  -0.019880 0.978519  -0.019880
4.00 0.146447  0.083504 0.853553  0.083504 0.021248  -0.019671 0.978727  -0.019671
