1.04721 0.309017 0.309017 0.309017 0.309017 0.309017 0.309017 0.309017 0.309017
1.05721 0.265853  -0.090985 0.355792  -0.114499 0.234610  -0.082830 0.389695  -0.123376
1.06721 0.249242  -0.084780 0.375949  -0.117433 0.206548  -0.073829 0.424112  -0.129900
1.07721 0.237042  -0.079849 0.391628  -0.119116 0.186426  -0.067102 0.450798  -0.134269
1.08721 0.227135  -0.075608 0.404951  -0.120131 0.170109  -0.061522 0.472921  -0.137366
1.09721 0.218697  -0.071828 0.416742  -0.120706 0.156621  -0.056802 0.492550  -0.139752
1.10721 0.211304  -0.068387 0.427428  -0.120965 0.144968  -0.052665 0.510095  -0.141554
1.11721 0.204702  -0.065213 0.437263  -0.120979 0.134729  -0.048987 0.526101  -0.142927
1.12721 0.198727  -0.062256 0.446415  -0.120798 0.125593  -0.045678 0.540768  -0.143934
1.13721 0.193263  -0.059481 0.454999  -0.120457 0.117401  -0.042686 0.554442  -0.144671
1.14721 0.188227  -0.056864 0.463101  -0.119981 0.109976  -0.039958 0.567194  -0.145163
1.15721 0.183554  -0.054383 0.470787  -0.119391 0.103257  -0.037470 0.579301  -0.145484
1.16721 0.179195  -0.052023 0.478108  -0.118701 0.097065  -0.035174 0.590599  -0.145602
1.17721 0.175110  -0.049772 0.485103  -0.117926 0.091373  -0.033056 0.601367  -0.145587
1.18721 0.171269  -0.047619 0.491807  -0.117074 0.086149  -0.031103 0.611613  -0.145446
1.19721 0.167643  -0.045554 0.498247  -0.116155 0.081276  -0.029283 0.621327  -0.145181
1.20721 0.164211  -0.043571 0.504447  -0.115177 0.076781  -0.027597 0.630664  -0.144830
1.21721 0.160954  -0.041663 0.510426  -0.114146 0.072561  -0.026019 0.639483  -0.144366
1.22721 0.157856  -0.039824 0.516201  -0.113068 0.068665  -0.024555 0.647988  -0.143836
1.23721 0.154904  -0.038050 0.521788  -0.111946 0.065007  -0.023184 0.656198  -0.143247
1.24721 0.152085  -0.036335 0.527199  -0.110787 0.061587  -0.021901 0.664013  -0.142579
1.25721 0.149388  -0.034677 0.532447  -0.109592 0.058375  -0.020699 0.671566  -0.141864
1.26721 0.146805  -0.033071 0.537541  -0.108366 0.055363  -0.019571 0.678814  -0.141094
1.27721 0.144326  -0.031514 0.542491  -0.107112 0.052539  -0.018514 0.685882  -0.140294
1.28721 0.141945  -0.030004 0.547305  -0.105833 0.049870  -0.017519 0.692613  -0.139438
1.29721 0.139656  -0.028537 0.551990  -0.104530 0.047365  -0.016584 0.699130  -0.138550
1.30721 0.137451  -0.027113 0.556554  -0.103207 0.045002  -0.015705 0.705443  -0.137633
1.31721 0.135326  -0.025728 0.561002  -0.101864 0.042770  -0.014876 0.711559  -0.136689
1.32721 0.133276  -0.024380 0.565340  -0.100505 0.040663  -0.014095 0.717487  -0.135722
1.33721 0.131296  -0.023068 0.569574  -0.099130 0.038673  -0.013359 0.723181  -0.134724
1.34721 0.129382  -0.021790 0.573708  -0.097741 0.036792  -0.012665 0.728754  -0.133716
1.35721 0.127531  -0.020544 0.577747  -0.096340 0.035007  -0.012009 0.734107  -0.132682
1.36721 0.125739  -0.019329 0.581694  -0.094927 0.033322  -0.011390 0.739350  -0.131641
1.37721 0.124003  -0.018144 0.585555  -0.093505 0.031725  -0.010805 0.744387  -0.130578
1.38721 0.122320  -0.016988 0.589331  -0.092073 0.030208  -0.010252 0.749323  -0.129512
1.39721 0.120688  -0.015858 0.593027  -0.090634 0.028775  -0.009729 0.754112  -0.128435
1.40721 0.119103  -0.014754 0.596646  -0.089188 0.027411  -0.009234 0.758761  -0.127348
1.41721 0.117565  -0.013676 0.600191  -0.087736 0.026120  -0.008767 0.763272  -0.126254
1.42721 0.116069  -0.012621 0.603664  -0.086279 0.024892  -0.008324 0.767699  -0.125159
1.43721 0.114615  -0.011590 0.607068  -0.084817 0.023723  -0.007904 0.771949  -0.124052
1.44721 0.113201  -0.010581 0.610405  -0.083352 0.022617  -0.007507 0.776168  -0.122954
1.45721 0.111825  -0.009593 0.613678  -0.081883 0.021562  -0.007131 0.780218  -0.121844
1.46721 0.110484  -0.008626 0.616889  -0.080412 0.020558  -0.006774 0.784150  -0.120731
1.47721 0.109179  -0.007679 0.620041  -0.078939 0.019606  -0.006436 0.788012  -0.119622
1.48721 0.107906  -0.006751 0.623134  -0.077465 0.018699  -0.006115 0.791808  -0.118518
1.49721 0.106666  -0.005842 0.626171  -0.075989 0.017836  -0.005811 0.795448  -0.117406
1.50721 0.105456  -0.004950 0.629153  -0.074514 0.017016  -0.005523 0.799027  -0.116300
1.51721 0.104275  -0.004076 0.632083  -0.073038 0.016232  -0.005250 0.802546  -0.115200
1.52721 0.103123  -0.003219 0.634962  -0.071562 0.015488  -0.004990 0.805962  -0.114100
1.53721 0.101997  -0.002378 0.637791  -0.070088 0.014779  -0.004744 0.809279  -0.113001
1.54721 0.100898  -0.001553 0.640572  -0.068614 0.014102  -0.004510 0.812498  -0.111904
1.55721 0.099824  -0.000743 0.643306  -0.067142 0.013458  -0.004288 0.815710  -0.110820
1.56721 0.098774  0.000052 0.645995  -0.065672 0.012845  -0.004077 0.818784  -0.109732
1.57721 0.097748  0.000833 0.648640  -0.064203 0.012259  -0.003877 0.821811  -0.108652
1.58721 0.096744  0.001599 0.651242  -0.062737 0.011701  -0.003687 0.824791  -0.107581
1.59721 0.095762  0.002353 0.653802  -0.061274 0.011169  -0.003506 0.827683  -0.106512
1.60721 0.094801  0.003093 0.656321  -0.059813 0.010662  -0.003335 0.830531  -0.105453
1.61721 0.093860  0.003820 0.658801  -0.058355 0.010178  -0.003172 0.833274  -0.104394
1.62721 0.092939  0.004535 0.661242  -0.056901 0.009717  -0.003017 0.836038  -0.103351
1.63721 0.092036  0.005238 0.663646  -0.055450 0.009277  -0.002870 0.838680  -0.102308
1.64721 0.091152  0.005929 0.666013  -0.054003 0.008857  -0.002730 0.841283  -0.101274
1.65721 0.090286  0.006609 0.668344  -0.052559 0.008456  -0.002597 0.843767  -0.100239
1.66721 0.089438  0.007278 0.670641  -0.051119 0.008074  -0.002471 0.846296  -0.099223
1.67721 0.088605  0.007935 0.672903  -0.049684 0.007709  -0.002351 0.848710  -0.098208
1.68721 0.087789  0.008583 0.675133  -0.048252 0.007361  -0.002237 0.851089  -0.097202
1.69721 0.086989  0.009220 0.677330  -0.046825 0.007029  -0.002128 0.853436  -0.096205
1.70721 0.086204  0.009847 0.679496  -0.045403 0.006711  -0.002025 0.855750  -0.095218
1.71721 0.085433  0.010464 0.681631  -0.043985 0.006409  -0.001926 0.857954  -0.094232
1.72721 0.084677  0.011072 0.683735  -0.042571 0.006119  -0.001833 0.860129  -0.093255
1.73721 0.083935  0.011671 0.685811  -0.041163 0.005844  -0.001744 0.862274  -0.092288
1.74721 0.083206  0.012261 0.687857  -0.039759 0.005580  -0.001660 0.864390  -0.091331
1.75721 0.082491  0.012841 0.689876  -0.038360 0.005328  -0.001579 0.866478  -0.090383
1.76721 0.081788  0.013414 0.691867  -0.036966 0.005088  -0.001503 0.868539  -0.089445
1.77721 0.081098  0.013977 0.693831  -0.035578 0.004858  -0.001430 0.870498  -0.088509
1.78721 0.080419  0.014533 0.695768  -0.034194 0.004640  -0.001361 0.872432  -0.087582
1.79721 0.079753  0.015081 0.697680  -0.032816 0.004430  -0.001295 0.874341  -0.086665
1.80721 0.079097  0.015620 0.699567  -0.031443 0.004230  -0.001233 0.876225  -0.085757
1.81721 0.078453  0.016153 0.701429  -0.030076 0.004040  -0.001173 0.878086  -0.084859
1.82721 0.077820  0.016677 0.703267  -0.028713 0.003857  -0.001117 0.879851  -0.083963
1.83721 0.077197  0.017195 0.705081  -0.027357 0.003683  -0.001063 0.881665  -0.083083
1.84721 0.076585  0.017705 0.706872  -0.026005 0.003517  -0.001011 0.883386  -0.082206
1.85721 0.075982  0.018208 0.708641  -0.024659 0.003359  -0.000963 0.885085  -0.081339
1.86721 0.075390  0.018704 0.710387  -0.023319 0.003207  -0.000916 0.886764  -0.080480
1.87721 0.074806  0.019194 0.712111  -0.021984 0.003062  -0.000872 0.888422  -0.079631
1.88721 0.074233  0.019677 0.713814  -0.020655 0.002924  -0.000830 0.890060  -0.078791
1.89721 0.073668  0.020154 0.715496  -0.019332 0.002792  -0.000790 0.891609  -0.077953
1.90721 0.073112  0.020625 0.717158  -0.018014 0.002665  -0.000752 0.893209  -0.077131
1.91721 0.072564  0.021089 0.718799  -0.016702 0.002545  -0.000715 0.894721  -0.076312
1.92721 0.072025  0.021547 0.720421  -0.015395 0.002430  -0.000681 0.896216  -0.075502
1.93721 0.071494  0.022000 0.722023  -0.014094 0.002320  -0.000648 0.897693  -0.074700
1.94721 0.070972  0.022447 0.723606  -0.012799 0.002215  -0.000617 0.899153  -0.073908
1.95721 0.070457  0.022888 0.725171  -0.011509 0.002115  -0.000587 0.900529  -0.073118
1.96721 0.069949  0.023323 0.726717  -0.010225 0.002019  -0.000559 0.901956  -0.072343
1.97721 0.069450  0.023753 0.728245  -0.008947 0.001927  -0.000532 0.903300  -0.071571
1.98721 0.068957  0.024178 0.729756  -0.007674 0.001840  -0.000506 0.904695  -0.070812
1.99721 0.068472  0.024597 0.731249  -0.006408 0.001756  -0.000482 0.906009  -0.070057
2.00721 0.067993  0.025012 0.732725  -0.005146 0.001677  -0.000459 0.907309  -0.069310
2.01721 0.067522  0.025421 0.734185  -0.003891 0.001601  -0.000436 0.908593  -0.068572
2.02721 0.067057  0.025826 0.735628  -0.002641 0.001528  -0.000415 0.909864  -0.067841
2.03721 0.066599  0.026225 0.737055  -0.001397 0.001458  -0.000395 0.911121  -0.067119
2.04721 0.066147  0.026620 0.738466  -0.000159 0.001392  -0.000376 0.912300  -0.066400
2.05721 0.065701  0.027011 0.739861  0.001074 0.001329  -0.000358 0.913530  -0.065694
2.06721 0.065261  0.027396 0.741241  0.002301 0.001268  -0.000341 0.914684  -0.064991
2.07721 0.064828  0.027778 0.742606  0.003523 0.001211  -0.000324 0.915888  -0.064300
2.08721 0.064400  0.028154 0.743957  0.004739 0.001155  -0.000309 0.917017  -0.063613
2.09721 0.063978  0.028527 0.745292  0.005949 0.001103  -0.000294 0.918134  -0.062933
2.10721 0.063562  0.028895 0.746614  0.007153 0.001052  -0.000280 0.919239  -0.062261
2.11721 0.063151  0.029259 0.747921  0.008353 0.001004  -0.000266 0.920333  -0.061596
2.12721 0.062746  0.029619 0.749215  0.009546 0.000959  -0.000253 0.921415  -0.060939
2.13721 0.062346  0.029975 0.750495  0.010734 0.000915  -0.000241 0.922426  -0.060286
2.14721 0.061951  0.030327 0.751761  0.011916 0.000873  -0.000230 0.923486  -0.059643
2.15721 0.061561  0.030676 0.753015  0.013093 0.000833  -0.000218 0.924475  -0.059004
2.16721 0.061176  0.031020 0.754255  0.014265 0.000795  -0.000208 0.925515  -0.058376
2.17721 0.060796  0.031361 0.755483  0.015431 0.000758  -0.000198 0.926484  -0.057751
2.18721 0.060421  0.031697 0.756698  0.016591 0.000724  -0.000188 0.927443  -0.057134
2.19721 0.060050  0.032031 0.757901  0.017746 0.000691  -0.000179 0.928393  -0.056523
2.20721 0.059685  0.032361 0.759091  0.018896 0.000659  -0.000171 0.929333  -0.055919
2.21721 0.059323  0.032687 0.760270  0.020040 0.000629  -0.000162 0.930264  -0.055322
2.22721 0.058966  0.033010 0.761437  0.021179 0.000600  -0.000155 0.931186  -0.054732
2.23721 0.058614  0.033329 0.762592  0.022313 0.000572  -0.000147 0.932099  -0.054148
2.24721 0.058266  0.033645 0.763736  0.023441 0.000546  -0.000140 0.932945  -0.053567
2.25721 0.057922  0.033958 0.764868  0.024564 0.000521  -0.000133 0.933841  -0.052997
2.26721 0.057582  0.034268 0.765990  0.025681 0.000497  -0.000127 0.934670  -0.052429
2.27721 0.057246  0.034574 0.767101  0.026794 0.000474  -0.000121 0.935549  -0.051871
2.28721 0.056914  0.034877 0.768200  0.027901 0.000452  -0.000115 0.936363  -0.051317
2.29721 0.056586  0.035177 0.769290  0.029003 0.000431  -0.000109 0.937169  -0.050768
2.30721 0.056262  0.035475 0.770369  0.030100 0.000411  -0.000104 0.937967  -0.050226
2.31721 0.055941  0.035769 0.771437  0.031191 0.000392  -0.000099 0.938758  -0.049690
2.32721 0.055625  0.036060 0.772496  0.032278 0.000374  -0.000094 0.939541  -0.049160
2.33721 0.055312  0.036349 0.773544  0.033359 0.000357  -0.000090 0.940318  -0.048636
2.34721 0.055002  0.036634 0.774583  0.034435 0.000341  -0.000085 0.941087  -0.048117
2.35721 0.054696  0.036917 0.775612  0.035507 0.000325  -0.000081 0.941849  -0.047605
2.36721 0.054394  0.037197 0.776631  0.036573 0.000310  -0.000077 0.942549  -0.047096
2.37721 0.054095  0.037475 0.777641  0.037634 0.000295  -0.000073 0.943297  -0.046595
2.38721 0.053799  0.037749 0.778642  0.038691 0.000282  -0.000070 0.944039  -0.046099
2.39721 0.053506  0.038021 0.779633  0.039742 0.000269  -0.000067 0.944720  -0.045607
2.40721 0.053217  0.038291 0.780616  0.040788 0.000256  -0.000063 0.945395  -0.045120
2.41721 0.052931  0.038558 0.781589  0.041830 0.000244  -0.000060 0.946117  -0.044641
2.42721 0.052648  0.038822 0.782554  0.042866 0.000233  -0.000057 0.946780  -0.044166
2.43721 0.052368  0.039084 0.783510  0.043898 0.000222  -0.000055 0.947437  -0.043695
2.44721 0.052091  0.039343 0.784458  0.044925 0.000212  -0.000052 0.948088  -0.043230
2.45721 0.051817  0.039600 0.785397  0.045947 0.000202  -0.000049 0.948733  -0.042770
2.46721 0.051545  0.039855 0.786328  0.046965 0.000193  -0.000047 0.949373  -0.042315
2.47721 0.051277  0.040108 0.787251  0.047978 0.000184  -0.000045 0.950007  -0.041865
2.48721 0.051012  0.040358 0.788165  0.048986 0.000175  -0.000043 0.950636  -0.041420
2.49721 0.050749  0.040605 0.789072  0.049989 0.000167  -0.000041 0.951207  -0.040979
2.50721 0.050489  0.040851 0.789971  0.050987 0.000159  -0.000039 0.951826  -0.040544
2.51721 0.050232  0.041094 0.790862  0.051982 0.000152  -0.000037 0.952438  -0.040114
2.52721 0.049977  0.041336 0.791745  0.052971 0.000145  -0.000035 0.952995  -0.039687
2.53721 0.049725  0.041575 0.792621  0.053956 0.000138  -0.000033 0.953598  -0.039266
2.54721 0.049476  0.041811 0.793489  0.054936 0.000131  -0.000032 0.954145  -0.038849
2.55721 0.049229  0.042046 0.794350  0.055912 0.000125  -0.000030 0.954688  -0.038436
2.56721 0.048985  0.042279 0.795204  0.056883 0.000119  -0.000029 0.955276  -0.038029
2.57721 0.048743  0.042510 0.796051  0.057850 0.000114  -0.000027 0.955809  -0.037625
2.58721 0.048503  0.042739 0.796890  0.058812 0.000109  -0.000026 0.956338  -0.037226
2.59721 0.048266  0.042965 0.797723  0.059770 0.000103  -0.000025 0.956863  -0.036831
2.60721 0.048031  0.043190 0.798548  0.060724 0.000099  -0.000023 0.957383  -0.036441
2.61721 0.047799  0.043413 0.799367  0.061673 0.000094  -0.000022 0.957899  -0.036055
2.62721 0.047568  0.043634 0.800179  0.062618 0.000090  -0.000021 0.958411  -0.035673
2.63721 0.047340  0.043853 0.800984  0.063558 0.000085  -0.000020 0.958919  -0.035296
2.64721 0.047115  0.044070 0.801783  0.064495 0.000081  -0.000019 0.959423  -0.034922
2.65721 0.046891  0.044286 0.802575  0.065427 0.000078  -0.000018 0.959874  -0.034552
2.66721 0.046669  0.044500 0.803361  0.066354 0.000074  -0.000017 0.960394  -0.034187
2.67721 0.046450  0.044711 0.804141  0.067278 0.000070  -0.000017 0.960838  -0.033825
2.68721 0.046233  0.044922 0.804914  0.068197 0.000067  -0.000016 0.961278  -0.033466
2.69721 0.046017  0.045130 0.805681  0.069112 0.000064  -0.000015 0.961810  -0.033115
2.70721 0.045804  0.045337 0.806442  0.070024 0.000061  -0.000014 0.962243  -0.032764
2.71721 0.045593  0.045542 0.807197  0.070930 0.000058  -0.000014 0.962673  -0.032418
2.72721 0.045384  0.045745 0.807946  0.071833 0.000055  -0.000013 0.963099  -0.032075
2.73721 0.045176  0.045947 0.808690  0.072732 0.000053  -0.000012 0.963522  -0.031736
2.74721 0.044971  0.046147 0.809427  0.073627 0.000050  -0.000012 0.964035  -0.031403
2.75721 0.044767  0.046345 0.810159  0.074518 0.000048  -0.000011 0.964451  -0.031072
2.76721 0.044566  0.046542 0.810885  0.075404 0.000046  -0.000011 0.964864  -0.030744
2.77721 0.044366  0.046737 0.811605  0.076287 0.000044  -0.000010 0.965274  -0.030419
2.78721 0.044168  0.046931 0.812320  0.077166 0.000041  -0.000010 0.965681  -0.030099
2.79721 0.043971  0.047123 0.813029  0.078041 0.000039  -0.000009 0.966084  -0.029782
2.80721 0.043777  0.047314 0.813733  0.078912 0.000038  -0.000009 0.966485  -0.029468
2.81721 0.043584  0.047503 0.814432  0.079779 0.000036  -0.000008 0.966882  -0.029158
2.82721 0.043393  0.047691 0.815125  0.080642 0.000034  -0.000008 0.967277  -0.028851
2.83721 0.043203  0.047877 0.815813  0.081502 0.000033  -0.000007 0.967668  -0.028548
2.84721 0.043016  0.048062 0.816496  0.082358 0.000031  -0.000007 0.967967  -0.028245
2.85721 0.042830  0.048246 0.817174  0.083210 0.000030  -0.000007 0.968354  -0.027948
2.86721 0.042645  0.048428 0.817847  0.084058 0.000028  -0.000006 0.968737  -0.027655
2.87721 0.042462  0.048608 0.818514  0.084902 0.000027  -0.000006 0.969117  -0.027365
2.88721 0.042281  0.048788 0.819177  0.085743 0.000026  -0.000006 0.969495  -0.027078
2.89721 0.042101  0.048966 0.819835  0.086580 0.000024  -0.000006 0.969870  -0.026794
2.90721 0.041923  0.049142 0.820488  0.087413 0.000023  -0.000005 0.970154  -0.026511
2.91721 0.041746  0.049318 0.821136  0.088243 0.000022  -0.000005 0.970524  -0.026233
2.92721 0.041571  0.049492 0.821780  0.089069 0.000021  -0.000005 0.970891  -0.025958
2.93721 0.041397  0.049664 0.822419  0.089892 0.000020  -0.000005 0.971169  -0.025685
2.94721 0.041225  0.049836 0.823053  0.090711 0.000019  -0.000004 0.971531  -0.025416
2.95721 0.041054  0.050006 0.823683  0.091526 0.000018  -0.000004 0.971891  -0.025150
2.96721 0.040885  0.050175 0.824308  0.092338 0.000017  -0.000004 0.972162  -0.024885
2.97721 0.040717  0.050342 0.824929  0.093147 0.000016  -0.000004 0.972517  -0.024625
2.98721 0.040550  0.050509 0.825546  0.093952 0.000016  -0.000004 0.972784  -0.024366
2.99721 0.040385  0.050674 0.826158  0.094753 0.000015  -0.000003 0.973134  -0.024112
3.00721 0.040221  0.050838 0.826765  0.095551 0.000014  -0.000003 0.973482  -0.023861
3.01721 0.040059  0.051001 0.827369  0.096346 0.000014  -0.000003 0.973743  -0.023610
3.02721 0.039897  0.051163 0.827968  0.097137 0.000013  -0.000003 0.974002  -0.023362
3.03721 0.039737  0.051323 0.828563  0.097925 0.000012  -0.000003 0.974343  -0.023119
3.04721 0.039579  0.051483 0.829154  0.098709 0.000012  -0.000003 0.974598  -0.022876
3.05721 0.039421  0.051641 0.829740  0.099490 0.000011  -0.000002 0.974935  -0.022638
3.06721 0.039265  0.051798 0.830323  0.100268 0.000011  -0.000002 0.975186  -0.022401
3.07721 0.039110  0.051954 0.830902  0.101043 0.000010  -0.000002 0.975519  -0.022168
3.08721 0.038957  0.052109 0.831476  0.101814 0.000010  -0.000002 0.975766  -0.021936
3.09721 0.038804  0.052263 0.832047  0.102582 0.000009  -0.000002 0.976013  -0.021706
3.10721 0.038653  0.052416 0.832614  0.103346 0.000009  -0.000002 0.976339  -0.021481
3.11721 0.038503  0.052568 0.833177  0.104108 0.000008  -0.000002 0.976581  -0.021256
3.12721 0.038354  0.052719 0.833736  0.104866 0.000008  -0.000002 0.976822  -0.021034
3.13721 0.038207  0.052868 0.834292  0.105621 0.000008  -0.000002 0.977142  -0.020816
3.14721 0.038060  0.053017 0.834843  0.106373 0.000007  -0.000002 0.977380  -0.020598
3.15721 0.037915  0.053165 0.835391  0.107122 0.000007  -0.000002 0.977615  -0.020383
3.16721 0.037770  0.053311 0.835936  0.107868 0.000007  -0.000001 0.977850  -0.020170
3.17721 0.037627  0.053457 0.836476  0.108610 0.000006  -0.000001 0.978082  -0.019960
3.18721 0.037485  0.053602 0.837013  0.109350 0.000006  -0.000001 0.978393  -0.019754
3.19721 0.037344  0.053746 0.837547  0.110086 0.000006  -0.000001 0.978623  -0.019548
3.20721 0.037204  0.053888 0.838077  0.110820 0.000005  -0.000001 0.978850  -0.019344
3.21721 0.037065  0.054030 0.838604  0.111550 0.000005  -0.000001 0.979077  -0.019143
3.22721 0.036927  0.054171 0.839127  0.112278 0.000005  -0.000001 0.979302  -0.018943
3.23721 0.036790  0.054311 0.839647  0.113002 0.000005  -0.000001 0.979525  -0.018746
3.24721 0.036654  0.054450 0.840163  0.113723 0.000004  -0.000001 0.979747  -0.018551
3.25721 0.036520  0.054588 0.840676  0.114442 0.000004  -0.000001 0.979968  -0.018358
3.26721 0.036386  0.054725 0.841186  0.115157 0.000004  -0.000001 0.980265  -0.018169
3.27721 0.036253  0.054862 0.841692  0.115870 0.000004  -0.000001 0.980482  -0.017980
3.28721 0.036121  0.054997 0.842195  0.116580 0.000004  -0.000001 0.980698  -0.017793
3.29721 0.035990  0.055132 0.842695  0.117286 0.000003  -0.000001 0.980913  -0.017609
3.30721 0.035860  0.055265 0.843192  0.117990 0.000003  -0.000001 0.981126  -0.017426
3.31721 0.035731  0.055398 0.843686  0.118691 0.000003  -0.000001 0.981338  -0.017245
3.32721 0.035603  0.055530 0.844176  0.119390 0.000003  -0.000001 0.981473  -0.017065
3.33721 0.035476  0.055661 0.844664  0.120085 0.000003  -0.000001 0.981683  -0.016888
3.34721 0.035350  0.055792 0.845148  0.120778 0.000003  -0.000001 0.981891  -0.016713
3.35721 0.035224  0.055921 0.845629  0.121468 0.000003  -0.000001 0.982098  -0.016540
3.36721 0.035100  0.056050 0.846108  0.122155 0.000002  -0.000001 0.982304  -0.016369
3.37721 0.034976  0.056178 0.846583  0.122839 0.000002  -0.000001 0.982508  -0.016200
3.38721 0.034853  0.056305 0.847055  0.123521 0.000002  -0.000000 0.982712  -0.016032
3.39721 0.034732  0.056431 0.847525  0.124199 0.000002  -0.000000 0.982914  -0.015866
3.40721 0.034611  0.056556 0.847991  0.124876 0.000002  -0.000000 0.983114  -0.015702
3.41721 0.034491  0.056681 0.848455  0.125549 0.000002  -0.000000 0.983240  -0.015539
3.42721 0.034371  0.056805 0.848916  0.126220 0.000002  -0.000000 0.983438  -0.015378
3.43721 0.034253  0.056928 0.849374  0.126888 0.000002  -0.000000 0.983636  -0.015220
3.44721 0.034135  0.057051 0.849829  0.127554 0.000002  -0.000000 0.983832  -0.015062
3.45721 0.034018  0.057172 0.850282  0.128216 0.000002  -0.000000 0.984027  -0.014907
3.46721 0.033902  0.057293 0.850731  0.128877 0.000001  -0.000000 0.984147  -0.014752
3.47721 0.033787  0.057413 0.851178  0.129534 0.000001  -0.000000 0.984340  -0.014600
3.48721 0.033672  0.057533 0.851623  0.130189 0.000001  -0.000000 0.984532  -0.014450
3.49721 0.033559  0.057651 0.852064  0.130842 0.000001  -0.000000 0.984650  -0.014300
3.50721 0.033446  0.057770 0.852503  0.131492 0.000001  -0.000000 0.984840  -0.014152
3.51721 0.033334  0.057887 0.852940  0.132139 0.000001  -0.000000 0.985028  -0.014007
3.52721 0.033222  0.058003 0.853374  0.132784 0.000001  -0.000000 0.985144  -0.013861
3.53721 0.033112  0.058119 0.853805  0.133427 0.000001  -0.000000 0.985331  -0.013719
3.54721 0.033002  0.058235 0.854234  0.134067 0.000001  -0.000000 0.985516  -0.013578
3.55721 0.032893  0.058349 0.854660  0.134704 0.000001  -0.000000 0.985629  -0.013437
3.56721 0.032784  0.058463 0.855083  0.135339 0.000001  -0.000000 0.985813  -0.013299
3.57721 0.032676  0.058576 0.855505  0.135972 0.000001  -0.000000 0.985995  -0.013162
3.58721 0.032569  0.058689 0.855923  0.136602 0.000001  -0.000000 0.986106  -0.013026
3.59721 0.032463  0.058801 0.856340  0.137230 0.000001  -0.000000 0.986286  -0.012892
3.60721 0.032357  0.058912 0.856754  0.137855 0.000001  -0.000000 0.986396  -0.012759
3.61721 0.032252  0.059022 0.857165  0.138478 0.000001  -0.000000 0.986574  -0.012628
3.62721 0.032148  0.059132 0.857574  0.139098 0.000001  -0.000000 0.986682  -0.012498
3.63721 0.032045  0.059242 0.857981  0.139717 0.000001  -0.000000 0.986859  -0.012369
3.64721 0.031942  0.059350 0.858386  0.140332 0.000001  -0.000000 0.986966  -0.012242
3.65721 0.031839  0.059458 0.858788  0.140946 0.000001  -0.000000 0.987141  -0.012116
3.66721 0.031738  0.059566 0.859187  0.141557 0.000001  -0.000000 0.987246  -0.011991
3.67721 0.031637  0.059673 0.859585  0.142166 0.000001  -0.000000 0.987419  -0.011868
3.68721 0.031537  0.059779 0.859980  0.142773 0.000001  -0.000000 0.987523  -0.011746
3.69721 0.031437  0.059884 0.860373  0.143377 0.000000  -0.000000 0.987694  -0.011626
3.70721 0.031338  0.059989 0.860764  0.143979 0.000000  -0.000000 0.987796  -0.011506
3.71721 0.031239  0.060094 0.861153  0.144579 0.000000  -0.000000 0.987966  -0.011388
3.72721 0.031142  0.060198 0.861540  0.145176 0.000000  -0.000000 0.988067  -0.011271
3.73721 0.031044  0.060301 0.861924  0.145771 0.000000  -0.000000 0.988235  -0.011156
3.74721 0.030948  0.060404 0.862306  0.146364 0.000000  -0.000000 0.988335  -0.011041
3.75721 0.030852  0.060506 0.862686  0.146955 0.000000  -0.000000 0.988434  -0.010927
3.76721 0.030757  0.060607 0.863064  0.147544 0.000000  -0.000000 0.988600  -0.010816
3.77721 0.030662  0.060708 0.863440  0.148130 0.000000  -0.000000 0.988698  -0.010704
3.78721 0.030568  0.060809 0.863814  0.148715 0.000000  -0.000000 0.988795  -0.010594
3.79721 0.030474  0.060909 0.864186  0.149297 0.000000  -0.000000 0.988958  -0.010486
3.80721 0.030381  0.061008 0.864555  0.149877 0.000000  -0.000000 0.989055  -0.010378
3.81721 0.030288  0.061107 0.864923  0.150455 0.000000  -0.000000 0.989150  -0.010272
3.82721 0.030197  0.061205 0.865289  0.151030 0.000000  -0.000000 0.989311  -0.010167
3.83721 0.030105  0.061303 0.865652  0.151604 0.000000  -0.000000 0.989406  -0.010063
3.84721 0.030014  0.061400 0.866014  0.152175 0.000000  -0.000000 0.989500  -0.009959
3.85721 0.029924  0.061497 0.866374  0.152745 0.000000  -0.000000 0.989658  -0.009858
3.86721 0.029834  0.061593 0.866732  0.153312 0.000000  -0.000000 0.989751  -0.009757
3.87721 0.029745  0.061688 0.867088  0.153877 0.000000  -0.000000 0.989843  -0.009657
3.88721 0.029657  0.061783 0.867442  0.154441 0.000000  -0.000000 0.989935  -0.009558
3.89721 0.029569  0.061878 0.867794  0.155002 0.000000  -0.000000 0.990091  -0.009460
3.90721 0.029481  0.061972 0.868144  0.155561 0.000000  -0.000000 0.990182  -0.009363
3.91721 0.029394  0.062066 0.868493  0.156118 0.000000  -0.000000 0.990272  -0.009268
3.92721 0.029307  0.062159 0.868839  0.156673 0.000000  -0.000000 0.990361  -0.009173
3.93721 0.029221  0.062251 0.869184  0.157226 0.000000  -0.000000 0.990515  -0.009079
3.94721 0.029136  0.062344 0.869527  0.157778 0.000000  -0.000000 0.990603  -0.008986
3.95721 0.029051  0.062435 0.869868  0.158327 0.000000  -0.000000 0.990691  -0.008894
3.96721 0.028966  0.062526 0.870207  0.158874 0.000000  -0.000000 0.990779  -0.008803
3.97721 0.028882  0.062617 0.870545  0.159419 0.000000  -0.000000 0.990866  -0.008713
3.98721 0.028799  0.062707 0.870881  0.159963 0.000000  -0.000000 0.990953  -0.008624
3.99721 0.028716  0.062797 0.871215  0.160504 0.000000  -0.000000 0.991102  -0.008537
