0.651421 0.123899 0.123899 0.123899 0.123899 0.123899 0.123899 0.123899 0.123899
0.661421 0.088678  -0.035469 0.170493  -0.067545 0.064308  -0.025925 0.204459  -0.080874
0.671421 0.077147  -0.030242 0.193058  -0.074844 0.045984  -0.018287 0.242143  -0.093780
0.681421 0.069373  -0.026618 0.211542  -0.080314 0.034567  -0.013548 0.272599  -0.103483
0.691421 0.063480  -0.023816 0.227834  -0.084749 0.026425  -0.010205 0.298446  -0.111121
0.701421 0.058750  -0.021532 0.242668  -0.088468 0.020569  -0.007823 0.322138  -0.117693
0.711421 0.054818  -0.019610 0.256420  -0.091641 0.016071  -0.006019 0.343524  -0.123195
0.721421 0.051470  -0.017956 0.269315  -0.094371 0.012635  -0.004660 0.363516  -0.128001
0.731421 0.048568  -0.016509 0.281503  -0.096731 0.009928  -0.003605 0.381961  -0.132091
0.741421 0.046019  -0.015228 0.293088  -0.098773 0.007820  -0.002795 0.399433  -0.135692
0.751421 0.043756  -0.014082 0.304147  -0.100536 0.006145  -0.002163 0.415815  -0.138789
0.761421 0.041728  -0.013049 0.314739  -0.102053 0.004821  -0.001671 0.431368  -0.141490
0.771421 0.039897  -0.012111 0.324911  -0.103349 0.003770  -0.001286 0.446031  -0.143794
0.781421 0.038235  -0.011255 0.334703  -0.104445 0.002945  -0.000989 0.460157  -0.145829
0.791421 0.036716  -0.010469 0.344145  -0.105361 0.002292  -0.000758 0.473583  -0.147558
0.801421 0.035322  -0.009744 0.353265  -0.106111 0.001777  -0.000579 0.486429  -0.149030
0.811421 0.034036  -0.009074 0.362085  -0.106710 0.001373  -0.000441 0.498728  -0.150267
0.821421 0.032847  -0.008451 0.370626  -0.107169 0.001056  -0.000334 0.510510  -0.151288
0.831421 0.031743  -0.007870 0.378904  -0.107501 0.000810  -0.000252 0.521915  -0.152142
0.841421 0.030715  -0.007327 0.386937  -0.107713 0.000618  -0.000190 0.532850  -0.152812
0.851421 0.029754  -0.006819 0.394737  -0.107815 0.000471  -0.000142 0.543449  -0.153341
0.861421 0.028855  -0.006342 0.402318  -0.107815 0.000357  -0.000106 0.553617  -0.153711
0.871421 0.028010  -0.005892 0.409690  -0.107720 0.000269  -0.000079 0.563446  -0.153952
0.881421 0.027216  -0.005468 0.416864  -0.107537 0.000202  -0.000058 0.572916  -0.154066
0.891421 0.026467  -0.005067 0.423849  -0.107272 0.000151  -0.000043 0.582076  -0.154070
0.901421 0.025760  -0.004688 0.430654  -0.106929 0.000112  -0.000032 0.591008  -0.153991
0.911421 0.025091  -0.004328 0.437287  -0.106515 0.000083  -0.000023 0.599551  -0.153790
0.921421 0.024457  -0.003986 0.443756  -0.106034 0.000061  -0.000017 0.607889  -0.153520
0.931421 0.023855  -0.003661 0.450067  -0.105491 0.000045  -0.000012 0.615997  -0.153178
0.941421 0.023283  -0.003352 0.456227  -0.104889 0.000033  -0.000009 0.623850  -0.152759
0.951421 0.022738  -0.003057 0.462243  -0.104232 0.000024  -0.000006 0.631457  -0.152271
0.961421 0.022219  -0.002775 0.468118  -0.103523 0.000018  -0.000005 0.638828  -0.151718
0.971421 0.021724  -0.002505 0.473860  -0.102767 0.000013  -0.000003 0.646018  -0.151116
0.981421 0.021251  -0.002248 0.479473  -0.101966 0.000009  -0.000002 0.652971  -0.150453
0.991421 0.020799  -0.002001 0.484961  -0.101123 0.000007  -0.000002 0.659774  -0.149754
1.001421 0.020365  -0.001764 0.490330  -0.100241 0.000005  -0.000001 0.666369  -0.149006
1.011421 0.019950  -0.001536 0.495583  -0.099321 0.000003  -0.000001 0.672763  -0.148213
1.021421 0.019552  -0.001318 0.500724  -0.098368 0.000002  -0.000001 0.679024  -0.147391
1.031421 0.019170  -0.001108 0.505757  -0.097381 0.000002  -0.000000 0.685095  -0.146531
1.041421 0.018803  -0.000906 0.510686  -0.096365 0.000001  -0.000000 0.691043  -0.145648
1.051421 0.018449  -0.000711 0.515515  -0.095320 0.000001  -0.000000 0.696812  -0.144731
1.061421 0.018109  -0.000524 0.520245  -0.094249 0.000001  -0.000000 0.702408  -0.143783
1.071421 0.017782  -0.000343 0.524882  -0.093154 0.000000  -0.000000 0.707894  -0.142819
1.081421 0.017466  -0.000168 0.529426  -0.092035 0.000000  -0.000000 0.713215  -0.141829
1.091421 0.017162  0.000000 0.533882  -0.090894 0.000000  -0.000000 0.718435  -0.140825
1.101421 0.016868  0.000163 0.538252  -0.089734 0.000000  -0.000000 0.723554  -0.139810
1.111421 0.016584  0.000321 0.542539  -0.088555 0.000000  -0.000000 0.728466  -0.138763
1.121421 0.016310  0.000473 0.546745  -0.087358 0.000000  -0.000000 0.733342  -0.137719
1.131421 0.016044  0.000621 0.550872  -0.086145 0.000000  -0.000000 0.738073  -0.136656
1.141421 0.015788  0.000764 0.554923  -0.084917 0.000000  -0.000000 0.742663  -0.135578
1.151421 0.015539  0.000902 0.558900  -0.083675 0.000000  -0.000000 0.747170  -0.134495
1.161421 0.015299  0.001036 0.562804  -0.082421 0.000000  -0.000000 0.751542  -0.133398
1.171421 0.015065  0.001167 0.566639  -0.081154 0.000000  -0.000000 0.755838  -0.132299
1.181421 0.014839  0.001293 0.570406  -0.079876 0.000000  -0.000000 0.760058  -0.131198
1.191421 0.014620  0.001416 0.574107  -0.078588 0.000000  -0.000000 0.764152  -0.130087
1.201421 0.014407  0.001535 0.577743  -0.077290 0.000000  -0.000000 0.768176  -0.128976
1.211421 0.014200  0.001651 0.581316  -0.075984 0.000000  -0.000000 0.772080  -0.127857
1.221421 0.013999  0.001764 0.584829  -0.074671 0.000000  -0.000000 0.775918  -0.126739
1.231421 0.013804  0.001873 0.588282  -0.073350 0.000000  -0.000000 0.779691  -0.125623
1.241421 0.013614  0.001980 0.591677  -0.072022 0.000000  -0.000000 0.783352  -0.124501
1.251421 0.013430  0.002084 0.595015  -0.070689 0.000000  -0.000000 0.786953  -0.123382
1.261421 0.013250  0.002185 0.598299  -0.069350 0.000000  -0.000000 0.790446  -0.122260
1.271421 0.013075  0.002283 0.601529  -0.068007 0.000000  -0.000000 0.793882  -0.121141
1.281421 0.012905  0.002379 0.604707  -0.066660 0.000000  -0.000000 0.797263  -0.120028
1.291421 0.012739  0.002473 0.607834  -0.065309 0.000000  -0.000000 0.800542  -0.118911
1.301421 0.012578  0.002564 0.610911  -0.063954 0.000000  -0.000000 0.803769  -0.117801
1.311421 0.012420  0.002653 0.613939  -0.062598 0.000000  -0.000000 0.806946  -0.116696
1.321421 0.012267  0.002740 0.616920  -0.061238 0.000000  -0.000000 0.810027  -0.115590
1.331421 0.012117  0.002825 0.619855  -0.059877 0.000000  -0.000000 0.813060  -0.114490
1.341421 0.011971  0.002907 0.622745  -0.058515 0.000000  -0.000000 0.816047  -0.113397
1.351421 0.011828  0.002988 0.625590  -0.057151 0.000000  -0.000000 0.818942  -0.112305
1.361421 0.011689  0.003067 0.628393  -0.055787 0.000000  -0.000000 0.821795  -0.111220
1.371421 0.011553  0.003144 0.631153  -0.054422 0.000000  -0.000000 0.824559  -0.110136
1.381421 0.011420  0.003220 0.633873  -0.053057 0.000000  -0.000000 0.827328  -0.109066
1.391421 0.011290  0.003293 0.636552  -0.051693 0.000000  -0.000000 0.830011  -0.107998
1.401421 0.011164  0.003366 0.639191  -0.050329 0.000000  -0.000000 0.832611  -0.106931
1.411421 0.011039  0.003436 0.641793  -0.048965 0.000000  -0.000000 0.835217  -0.105879
1.421421 0.010918  0.003505 0.644356  -0.047603 0.000000  -0.000000 0.837742  -0.104829
1.431421 0.010800  0.003573 0.646883  -0.046242 0.000000  -0.000000 0.840231  -0.103788
1.441421 0.010684  0.003639 0.649374  -0.044882 0.000000  -0.000000 0.842642  -0.102750
1.451421 0.010570  0.003704 0.651830  -0.043524 0.000000  -0.000000 0.845019  -0.101720
1.461421 0.010459  0.003767 0.654251  -0.042168 0.000000  -0.000000 0.847342  -0.100696
1.471421 0.010350  0.003829 0.656639  -0.040815 0.000000  -0.000000 0.849654  -0.099684
1.481421 0.010243  0.003890 0.658993  -0.039463 0.000000  -0.000000 0.851933  -0.098681
1.491421 0.010139  0.003950 0.661315  -0.038114 0.000000  -0.000000 0.854182  -0.097686
1.501421 0.010037  0.004008 0.663606  -0.036767 0.000000  -0.000000 0.856318  -0.096690
1.511421 0.009936  0.004066 0.665865  -0.035424 0.000000  -0.000000 0.858425  -0.095704
1.521421 0.009838  0.004122 0.668095  -0.034083 0.000000  -0.000000 0.860504  -0.094727
1.531421 0.009742  0.004177 0.670294  -0.032745 0.000000  -0.000000 0.862636  -0.093768
1.541421 0.009647  0.004231 0.672464  -0.031411 0.000000  -0.000000 0.864580  -0.092800
1.551421 0.009555  0.004284 0.674606  -0.030080 0.000000  -0.000000 0.866577  -0.091849
1.561421 0.009464  0.004336 0.676719  -0.028752 0.000000  -0.000000 0.868549  -0.090908
1.571421 0.009375  0.004387 0.678806  -0.027428 0.000000  -0.000000 0.870417  -0.089968
1.581421 0.009287  0.004438 0.680865  -0.026108 0.000000  -0.000000 0.872338  -0.089044
1.591421 0.009202  0.004487 0.682898  -0.024791 0.000000  -0.000000 0.874158  -0.088122
1.601421 0.009117  0.004535 0.684904  -0.023479 0.000000  -0.000000 0.875954  -0.087209
1.611421 0.009035  0.004583 0.686886  -0.022170 0.000000  0.000000 0.877728  -0.086305
1.621421 0.008953  0.004630 0.688843  -0.020865 0.000000  -0.000000 0.879480  -0.085410
1.631421 0.008874  0.004675 0.690775  -0.019564 0.000000  -0.000000 0.881210  -0.084523
1.641421 0.008795  0.004721 0.692683  -0.018268 0.000000  0.000000 0.882918  -0.083646
1.651421 0.008718  0.004765 0.694568  -0.016976 0.000000  0.000000 0.884531  -0.082770
1.661421 0.008643  0.004809 0.696429  -0.015688 0.000000  0.000000 0.886198  -0.081911
1.671421 0.008568  0.004851 0.698268  -0.014404 0.000000  0.000000 0.887771  -0.081053
1.681421 0.008495  0.004893 0.700085  -0.013125 0.000000  0.000000 0.889399  -0.080210
1.691421 0.008423  0.004935 0.701879  -0.011851 0.000000  0.000000 0.890934  -0.079370
1.701421 0.008353  0.004976 0.703653  -0.010581 0.000000  0.000000 0.892451  -0.078538
1.711421 0.008283  0.005016 0.705405  -0.009316 0.000000  0.000000 0.893950  -0.077716
1.721421 0.008215  0.005055 0.707136  -0.008055 0.000000  0.000000 0.895431  -0.076901
1.731421 0.008148  0.005094 0.708848  -0.006799 0.000000  0.000000 0.896824  -0.076089
1.741421 0.008082  0.005132 0.710539  -0.005547 0.000000  0.000000 0.898272  -0.075292
1.751421 0.008017  0.005170 0.712210  -0.004300 0.000000  0.000000 0.899702  -0.074503
1.761421 0.007953  0.005207 0.713863  -0.003059 0.000000  0.000000 0.901047  -0.073716
1.771421 0.007890  0.005243 0.715496  -0.001821 0.000000  0.000000 0.902375  -0.072938
1.781421 0.007828  0.005279 0.717111  -0.000589 0.000000  0.000000 0.903758  -0.072174
1.791421 0.007767  0.005314 0.718707  0.000638 0.000000  0.000000 0.905057  -0.071412
1.801421 0.007707  0.005349 0.720286  0.001861 0.000000  0.000000 0.906341  -0.070659
1.811421 0.007648  0.005384 0.721846  0.003079 0.000000  0.000000 0.907610  -0.069913
1.821421 0.007590  0.005417 0.723390  0.004292 0.000000  0.000000 0.908866  -0.069176
1.831421 0.007532  0.005451 0.724916  0.005500 0.000000  0.000000 0.910040  -0.068441
1.841421 0.007476  0.005483 0.726425  0.006703 0.000000  0.000000 0.911269  -0.067720
1.851421 0.007420  0.005516 0.727918  0.007901 0.000000  0.000000 0.912483  -0.067006
1.861421 0.007365  0.005547 0.729395  0.009094 0.000000  0.000000 0.913619  -0.066295
1.871421 0.007311  0.005579 0.730856  0.010282 0.000000  0.000000 0.914808  -0.065596
1.881421 0.007258  0.005610 0.732300  0.011465 0.000000  0.000000 0.915919  -0.064900
1.891421 0.007206  0.005640 0.733730  0.012644 0.000000  0.000000 0.917018  -0.064212
1.901421 0.007154  0.005670 0.735144  0.013817 0.000000  0.000000 0.918105  -0.063532
1.911421 0.007103  0.005700 0.736543  0.014986 0.000000  0.000000 0.919181  -0.062859
1.921421 0.007053  0.005729 0.737928  0.016149 0.000000  0.000000 0.920246  -0.062193
1.931421 0.007003  0.005758 0.739297  0.017308 0.000000  0.000000 0.921299  -0.061534
1.941421 0.006954  0.005786 0.740653  0.018461 0.000000  0.000000 0.922342  -0.060883
1.951421 0.006906  0.005814 0.741995  0.019610 0.000000  0.000000 0.923373  -0.060239
1.961421 0.006859  0.005842 0.743322  0.020753 0.000000  0.000000 0.924394  -0.059602
1.971421 0.006812  0.005869 0.744636  0.021892 0.000000  0.000000 0.925342  -0.058967
1.981421 0.006766  0.005896 0.745937  0.023026 0.000000  0.000000 0.926343  -0.058344
1.991421 0.006720  0.005923 0.747224  0.024155 0.000000  0.000000 0.927271  -0.057724
2.001421 0.006675  0.005949 0.748499  0.025279 0.000000  0.000000 0.928191  -0.057110
2.011421 0.006631  0.005975 0.749760  0.026398 0.000000  0.000000 0.929162  -0.056507
2.021421 0.006587  0.006001 0.751009  0.027512 0.000000  0.000000 0.930062  -0.055907
2.031421 0.006544  0.006026 0.752246  0.028621 0.000000  0.000000 0.930954  -0.055314
2.041421 0.006501  0.006051 0.753470  0.029726 0.000000  0.000000 0.931837  -0.054727
2.051421 0.006459  0.006075 0.754682  0.030825 0.000000  0.000000 0.932711  -0.054147
2.061421 0.006418  0.006100 0.755882  0.031920 0.000000  0.000000 0.933577  -0.053573
2.071421 0.006377  0.006124 0.757071  0.033010 0.000000  0.000000 0.934434  -0.053005
2.081421 0.006336  0.006147 0.758248  0.034095 0.000000  0.000000 0.935224  -0.052440
2.091421 0.006296  0.006171 0.759413  0.035175 0.000000  0.000000 0.936065  -0.051885
2.101421 0.006257  0.006194 0.760568  0.036250 0.000000  0.000000 0.936898  -0.051336
2.111421 0.006218  0.006217 0.761711  0.037321 0.000000  0.000000 0.937664  -0.050790
2.121421 0.006179  0.006239 0.762843  0.038387 0.000000  0.000000 0.938482  -0.050253
2.131421 0.006141  0.006261 0.763965  0.039448 0.000000  0.000000 0.939234  -0.049719
2.141421 0.006104  0.006283 0.765076  0.040504 0.000000  0.000000 0.939979  -0.049191
2.151421 0.006067  0.006305 0.766177  0.041556 0.000000  0.000000 0.940774  -0.048671
2.161421 0.006030  0.006327 0.767267  0.042603 0.000000  0.000000 0.941504  -0.048155
2.171421 0.005994  0.006348 0.768348  0.043645 0.000000  0.000000 0.942228  -0.047644
2.181421 0.005958  0.006369 0.769418  0.044683 0.000000  0.000000 0.942946  -0.047139
2.191421 0.005923  0.006389 0.770478  0.045716 0.000000  0.000000 0.943656  -0.046639
2.201421 0.005888  0.006410 0.771529  0.046744 0.000000  0.000000 0.944360  -0.046145
2.211421 0.005853  0.006430 0.772570  0.047768 0.000000  0.000000 0.945058  -0.045657
2.221421 0.005819  0.006450 0.773601  0.048787 0.000000  0.000000 0.945694  -0.045171
2.231421 0.005785  0.006470 0.774624  0.049802 0.000000  0.000000 0.946380  -0.044693
2.241421 0.005752  0.006490 0.775637  0.050812 0.000000  0.000000 0.947059  -0.044221
2.251421 0.005719  0.006509 0.776641  0.051818 0.000000  0.000000 0.947732  -0.043753
2.261421 0.005686  0.006528 0.777636  0.052819 0.000000  0.000000 0.948345  -0.043289
2.271421 0.005654  0.006547 0.778622  0.053816 0.000000  0.000000 0.949006  -0.042832
2.281421 0.005622  0.006566 0.779599  0.054808 0.000000  0.000000 0.949608  -0.042377
2.291421 0.005591  0.006584 0.780568  0.055795 0.000000  0.000000 0.950205  -0.041928
2.301421 0.005560  0.006603 0.781528  0.056779 0.000000  0.000000 0.950849  -0.041486
2.311421 0.005529  0.006621 0.782480  0.057758 0.000000  0.000000 0.951435  -0.041047
2.321421 0.005499  0.006639 0.783424  0.058732 0.000000  0.000000 0.952016  -0.040612
2.331421 0.005468  0.006656 0.784359  0.059702 0.000000  0.000000 0.952592  -0.040183
2.341421 0.005439  0.006674 0.785287  0.060668 0.000000  0.000000 0.953163  -0.039758
2.351421 0.005409  0.006691 0.786206  0.061630 0.000000  0.000000 0.953728  -0.039337
2.361421 0.005380  0.006708 0.787118  0.062587 0.000000  0.000000 0.954290  -0.038922
2.371421 0.005351  0.006725 0.788022  0.063540 0.000000  0.000000 0.954846  -0.038511
2.381421 0.005323  0.006742 0.788918  0.064489 0.000000  0.000000 0.955398  -0.038104
2.391421 0.005294  0.006759 0.789806  0.065433 0.000000  0.000000 0.955945  -0.037702
2.401421 0.005267  0.006775 0.790688  0.066374 0.000000  0.000000 0.956487  -0.037305
2.411421 0.005239  0.006792 0.791561  0.067310 0.000000  0.000000 0.956974  -0.036910
2.421421 0.005212  0.006808 0.792428  0.068242 0.000000  0.000000 0.957508  -0.036521
2.431421 0.005185  0.006824 0.793287  0.069170 0.000000  0.000000 0.958037  -0.036136
2.441421 0.005158  0.006840 0.794139  0.070093 0.000000  0.000000 0.958511  -0.035754
2.451421 0.005131  0.006855 0.794985  0.071013 0.000000  0.000000 0.959032  -0.035378
2.461421 0.005105  0.006871 0.795823  0.071928 0.000000  0.000000 0.959499  -0.035004
2.471421 0.005079  0.006886 0.796654  0.072840 0.000000  0.000000 0.959961  -0.034635
2.481421 0.005053  0.006901 0.797479  0.073747 0.000000  0.000000 0.960470  -0.034271
2.491421 0.005028  0.006916 0.798297  0.074651 0.000000  0.000000 0.960925  -0.033910
2.501421 0.005003  0.006931 0.799109  0.075550 0.000000  0.000000 0.961376  -0.033552
2.511421 0.004978  0.006946 0.799914  0.076446 0.000000  0.000000 0.961824  -0.033198
2.521421 0.004953  0.006960 0.800712  0.077337 0.000000  0.000000 0.962269  -0.032849
2.531421 0.004929  0.006975 0.801504  0.078225 0.000000  0.000000 0.962758  -0.032505
2.541421 0.004904  0.006989 0.802290  0.079109 0.000000  0.000000 0.963195  -0.032163
2.551421 0.004881  0.007003 0.803070  0.079989 0.000000  0.000000 0.963604  -0.031824
2.561421 0.004857  0.007017 0.803843  0.080865 0.000000  0.000000 0.964035  -0.031489
2.571421 0.004833  0.007031 0.804611  0.081737 0.000000  0.000000 0.964462  -0.031158
2.581421 0.004810  0.007045 0.805372  0.082605 0.000000  0.000000 0.964885  -0.030831
2.591421 0.004787  0.007059 0.806128  0.083470 0.000000  0.000000 0.965306  -0.030507
2.601421 0.004764  0.007072 0.806877  0.084330 0.000000  0.000000 0.965723  -0.030187
2.611421 0.004741  0.007086 0.807621  0.085187 0.000000  0.000000 0.966136  -0.029871
2.621421 0.004719  0.007099 0.808359  0.086041 0.000000  0.000000 0.966454  -0.029555
2.631421 0.004697  0.007112 0.809092  0.086890 0.000000  0.000000 0.966861  -0.029245
2.641421 0.004675  0.007125 0.809819  0.087736 0.000000  0.000000 0.967266  -0.028939
2.651421 0.004653  0.007138 0.810540  0.088578 0.000000  0.000000 0.967668  -0.028636
2.661421 0.004632  0.007151 0.811256  0.089417 0.000000  0.000000 0.967974  -0.028333
2.671421 0.004610  0.007163 0.811967  0.090252 0.000000  0.000000 0.968370  -0.028037
2.681421 0.004589  0.007176 0.812672  0.091083 0.000000  0.000000 0.968763  -0.027744
2.691421 0.004568  0.007188 0.813372  0.091911 0.000000  0.000000 0.969154  -0.027454
2.701421 0.004547  0.007201 0.814067  0.092735 0.000000  0.000000 0.969450  -0.027165
2.711421 0.004527  0.007213 0.814756  0.093556 0.000000  0.000000 0.969835  -0.026881
2.721421 0.004506  0.007225 0.815441  0.094373 0.000000  0.000000 0.970126  -0.026598
2.731421 0.004486  0.007237 0.816120  0.095187 0.000000  0.000000 0.970506  -0.026321
2.741421 0.004466  0.007249 0.816795  0.095997 0.000000  0.000000 0.970882  -0.026046
2.751421 0.004446  0.007261 0.817464  0.096804 0.000000  0.000000 0.971167  -0.025772
2.761421 0.004426  0.007273 0.818129  0.097607 0.000000  0.000000 0.971538  -0.025504
2.771421 0.004407  0.007284 0.818789  0.098407 0.000000  0.000000 0.971818  -0.025236
2.781421 0.004387  0.007296 0.819444  0.099203 0.000000  0.000000 0.972185  -0.024974
2.791421 0.004368  0.007307 0.820094  0.099996 0.000000  0.000000 0.972461  -0.024711
2.801421 0.004349  0.007318 0.820739  0.100786 0.000000  0.000000 0.972822  -0.024454
2.811421 0.004330  0.007330 0.821380  0.101572 0.000000  0.000000 0.973094  -0.024198
2.821421 0.004312  0.007341 0.822017  0.102355 0.000000  0.000000 0.973450  -0.023947
2.831421 0.004293  0.007352 0.822649  0.103135 0.000000  0.000000 0.973718  -0.023696
2.841421 0.004275  0.007363 0.823276  0.103912 0.000000  0.000000 0.973983  -0.023448
2.851421 0.004257  0.007373 0.823899  0.104685 0.000000  0.000000 0.974333  -0.023204
2.861421 0.004239  0.007384 0.824518  0.105455 0.000000  0.000000 0.974595  -0.022962
2.871421 0.004221  0.007395 0.825132  0.106221 0.000000  0.000000 0.974854  -0.022722
2.881421 0.004203  0.007405 0.825742  0.106985 0.000000  0.000000 0.975197  -0.022486
2.891421 0.004185  0.007416 0.826348  0.107745 0.000000  0.000000 0.975453  -0.022251
2.901421 0.004168  0.007426 0.826949  0.108502 0.000000  0.000000 0.975707  -0.022019
2.911421 0.004151  0.007437 0.827547  0.109256 0.000000  0.000000 0.976043  -0.021791
2.921421 0.004133  0.007447 0.828140  0.110007 0.000000  0.000000 0.976294  -0.021564
2.931421 0.004116  0.007457 0.828729  0.110755 0.000000  0.000000 0.976542  -0.021339
2.941421 0.004099  0.007467 0.829314  0.111499 0.000000  0.000000 0.976789  -0.021116
2.951421 0.004083  0.007477 0.829896  0.112241 0.000000  0.000000 0.977034  -0.020896
2.961421 0.004066  0.007487 0.830473  0.112979 0.000000  0.000000 0.977361  -0.020680
2.971421 0.004050  0.007497 0.831046  0.113715 0.000000  0.000000 0.977602  -0.020465
2.981421 0.004033  0.007506 0.831616  0.114447 0.000000  0.000000 0.977842  -0.020252
2.991421 0.004017  0.007516 0.832181  0.115176 0.000000  0.000000 0.978080  -0.020041
3.001421 0.004001  0.007526 0.832743  0.115903 0.000000  0.000000 0.978317  -0.019833
3.011421 0.003985  0.007535 0.833301  0.116626 0.000000  0.000000 0.978552  -0.019627
3.021421 0.003969  0.007545 0.833855  0.117347 0.000000  0.000000 0.978786  -0.019423
3.031421 0.003953  0.007554 0.834406  0.118064 0.000000  0.000000 0.979018  -0.019221
3.041421 0.003938  0.007563 0.834953  0.118779 0.000000  0.000000 0.979248  -0.019021
3.051421 0.003922  0.007573 0.835497  0.119490 0.000000  0.000000 0.979477  -0.018824
3.061421 0.003907  0.007582 0.836037  0.120199 0.000000  0.000000 0.979705  -0.018629
3.071421 0.003892  0.007591 0.836573  0.120905 0.000000  0.000000 0.979931  -0.018435
3.081421 0.003877  0.007600 0.837106  0.121608 0.000000  0.000000 0.980155  -0.018244
3.091421 0.003862  0.007609 0.837635  0.122308 0.000000  0.000000 0.980378  -0.018055
3.101421 0.003847  0.007618 0.838161  0.123006 0.000000  0.000000 0.980600  -0.017868
3.111421 0.003832  0.007626 0.838684  0.123700 0.000000  0.000000 0.980820  -0.017683
3.121421 0.003818  0.007635 0.839203  0.124392 0.000000  0.000000 0.981039  -0.017500
3.131421 0.003803  0.007644 0.839719  0.125081 0.000000  0.000000 0.981256  -0.017319
3.141421 0.003789  0.007653 0.840231  0.125767 0.000000  0.000000 0.981472  -0.017140
3.151421 0.003774  0.007661 0.840740  0.126451 0.000000  0.000000 0.981687  -0.016962
3.161421 0.003760  0.007670 0.841246  0.127132 0.000000  0.000000 0.981900  -0.016787
3.171421 0.003746  0.007678 0.841749  0.127810 0.000000  0.000000 0.982035  -0.016612
3.181421 0.003732  0.007686 0.842249  0.128485 0.000000  0.000000 0.982245  -0.016441
3.191421 0.003718  0.007695 0.842745  0.129158 0.000000  0.000000 0.982455  -0.016271
3.201421 0.003704  0.007703 0.843239  0.129828 0.000000  0.000000 0.982663  -0.016103
3.211421 0.003691  0.007711 0.843729  0.130495 0.000000  0.000000 0.982870  -0.015937
3.221421 0.003677  0.007719 0.844216  0.131160 0.000000  0.000000 0.982999  -0.015771
3.231421 0.003664  0.007727 0.844700  0.131822 0.000000  0.000000 0.983204  -0.015609
3.241421 0.003650  0.007735 0.845182  0.132482 0.000000  0.000000 0.983407  -0.015448
3.251421 0.003637  0.007743 0.845660  0.133138 0.000000  0.000000 0.983609  -0.015288
3.261421 0.003624  0.007751 0.846135  0.133793 0.000000  0.000000 0.983734  -0.015130
3.271421 0.003611  0.007759 0.846607  0.134445 0.000000  0.000000 0.983934  -0.014974
3.281421 0.003598  0.007767 0.847077  0.135094 0.000000  0.000000 0.984133  -0.014820
3.291421 0.003585  0.007775 0.847543  0.135741 0.000000  0.000000 0.984256  -0.014666
3.301421 0.003572  0.007782 0.848007  0.136385 0.000000  0.000000 0.984452  -0.014515
3.311421 0.003559  0.007790 0.848468  0.137026 0.000000  0.000000 0.984647  -0.014366
3.321421 0.003547  0.007797 0.848926  0.137666 0.000000  0.000000 0.984767  -0.014217
3.331421 0.003534  0.007805 0.849382  0.138302 0.000000  0.000000 0.984960  -0.014071
3.341421 0.003522  0.007812 0.849834  0.138937 0.000000  0.000000 0.985152  -0.013926
3.351421 0.003509  0.007820 0.850284  0.139568 0.000000  0.000000 0.985270  -0.013782
3.361421 0.003497  0.007827 0.850731  0.140198 0.000000  0.000000 0.985459  -0.013641
3.371421 0.003485  0.007834 0.851176  0.140825 0.000000  0.000000 0.985575  -0.013500
3.381421 0.003473  0.007842 0.851618  0.141449 0.000000  0.000000 0.985763  -0.013361
3.391421 0.003461  0.007849 0.852057  0.142071 0.000000  0.000000 0.985950  -0.013224
3.401421 0.003449  0.007856 0.852494  0.142691 0.000000  0.000000 0.986063  -0.013088
3.411421 0.003437  0.007863 0.852928  0.143309 0.000000  0.000000 0.986248  -0.012953
3.421421 0.003425  0.007870 0.853360  0.143924 0.000000  0.000000 0.986360  -0.012820
3.431421 0.003413  0.007877 0.853789  0.144536 0.000000  0.000000 0.986543  -0.012688
3.441421 0.003402  0.007884 0.854215  0.145147 0.000000  0.000000 0.986653  -0.012557
3.451421 0.003390  0.007891 0.854639  0.145755 0.000000  0.000000 0.986834  -0.012429
3.461421 0.003379  0.007898 0.855061  0.146361 0.000000  0.000000 0.986943  -0.012301
3.471421 0.003367  0.007905 0.855480  0.146964 0.000000  0.000000 0.987122  -0.012175
3.481421 0.003356  0.007912 0.855897  0.147565 0.000000  0.000000 0.987229  -0.012049
3.491421 0.003345  0.007918 0.856311  0.148164 0.000000  0.000000 0.987336  -0.011925
3.501421 0.003334  0.007925 0.856723  0.148761 0.000000  0.000000 0.987512  -0.011803
3.511421 0.003323  0.007932 0.857133  0.149356 0.000000  0.000000 0.987618  -0.011682
3.521421 0.003312  0.007938 0.857540  0.149948 0.000000  0.000000 0.987792  -0.011562
3.531421 0.003301  0.007945 0.857945  0.150538 0.000000  0.000000 0.987896  -0.011443
3.541421 0.003290  0.007952 0.858348  0.151126 0.000000  0.000000 0.988000  -0.011326
3.551421 0.003279  0.007958 0.858748  0.151712 0.000000  0.000000 0.988172  -0.011210
3.561421 0.003268  0.007964 0.859146  0.152295 0.000000  0.000000 0.988274  -0.011095
3.571421 0.003258  0.007971 0.859542  0.152876 0.000000  0.000000 0.988444  -0.010981
3.581421 0.003247  0.007977 0.859936  0.153456 0.000000  0.000000 0.988545  -0.010869
3.591421 0.003236  0.007984 0.860327  0.154033 0.000000  0.000000 0.988645  -0.010757
3.601421 0.003226  0.007990 0.860717  0.154607 0.000000  0.000000 0.988812  -0.010647
3.611421 0.003216  0.007996 0.861104  0.155180 0.000000  0.000000 0.988911  -0.010538
3.621421 0.003205  0.008002 0.861489  0.155751 0.000000  0.000000 0.989010  -0.010430
3.631421 0.003195  0.008008 0.861872  0.156320 0.000000  0.000000 0.989108  -0.010323
3.641421 0.003185  0.008015 0.862252  0.156886 0.000000  0.000000 0.989272  -0.010218
3.651421 0.003175  0.008021 0.862631  0.157451 0.000000  0.000000 0.989369  -0.010113
3.661421 0.003165  0.008027 0.863007  0.158013 0.000000  0.000000 0.989465  -0.010009
3.671421 0.003155  0.008033 0.863382  0.158573 0.000000  0.000000 0.989560  -0.009907
3.681421 0.003145  0.008039 0.863754  0.159132 0.000000  0.000000 0.989722  -0.009806
3.691421 0.003135  0.008045 0.864125  0.159688 0.000000  0.000000 0.989816  -0.009705
3.701421 0.003125  0.008051 0.864493  0.160242 0.000000  0.000000 0.989910  -0.009606
3.711421 0.003115  0.008056 0.864860  0.160794 0.000000  0.000000 0.990003  -0.009508
3.721421 0.003106  0.008062 0.865224  0.161345 0.000000  0.000000 0.990162  -0.009411
3.731421 0.003096  0.008068 0.865587  0.161893 0.000000  0.000000 0.990254  -0.009315
3.741421 0.003087  0.008074 0.865947  0.162439 0.000000  0.000000 0.990345  -0.009219
3.751421 0.003077  0.008080 0.866306  0.162984 0.000000  0.000000 0.990436  -0.009125
3.761421 0.003068  0.008085 0.866662  0.163526 0.000000  0.000000 0.990527  -0.009032
3.771421 0.003058  0.008091 0.867017  0.164067 0.000000  0.000000 0.990617  -0.008939
3.781421 0.003049  0.008096 0.867370  0.164605 0.000000  0.000000 0.990772  -0.008849
3.791421 0.003040  0.008102 0.867721  0.165142 0.000000  0.000000 0.990861  -0.008758
3.801421 0.003030  0.008108 0.868070  0.165677 0.000000  0.000000 0.990949  -0.008669
3.811421 0.003021  0.008113 0.868418  0.166209 0.000000  0.000000 0.991037  -0.008580
3.821421 0.003012  0.008119 0.868763  0.166740 0.000000  0.000000 0.991125  -0.008493
3.831421 0.003003  0.008124 0.869107  0.167269 0.000000  0.000000 0.991212  -0.008406
3.841421 0.002994  0.008130 0.869449  0.167797 0.000000  0.000000 0.991299  -0.008320
3.851421 0.002985  0.008135 0.869789  0.168322 0.000000  0.000000 0.991385  -0.008235
3.861421 0.002976  0.008140 0.870127  0.168845 0.000000  0.000000 0.991471  -0.008151
3.871421 0.002967  0.008146 0.870464  0.169367 0.000000  0.000000 0.991619  -0.008069
3.881421 0.002959  0.008151 0.870799  0.169887 0.000000  0.000000 0.991704  -0.007986
3.891421 0.002950  0.008156 0.871132  0.170405 0.000000  0.000000 0.991788  -0.007905
3.901421 0.002941  0.008161 0.871464  0.170921 0.000000  0.000000 0.991872  -0.007824
3.911421 0.002933  0.008167 0.871793  0.171436 0.000000  0.000000 0.991956  -0.007745
3.921421 0.002924  0.008172 0.872121  0.171948 0.000000  0.000000 0.992039  -0.007666
3.931421 0.002915  0.008177 0.872448  0.172459 0.000000  0.000000 0.992121  -0.007588
3.941421 0.002907  0.008182 0.872772  0.172968 0.000000  0.000000 0.992204  -0.007510
3.951421 0.002899  0.008187 0.873095  0.173475 0.000000  0.000000 0.992285  -0.007434
3.961421 0.002890  0.008192 0.873417  0.173981 0.000000  0.000000 0.992367  -0.007358
3.971421 0.002882  0.008197 0.873737  0.174485 0.000000  0.000000 0.992448  -0.007283
3.981421 0.002874  0.008202 0.874055  0.174987 0.000000  0.000000 0.992528  -0.007209
3.991421 0.002865  0.008207 0.874371  0.175487 0.000000  0.000000 0.992608  -0.007136
