1.24402 0.366025 0.366025 0.366025 0.366025 0.366025 0.366025 0.366025 0.366025
1.25402 0.324057  -0.111765 0.410131  -0.129835 0.293430  -0.105347 0.441975  -0.136533
1.26402 0.307510  -0.106170 0.428781  -0.131311 0.265477  -0.097504 0.474088  -0.140753
1.27402 0.295189  -0.101555 0.443172  -0.131849 0.244769  -0.091338 0.498518  -0.143290
1.28402 0.285071  -0.097476 0.455328  -0.131892 0.228062  -0.086135 0.519073  -0.144974
1.29402 0.276368  -0.093757 0.466037  -0.131616 0.213728  -0.081534 0.536840  -0.146052
1.30402 0.268674  -0.090306 0.475706  -0.131112 0.201235  -0.077411 0.552779  -0.146736
1.31402 0.261748  -0.087068 0.484577  -0.130435 0.190200  -0.073675 0.567393  -0.147137
1.32402 0.255432  -0.084005 0.492810  -0.129622 0.180232  -0.070237 0.580772  -0.147282
1.33402 0.249615  -0.081090 0.500514  -0.128698 0.171115  -0.067046 0.593146  -0.147223
1.34402 0.244216  -0.078305 0.507771  -0.127683 0.162794  -0.064085 0.604721  -0.147007
1.35402 0.239176  -0.075633 0.514644  -0.126592 0.155142  -0.061321 0.615691  -0.146674
1.36402 0.234445  -0.073063 0.521179  -0.125435 0.148023  -0.058724 0.625951  -0.146210
1.37402 0.229986  -0.070585 0.527417  -0.124223 0.141404  -0.056282 0.635669  -0.145650
1.38402 0.225769  -0.068191 0.533387  -0.122962 0.135253  -0.053985 0.644942  -0.145014
1.39402 0.221767  -0.065873 0.539116  -0.121659 0.129451  -0.051807 0.653746  -0.144300
1.40402 0.217960  -0.063627 0.544627  -0.120320 0.124003  -0.049745 0.662111  -0.143516
1.41402 0.214329  -0.061447 0.549937  -0.118949 0.118902  -0.047795 0.670171  -0.142688
1.42402 0.210858  -0.059329 0.555063  -0.117549 0.114074  -0.045940 0.677893  -0.141812
1.43402 0.207535  -0.057268 0.560018  -0.116126 0.109528  -0.044179 0.685294  -0.140893
1.44402 0.204347  -0.055261 0.564816  -0.114680 0.105208  -0.042499 0.692338  -0.139926
1.45402 0.201285  -0.053306 0.569466  -0.113215 0.101106  -0.040898 0.699146  -0.138932
1.46402 0.198338  -0.051399 0.573978  -0.111734 0.097235  -0.039374 0.705784  -0.137924
1.47402 0.195500  -0.049538 0.578361  -0.110238 0.093547  -0.037917 0.712105  -0.136878
1.48402 0.192762  -0.047720 0.582623  -0.108729 0.090025  -0.036524 0.718225  -0.135814
1.49402 0.190119  -0.045944 0.586770  -0.107209 0.086690  -0.035194 0.724152  -0.134734
1.50402 0.187564  -0.044207 0.590808  -0.105680 0.083493  -0.033920 0.729844  -0.133633
1.51402 0.185092  -0.042509 0.594744  -0.104142 0.080450  -0.032701 0.735362  -0.132520
1.52402 0.182698  -0.040846 0.598582  -0.102597 0.077547  -0.031533 0.740710  -0.131398
1.53402 0.180379  -0.039218 0.602327  -0.101046 0.074768  -0.030414 0.745896  -0.130266
1.54402 0.178129  -0.037624 0.605984  -0.099490 0.072107  -0.029340 0.750927  -0.129127
1.55402 0.175945  -0.036061 0.609557  -0.097930 0.069569  -0.028311 0.755806  -0.127982
1.56402 0.173824  -0.034529 0.613050  -0.096367 0.067134  -0.027323 0.760541  -0.126833
1.57402 0.171763  -0.033027 0.616465  -0.094802 0.064802  -0.026374 0.765136  -0.125679
1.58402 0.169759  -0.031553 0.619806  -0.093235 0.062559  -0.025462 0.769596  -0.124523
1.59402 0.167808  -0.030107 0.623077  -0.091666 0.060416  -0.024586 0.773970  -0.123371
1.60402 0.165909  -0.028687 0.626279  -0.090098 0.058355  -0.023744 0.778172  -0.122211
1.61402 0.164060  -0.027293 0.629417  -0.088529 0.056378  -0.022935 0.782296  -0.121057
1.62402 0.162257  -0.025924 0.632491  -0.086961 0.054476  -0.022155 0.786300  -0.119903
1.63402 0.160499  -0.024578 0.635505  -0.085394 0.052651  -0.021406 0.790189  -0.118751
1.64402 0.158784  -0.023256 0.638461  -0.083829 0.050892  -0.020685 0.793964  -0.117599
1.65402 0.157111  -0.021957 0.641360  -0.082266 0.049205  -0.019991 0.797674  -0.116455
1.66402 0.155477  -0.020679 0.644205  -0.080704 0.047578  -0.019322 0.801277  -0.115314
1.67402 0.153881  -0.019422 0.646997  -0.079146 0.046016  -0.018678 0.804776  -0.114175
1.68402 0.152322  -0.018186 0.649739  -0.077590 0.044511  -0.018057 0.808216  -0.113045
1.69402 0.150798  -0.016970 0.652431  -0.076038 0.043060  -0.017459 0.811557  -0.111918
1.70402 0.149308  -0.015774 0.655076  -0.074489 0.041661  -0.016883 0.814802  -0.110795
1.71402 0.147850  -0.014596 0.657675  -0.072944 0.040314  -0.016327 0.817994  -0.109682
1.72402 0.146424  -0.013436 0.660230  -0.071402 0.039018  -0.015791 0.821094  -0.108573
1.73402 0.145028  -0.012294 0.662741  -0.069865 0.037765  -0.015275 0.824083  -0.107466
1.74402 0.143661  -0.011170 0.665210  -0.068333 0.036559  -0.014776 0.827088  -0.106377
1.75402 0.142322  -0.010063 0.667638  -0.066805 0.035393  -0.014295 0.829965  -0.105288
1.76402 0.141011  -0.008972 0.670027  -0.065282 0.034268  -0.013831 0.832798  -0.104208
1.77402 0.139726  -0.007897 0.672377  -0.063763 0.033184  -0.013383 0.835588  -0.103139
1.78402 0.138467  -0.006837 0.674689  -0.062250 0.032137  -0.012951 0.838258  -0.102072
1.79402 0.137232  -0.005793 0.676966  -0.060742 0.031126  -0.012533 0.840967  -0.101023
1.80402 0.136021  -0.004764 0.679207  -0.059239 0.030150  -0.012130 0.843480  -0.099967
1.81402 0.134833  -0.003749 0.681413  -0.057741 0.029208  -0.011741 0.846034  -0.098930
1.82402 0.133668  -0.002749 0.683586  -0.056250 0.028299  -0.011365 0.848552  -0.097903
1.83402 0.132524  -0.001762 0.685726  -0.054763 0.027417  -0.011002 0.850958  -0.096879
1.84402 0.131401  -0.000789 0.687834  -0.053283 0.026566  -0.010651 0.853329  -0.095865
1.85402 0.130299  0.000171 0.689912  -0.051808 0.025744  -0.010312 0.855668  -0.094861
1.86402 0.129217  0.001118 0.691958  -0.050339 0.024949  -0.009985 0.857899  -0.093860
1.87402 0.128153  0.002053 0.693976  -0.048876 0.024180  -0.009668 0.860175  -0.092877
1.88402 0.127109  0.002975 0.695964  -0.047419 0.023438  -0.009363 0.862345  -0.091897
1.89402 0.126083  0.003885 0.697925  -0.045968 0.022718  -0.009067 0.864487  -0.090927
1.90402 0.125074  0.004784 0.699858  -0.044523 0.022023  -0.008781 0.866599  -0.089967
1.91402 0.124083  0.005671 0.701764  -0.043084 0.021350  -0.008504 0.868611  -0.089011
1.92402 0.123108  0.006546 0.703644  -0.041652 0.020700  -0.008237 0.870670  -0.088072
1.93402 0.122150  0.007411 0.705498  -0.040225 0.020071  -0.007979 0.872629  -0.087136
1.94402 0.121207  0.008264 0.707327  -0.038805 0.019461  -0.007729 0.874564  -0.086210
1.95402 0.120280  0.009108 0.709132  -0.037391 0.018870  -0.007487 0.876473  -0.085294
1.96402 0.119368  0.009940 0.710912  -0.035984 0.018299  -0.007253 0.878288  -0.084382
1.97402 0.118470  0.010763 0.712670  -0.034582 0.017747  -0.007027 0.880150  -0.083486
1.98402 0.117587  0.011576 0.714404  -0.033187 0.017211  -0.006808 0.881920  -0.082594
1.99402 0.116717  0.012378 0.716116  -0.031799 0.016693  -0.006596 0.883667  -0.081712
2.00402 0.115862  0.013172 0.717806  -0.030416 0.016191  -0.006391 0.885393  -0.080839
2.01402 0.115019  0.013956 0.719475  -0.029040 0.015705  -0.006193 0.887098  -0.079976
2.02402 0.114189  0.014730 0.721122  -0.027671 0.015233  -0.006001 0.888714  -0.079117
2.03402 0.113372  0.015496 0.722749  -0.026308 0.014777  -0.005815 0.890379  -0.078273
2.04402 0.112567  0.016253 0.724355  -0.024951 0.014336  -0.005635 0.891956  -0.077433
2.05402 0.111774  0.017001 0.725942  -0.023600 0.013908  -0.005461 0.893515  -0.076602
2.06402 0.110993  0.017741 0.727510  -0.022256 0.013493  -0.005293 0.895055  -0.075781
2.07402 0.110223  0.018472 0.729058  -0.020918 0.013091  -0.005130 0.896578  -0.074969
2.08402 0.109465  0.019195 0.730588  -0.019587 0.012701  -0.004972 0.898083  -0.074166
2.09402 0.108717  0.019910 0.732099  -0.018262 0.012323  -0.004819 0.899505  -0.073367
2.10402 0.107980  0.020617 0.733593  -0.016943 0.011957  -0.004671 0.900975  -0.072582
2.11402 0.107254  0.021317 0.735069  -0.015630 0.011604  -0.004527 0.902365  -0.071801
2.12402 0.106537  0.022008 0.736528  -0.014324 0.011260  -0.004388 0.903739  -0.071029
2.13402 0.105831  0.022693 0.737970  -0.013024 0.010926  -0.004254 0.905097  -0.070266
2.14402 0.105134  0.023370 0.739395  -0.011730 0.010603  -0.004124 0.906440  -0.069511
2.15402 0.104447  0.024039 0.740804  -0.010443 0.010290  -0.003998 0.907769  -0.068765
2.16402 0.103769  0.024702 0.742196  -0.009162 0.009986  -0.003876 0.909083  -0.068027
2.17402 0.103101  0.025357 0.743574  -0.007887 0.009691  -0.003757 0.910320  -0.067293
2.18402 0.102441  0.026006 0.744935  -0.006618 0.009406  -0.003643 0.911543  -0.066568
2.19402 0.101790  0.026648 0.746282  -0.005355 0.009129  -0.003532 0.912815  -0.065855
2.20402 0.101148  0.027283 0.747613  -0.004099 0.008860  -0.003424 0.914012  -0.065146
2.21402 0.100514  0.027912 0.748930  -0.002848 0.008600  -0.003320 0.915197  -0.064445
2.22402 0.099888  0.028534 0.750233  -0.001604 0.008348  -0.003219 0.916368  -0.063752
2.23402 0.099270  0.029150 0.751522  -0.000366 0.008102  -0.003121 0.917467  -0.063064
2.24402 0.098661  0.029760 0.752796  0.000866 0.007865  -0.003026 0.918615  -0.062386
2.25402 0.098059  0.030364 0.754057  0.002092 0.007634  -0.002935 0.919690  -0.061713
2.26402 0.097464  0.030961 0.755305  0.003313 0.007410  -0.002846 0.920815  -0.061051
2.27402 0.096878  0.031553 0.756539  0.004527 0.007193  -0.002759 0.921868  -0.060393
2.28402 0.096298  0.032139 0.757761  0.005735 0.006983  -0.002676 0.922910  -0.059743
2.29402 0.095725  0.032719 0.758969  0.006937 0.006778  -0.002595 0.923942  -0.059100
2.30402 0.095160  0.033294 0.760165  0.008134 0.006580  -0.002516 0.924964  -0.058465
2.31402 0.094601  0.033863 0.761349  0.009324 0.006388  -0.002440 0.925975  -0.057836
2.32402 0.094050  0.034426 0.762521  0.010509 0.006202  -0.002367 0.926976  -0.057215
2.33402 0.093505  0.034984 0.763680  0.011688 0.006020  -0.002295 0.927968  -0.056601
2.34402 0.092966  0.035537 0.764828  0.012861 0.005845  -0.002226 0.928892  -0.055991
2.35402 0.092434  0.036085 0.765965  0.014029 0.005675  -0.002159 0.929864  -0.055391
2.36402 0.091908  0.036627 0.767090  0.015191 0.005509  -0.002094 0.930769  -0.054794
2.37402 0.091388  0.037165 0.768203  0.016347 0.005349  -0.002031 0.931666  -0.054205
2.38402 0.090874  0.037697 0.769306  0.017497 0.005193  -0.001969 0.932555  -0.053622
2.39402 0.090366  0.038224 0.770398  0.018642 0.005042  -0.001910 0.933434  -0.053046
2.40402 0.089864  0.038747 0.771479  0.019782 0.004895  -0.001853 0.934306  -0.052476
2.41402 0.089368  0.039265 0.772550  0.020915 0.004752  -0.001797 0.935169  -0.051913
2.42402 0.088877  0.039778 0.773610  0.022043 0.004614  -0.001743 0.936024  -0.051356
2.43402 0.088392  0.040287 0.774660  0.023166 0.004480  -0.001691 0.936871  -0.050806
2.44402 0.087912  0.040791 0.775700  0.024283 0.004350  -0.001640 0.937655  -0.050259
2.45402 0.087438  0.041290 0.776730  0.025395 0.004223  -0.001591 0.938486  -0.049721
2.46402 0.086969  0.041785 0.777751  0.026502 0.004101  -0.001543 0.939256  -0.049187
2.47402 0.086505  0.042276 0.778762  0.027603 0.003981  -0.001497 0.940072  -0.048661
2.48402 0.086046  0.042762 0.779763  0.028698 0.003866  -0.001452 0.940827  -0.048139
2.49402 0.085592  0.043244 0.780755  0.029789 0.003754  -0.001408 0.941576  -0.047623
2.50402 0.085143  0.043722 0.781738  0.030874 0.003645  -0.001366 0.942317  -0.047112
2.51402 0.084699  0.044196 0.782711  0.031954 0.003539  -0.001325 0.943052  -0.046607
2.52402 0.084260  0.044666 0.783676  0.033028 0.003437  -0.001285 0.943780  -0.046109
2.53402 0.083825  0.045131 0.784632  0.034098 0.003337  -0.001247 0.944502  -0.045615
2.54402 0.083395  0.045593 0.785579  0.035162 0.003240  -0.001210 0.945217  -0.045128
2.55402 0.082969  0.046051 0.786518  0.036222 0.003146  -0.001173 0.945874  -0.044643
2.56402 0.082548  0.046505 0.787448  0.037276 0.003055  -0.001138 0.946577  -0.044167
2.57402 0.082131  0.046955 0.788370  0.038325 0.002966  -0.001104 0.947222  -0.043693
2.58402 0.081718  0.047401 0.789284  0.039369 0.002880  -0.001071 0.947913  -0.043228
2.59402 0.081310  0.047844 0.790189  0.040408 0.002797  -0.001039 0.948546  -0.042765
2.60402 0.080906  0.048283 0.791087  0.041442 0.002716  -0.001008 0.949225  -0.042310
2.61402 0.080506  0.048718 0.791977  0.042471 0.002637  -0.000978 0.949848  -0.041857
2.62402 0.080110  0.049150 0.792859  0.043495 0.002561  -0.000949 0.950465  -0.041410
2.63402 0.079718  0.049578 0.793733  0.044515 0.002487  -0.000921 0.951077  -0.040968
2.64402 0.079330  0.050003 0.794600  0.045529 0.002415  -0.000893 0.951684  -0.040531
2.65402 0.078945  0.050424 0.795459  0.046539 0.002345  -0.000867 0.952285  -0.040099
2.66402 0.078565  0.050842 0.796311  0.047544 0.002277  -0.000841 0.952882  -0.039671
2.67402 0.078188  0.051256 0.797156  0.048544 0.002211  -0.000816 0.953474  -0.039249
2.68402 0.077815  0.051668 0.797993  0.049540 0.002147  -0.000791 0.954011  -0.038829
2.69402 0.077446  0.052076 0.798824  0.050531 0.002084  -0.000768 0.954593  -0.038416
2.70402 0.077080  0.052481 0.799647  0.051517 0.002024  -0.000745 0.955121  -0.038006
2.71402 0.076717  0.052882 0.800464  0.052498 0.001966  -0.000723 0.955694  -0.037602
2.72402 0.076359  0.053281 0.801273  0.053475 0.001909  -0.000701 0.956213  -0.037202
2.73402 0.076003  0.053676 0.802076  0.054448 0.001853  -0.000680 0.956777  -0.036807
2.74402 0.075651  0.054068 0.802873  0.055415 0.001800  -0.000660 0.957287  -0.036415
2.75402 0.075302  0.054458 0.803663  0.056379 0.001748  -0.000640 0.957794  -0.036027
2.76402 0.074957  0.054844 0.804446  0.057338 0.001697  -0.000621 0.958321  -0.035645
2.77402 0.074614  0.055227 0.805223  0.058292 0.001648  -0.000603 0.958867  -0.035268
2.78402 0.074275  0.055608 0.805994  0.059242 0.001600  -0.000585 0.959314  -0.034891
2.79402 0.073939  0.055985 0.806758  0.060187 0.001554  -0.000567 0.959851  -0.034523
2.80402 0.073607  0.056360 0.807517  0.061128 0.001509  -0.000551 0.960291  -0.034155
2.81402 0.073277  0.056732 0.808269  0.062065 0.001465  -0.000534 0.960821  -0.033794
2.82402 0.072950  0.057101 0.809015  0.062998 0.001423  -0.000518 0.961253  -0.033435
2.83402 0.072626  0.057467 0.809755  0.063926 0.001382  -0.000503 0.961682  -0.033079
2.84402 0.072305  0.057831 0.810490  0.064850 0.001342  -0.000488 0.962200  -0.032730
2.85402 0.071987  0.058192 0.811219  0.065769 0.001303  -0.000474 0.962622  -0.032383
2.86402 0.071672  0.058550 0.811942  0.066685 0.001265  -0.000459 0.963040  -0.032039
2.87402 0.071359  0.058906 0.812659  0.067596 0.001228  -0.000446 0.963547  -0.031702
2.88402 0.071050  0.059259 0.813371  0.068503 0.001193  -0.000433 0.963959  -0.031366
2.89402 0.070743  0.059609 0.814077  0.069406 0.001158  -0.000420 0.964368  -0.031033
2.90402 0.070438  0.059957 0.814778  0.070305 0.001125  -0.000407 0.964773  -0.030704
2.91402 0.070137  0.060303 0.815474  0.071200 0.001092  -0.000395 0.965176  -0.030379
2.92402 0.069838  0.060646 0.816164  0.072091 0.001061  -0.000383 0.965665  -0.030061
2.93402 0.069541  0.060986 0.816849  0.072978 0.001030  -0.000372 0.966062  -0.029743
2.94402 0.069248  0.061325 0.817528  0.073860 0.001000  -0.000361 0.966455  -0.029428
2.95402 0.068956  0.061660 0.818203  0.074739 0.000971  -0.000350 0.966845  -0.029118
2.96402 0.068668  0.061994 0.818873  0.075614 0.000943  -0.000340 0.967233  -0.028810
2.97402 0.068381  0.062325 0.819537  0.076485 0.000916  -0.000330 0.967617  -0.028506
2.98402 0.068097  0.062653 0.820197  0.077352 0.000889  -0.000320 0.967999  -0.028206
2.99402 0.067816  0.062980 0.820851  0.078215 0.000863  -0.000311 0.968378  -0.027908
3.00402 0.067536  0.063304 0.821501  0.079074 0.000838  -0.000301 0.968754  -0.027615
3.01402 0.067259  0.063626 0.822146  0.079930 0.000814  -0.000292 0.969127  -0.027324
3.02402 0.066985  0.063946 0.822787  0.080781 0.000790  -0.000284 0.969498  -0.027036
3.03402 0.066713  0.064263 0.823422  0.081629 0.000768  -0.000275 0.969780  -0.026750
3.04402 0.066443  0.064578 0.824053  0.082474 0.000745  -0.000267 0.970146  -0.026469
3.05402 0.066175  0.064892 0.824680  0.083314 0.000724  -0.000259 0.970509  -0.026191
3.06402 0.065909  0.065203 0.825301  0.084151 0.000703  -0.000252 0.970869  -0.025916
3.07402 0.065645  0.065512 0.825919  0.084984 0.000682  -0.000244 0.971227  -0.025644
3.08402 0.065384  0.065818 0.826532  0.085813 0.000662  -0.000237 0.971498  -0.025372
3.09402 0.065125  0.066123 0.827141  0.086639 0.000643  -0.000230 0.971851  -0.025106
3.10402 0.064868  0.066426 0.827745  0.087461 0.000625  -0.000223 0.972202  -0.024843
3.11402 0.064612  0.066727 0.828345  0.088280 0.000607  -0.000216 0.972466  -0.024581
3.12402 0.064359  0.067026 0.828941  0.089095 0.000589  -0.000210 0.972813  -0.024324
3.13402 0.064108  0.067322 0.829532  0.089906 0.000572  -0.000204 0.973156  -0.024069
3.14402 0.063859  0.067617 0.830120  0.090714 0.000555  -0.000198 0.973415  -0.023816
3.15402 0.063612  0.067910 0.830703  0.091518 0.000539  -0.000192 0.973754  -0.023567
3.16402 0.063367  0.068201 0.831282  0.092319 0.000524  -0.000186 0.974009  -0.023319
3.17402 0.063123  0.068490 0.831857  0.093117 0.000508  -0.000181 0.974343  -0.023075
3.18402 0.062882  0.068778 0.832429  0.093911 0.000494  -0.000175 0.974676  -0.022834
3.19402 0.062642  0.069063 0.832996  0.094702 0.000479  -0.000170 0.974925  -0.022594
3.20402 0.062405  0.069347 0.833559  0.095489 0.000465  -0.000165 0.975253  -0.022359
3.21402 0.062169  0.069628 0.834119  0.096273 0.000452  -0.000160 0.975499  -0.022124
3.22402 0.061935  0.069908 0.834675  0.097054 0.000439  -0.000155 0.975742  -0.021892
3.23402 0.061702  0.070187 0.835227  0.097831 0.000426  -0.000151 0.976064  -0.021664
3.24402 0.061472  0.070463 0.835775  0.098605 0.000414  -0.000146 0.976304  -0.021437
3.25402 0.061243  0.070738 0.836320  0.099375 0.000402  -0.000142 0.976623  -0.021214
3.26402 0.061016  0.071011 0.836861  0.100143 0.000390  -0.000138 0.976859  -0.020991
3.27402 0.060790  0.071282 0.837398  0.100907 0.000379  -0.000134 0.977094  -0.020772
3.28402 0.060567  0.071551 0.837932  0.101668 0.000368  -0.000130 0.977407  -0.020556
3.29402 0.060345  0.071819 0.838462  0.102426 0.000357  -0.000126 0.977639  -0.020341
3.30402 0.060124  0.072085 0.838988  0.103180 0.000347  -0.000122 0.977869  -0.020128
3.31402 0.059906  0.072350 0.839512  0.103932 0.000336  -0.000119 0.978097  -0.019918
3.32402 0.059688  0.072613 0.840031  0.104680 0.000327  -0.000115 0.978403  -0.019711
3.33402 0.059473  0.072874 0.840548  0.105425 0.000317  -0.000112 0.978628  -0.019505
3.34402 0.059259  0.073134 0.841061  0.106167 0.000308  -0.000108 0.978852  -0.019302
3.35402 0.059046  0.073392 0.841570  0.106906 0.000299  -0.000105 0.979075  -0.019100
3.36402 0.058835  0.073648 0.842077  0.107642 0.000290  -0.000102 0.979373  -0.018902
3.37402 0.058626  0.073903 0.842580  0.108375 0.000282  -0.000099 0.979592  -0.018705
3.38402 0.058418  0.074157 0.843080  0.109105 0.000274  -0.000096 0.979810  -0.018511
3.39402 0.058212  0.074409 0.843576  0.109832 0.000266  -0.000093 0.980027  -0.018318
3.40402 0.058007  0.074659 0.844070  0.110555 0.000258  -0.000091 0.980242  -0.018127
3.41402 0.057803  0.074908 0.844560  0.111276 0.000250  -0.000088 0.980456  -0.017938
3.42402 0.057601  0.075156 0.845047  0.111994 0.000243  -0.000085 0.980669  -0.017752
3.43402 0.057401  0.075402 0.845531  0.112709 0.000236  -0.000083 0.980880  -0.017567
3.44402 0.057201  0.075646 0.846013  0.113421 0.000229  -0.000080 0.981090  -0.017385
3.45402 0.057004  0.075889 0.846491  0.114130 0.000223  -0.000078 0.981299  -0.017204
3.46402 0.056807  0.076131 0.846966  0.114836 0.000216  -0.000076 0.981506  -0.017025
3.47402 0.056612  0.076371 0.847438  0.115540 0.000210  -0.000073 0.981712  -0.016849
3.48402 0.056418  0.076610 0.847907  0.116240 0.000204  -0.000071 0.981917  -0.016674
3.49402 0.056226  0.076847 0.848373  0.116938 0.000198  -0.000069 0.982120  -0.016501
3.50402 0.056035  0.077083 0.848836  0.117633 0.000192  -0.000067 0.982322  -0.016330
3.51402 0.055845  0.077318 0.849297  0.118325 0.000186  -0.000065 0.982523  -0.016160
3.52402 0.055657  0.077552 0.849754  0.119014 0.000181  -0.000063 0.982723  -0.015993
3.53402 0.055469  0.077784 0.850209  0.119701 0.000176  -0.000061 0.982922  -0.015827
3.54402 0.055284  0.078014 0.850661  0.120385 0.000171  -0.000059 0.983119  -0.015663
3.55402 0.055099  0.078244 0.851111  0.121066 0.000166  -0.000058 0.983315  -0.015501
3.56402 0.054915  0.078472 0.851557  0.121744 0.000161  -0.000056 0.983510  -0.015341
3.57402 0.054733  0.078699 0.852001  0.122420 0.000156  -0.000054 0.983632  -0.015181
3.58402 0.054552  0.078924 0.852442  0.123093 0.000152  -0.000053 0.983825  -0.015024
3.59402 0.054373  0.079148 0.852881  0.123763 0.000147  -0.000051 0.984017  -0.014869
3.60402 0.054194  0.079371 0.853317  0.124431 0.000143  -0.000050 0.984207  -0.014716
3.61402 0.054017  0.079593 0.853750  0.125096 0.000139  -0.000048 0.984397  -0.014564
3.62402 0.053840  0.079813 0.854181  0.125758 0.000135  -0.000047 0.984514  -0.014412
3.63402 0.053665  0.080033 0.854609  0.126418 0.000131  -0.000045 0.984701  -0.014263
3.64402 0.053491  0.080251 0.855034  0.127076 0.000127  -0.000044 0.984888  -0.014116
3.65402 0.053319  0.080468 0.855458  0.127730 0.000123  -0.000043 0.985073  -0.013971
3.66402 0.053147  0.080683 0.855878  0.128382 0.000120  -0.000041 0.985187  -0.013826
3.67402 0.052976  0.080898 0.856296  0.129032 0.000116  -0.000040 0.985370  -0.013683
3.68402 0.052807  0.081111 0.856712  0.129679 0.000113  -0.000039 0.985552  -0.013542
3.69402 0.052639  0.081323 0.857125  0.130323 0.000109  -0.000038 0.985664  -0.013402
3.70402 0.052471  0.081534 0.857536  0.130965 0.000106  -0.000037 0.985844  -0.013264
3.71402 0.052305  0.081744 0.857945  0.131605 0.000103  -0.000036 0.986023  -0.013128
3.72402 0.052140  0.081953 0.858351  0.132242 0.000100  -0.000035 0.986132  -0.012992
3.73402 0.051976  0.082160 0.858755  0.132877 0.000097  -0.000034 0.986310  -0.012858
3.74402 0.051813  0.082367 0.859156  0.133509 0.000094  -0.000033 0.986418  -0.012725
3.75402 0.051651  0.082572 0.859555  0.134139 0.000092  -0.000032 0.986593  -0.012594
3.76402 0.051490  0.082776 0.859952  0.134766 0.000089  -0.000031 0.986768  -0.012465
3.77402 0.051330  0.082979 0.860347  0.135391 0.000086  -0.000030 0.986873  -0.012336
3.78402 0.051171  0.083182 0.860739  0.136014 0.000084  -0.000029 0.987046  -0.012209
3.79402 0.051013  0.083383 0.861129  0.136634 0.000081  -0.000028 0.987150  -0.012083
3.80402 0.050856  0.083582 0.861517  0.137252 0.000079  -0.000027 0.987322  -0.011959
3.81402 0.050700  0.083781 0.861903  0.137867 0.000077  -0.000026 0.987424  -0.011836
3.82402 0.050545  0.083979 0.862287  0.138480 0.000074  -0.000026 0.987594  -0.011714
3.83402 0.050391  0.084176 0.862668  0.139091 0.000072  -0.000025 0.987695  -0.011594
3.84402 0.050238  0.084372 0.863048  0.139700 0.000070  -0.000024 0.987863  -0.011475
3.85402 0.050085  0.084567 0.863425  0.140306 0.000068  -0.000023 0.987963  -0.011356
3.86402 0.049934  0.084760 0.863800  0.140910 0.000066  -0.000023 0.988129  -0.011240
3.87402 0.049784  0.084953 0.864173  0.141512 0.000064  -0.000022 0.988228  -0.011124
3.88402 0.049634  0.085145 0.864544  0.142111 0.000062  -0.000021 0.988326  -0.011010
3.89402 0.049486  0.085336 0.864913  0.142709 0.000060  -0.000021 0.988490  -0.010897
3.90402 0.049338  0.085526 0.865280  0.143304 0.000059  -0.000020 0.988587  -0.010785
3.91402 0.049191  0.085714 0.865645  0.143896 0.000057  -0.000020 0.988749  -0.010675
3.92402 0.049045  0.085902 0.866008  0.144487 0.000055  -0.000019 0.988845  -0.010565
3.93402 0.048900  0.086089 0.866369  0.145076 0.000054  -0.000018 0.988940  -0.010456
3.94402 0.048756  0.086275 0.866728  0.145662 0.000052  -0.000018 0.989100  -0.010349
3.95402 0.048613  0.086460 0.867085  0.146246 0.000051  -0.000017 0.989194  -0.010243
3.96402 0.048470  0.086644 0.867440  0.146828 0.000049  -0.000017 0.989288  -0.010138
3.97402 0.048328  0.086827 0.867793  0.147408 0.000048  -0.000016 0.989445  -0.010034
3.98402 0.048188  0.087010 0.868145  0.147985 0.000046  -0.000016 0.989538  -0.009931
3.99402 0.048048  0.087191 0.868494  0.148561 0.000045  -0.000015 0.989630  -0.009829
