1.125 0.333333 0.333333 0.333333 0.333333 0.333333 0.333333 0.333333 0.333333
1.135 0.290529  -0.099345 0.379074  -0.120673 0.259435  -0.091868 0.412179  -0.128660
1.145 0.273874  -0.093353 0.398615  -0.122993 0.231441  -0.083320 0.445874  -0.134275
1.155 0.261565  -0.088518 0.413759  -0.124190 0.210774  -0.076722 0.471349  -0.137807
1.165 0.251519  -0.084311 0.426593  -0.124790 0.194173  -0.071242 0.492791  -0.140304
1.175 0.242924  -0.080526 0.437927  -0.125000 0.180288  -0.066531 0.511703  -0.142149
1.185 0.235363  -0.077053 0.448182  -0.124931 0.168197  -0.062353 0.528560  -0.143474
1.195 0.228586  -0.073825 0.457606  -0.124647 0.157509  -0.058600 0.543928  -0.144425
1.205 0.222432  -0.070798 0.466365  -0.124193 0.148028  -0.055214 0.558165  -0.145092
1.215 0.216786  -0.067941 0.474572  -0.123600 0.139375  -0.052101 0.571278  -0.145489
1.225 0.211566  -0.065231 0.482311  -0.122891 0.131551  -0.049249 0.583596  -0.145695
1.235 0.206709  -0.062649 0.489647  -0.122083 0.124314  -0.046600 0.595072  -0.145708
1.245 0.202166  -0.060181 0.496629  -0.121191 0.117720  -0.044157 0.606050  -0.145605
1.255 0.197898  -0.057816 0.503297  -0.120226 0.111574  -0.041875 0.616347  -0.145354
1.265 0.193874  -0.055544 0.509684  -0.119197 0.105897  -0.039749 0.626128  -0.144993
1.275 0.190066  -0.053357 0.515816  -0.118111 0.100610  -0.037761 0.635473  -0.144543
1.285 0.186454  -0.051248 0.521717  -0.116976 0.095671  -0.035897 0.644411  -0.144012
1.295 0.183019  -0.049211 0.527406  -0.115797 0.091043  -0.034144 0.652910  -0.143396
1.305 0.179744  -0.047241 0.532900  -0.114579 0.086721  -0.032500 0.661107  -0.142726
1.315 0.176616  -0.045333 0.538213  -0.113326 0.082641  -0.030947 0.668908  -0.141986
1.325 0.173623  -0.043483 0.543358  -0.112043 0.078819  -0.029486 0.676443  -0.141202
1.335 0.170755  -0.041688 0.548346  -0.110731 0.075198  -0.028103 0.683671  -0.140369
1.345 0.168002  -0.039945 0.553187  -0.109394 0.071791  -0.026798 0.690607  -0.139490
1.355 0.165357  -0.038250 0.557891  -0.108035 0.068576  -0.025563 0.697372  -0.138591
1.365 0.162811  -0.036601 0.562464  -0.106656 0.065528  -0.024394 0.703814  -0.137644
1.375 0.160357  -0.034995 0.566915  -0.105259 0.062642  -0.023285 0.710105  -0.136681
1.385 0.157992  -0.033431 0.571250  -0.103846 0.059919  -0.022236 0.716147  -0.135687
1.395 0.155707  -0.031907 0.575475  -0.102419 0.057328  -0.021239 0.722002  -0.134673
1.405 0.153500  -0.030419 0.579596  -0.100979 0.054857  -0.020291 0.727677  -0.133641
1.415 0.151365  -0.028968 0.583617  -0.099528 0.052519  -0.019391 0.733179  -0.132593
1.425 0.149298  -0.027550 0.587544  -0.098067 0.050303  -0.018538 0.738514  -0.131531
1.435 0.147296  -0.026166 0.591380  -0.096598 0.048181  -0.017723 0.743690  -0.130457
1.445 0.145355  -0.024812 0.595129  -0.095120 0.046171  -0.016950 0.748661  -0.129363
1.455 0.143472  -0.023489 0.598796  -0.093636 0.044246  -0.016213 0.753533  -0.128269
1.465 0.141645  -0.022195 0.602383  -0.092146 0.042419  -0.015511 0.758260  -0.127166
1.475 0.139869  -0.020928 0.605894  -0.090652 0.040675  -0.014843 0.762848  -0.126056
1.485 0.138143  -0.019688 0.609331  -0.089153 0.039012  -0.014206 0.767349  -0.124948
1.495 0.136465  -0.018473 0.612699  -0.087651 0.037422  -0.013598 0.771671  -0.123827
1.505 0.134832  -0.017283 0.615998  -0.086146 0.035904  -0.013019 0.775913  -0.122709
1.515 0.133243  -0.016118 0.619232  -0.084640 0.034454  -0.012466 0.780031  -0.121589
1.525 0.131695  -0.014975 0.622404  -0.083132 0.033069  -0.011938 0.784030  -0.120466
1.535 0.130186  -0.013854 0.625514  -0.081622 0.031745  -0.011434 0.787912  -0.119341
1.545 0.128715  -0.012755 0.628566  -0.080113 0.030479  -0.010953 0.791726  -0.118222
1.555 0.127281  -0.011676 0.631561  -0.078604 0.029265  -0.010494 0.795429  -0.117102
1.565 0.125882  -0.010618 0.634502  -0.077095 0.028106  -0.010055 0.799070  -0.115989
1.575 0.124516  -0.009579 0.637389  -0.075587 0.026998  -0.009635 0.802560  -0.114871
1.585 0.123182  -0.008558 0.640225  -0.074080 0.025934  -0.009234 0.806037  -0.113766
1.595 0.121880  -0.007557 0.643011  -0.072575 0.024914  -0.008851 0.809369  -0.112656
1.605 0.120607  -0.006572 0.645748  -0.071072 0.023938  -0.008484 0.812647  -0.111555
1.615 0.119363  -0.005605 0.648439  -0.069571 0.023004  -0.008134 0.815873  -0.110461
1.625 0.118146  -0.004655 0.651085  -0.068073 0.022106  -0.007798 0.818962  -0.109365
1.635 0.116956  -0.003720 0.653686  -0.066577 0.021247  -0.007477 0.822045  -0.108283
1.645 0.115792  -0.002802 0.656245  -0.065085 0.020424  -0.007170 0.824996  -0.107199
1.655 0.114653  -0.001899 0.658761  -0.063596 0.019633  -0.006876 0.827944  -0.106129
1.665 0.113537  -0.001010 0.661238  -0.062110 0.018874  -0.006595 0.830743  -0.105056
1.675 0.112445  -0.000136 0.663674  -0.060628 0.018149  -0.006326 0.833603  -0.104004
1.685 0.111375  0.000724 0.666073  -0.059150 0.017451  -0.006068 0.836338  -0.102951
1.695 0.110327  0.001570 0.668434  -0.057677 0.016780  -0.005821 0.838953  -0.101899
1.705 0.109300  0.002403 0.670759  -0.056207 0.016136  -0.005584 0.841609  -0.100865
1.715 0.108293  0.003223 0.673048  -0.054742 0.015519  -0.005358 0.844147  -0.099832
1.725 0.107306  0.004031 0.675303  -0.053281 0.014926  -0.005141 0.846649  -0.098808
1.735 0.106337  0.004826 0.677524  -0.051825 0.014356  -0.004933 0.849036  -0.097785
1.745 0.105388  0.005609 0.679713  -0.050373 0.013809  -0.004733 0.851468  -0.096781
1.755 0.104456  0.006380 0.681869  -0.048927 0.013284  -0.004542 0.853789  -0.095778
1.765 0.103541  0.007140 0.683994  -0.047485 0.012779  -0.004359 0.856077  -0.094785
1.775 0.102643  0.007889 0.686089  -0.046049 0.012294  -0.004184 0.858334  -0.093801
1.785 0.101762  0.008627 0.688154  -0.044618 0.011829  -0.004016 0.860560  -0.092828
1.795 0.100897  0.009354 0.690190  -0.043192 0.011380  -0.003854 0.862680  -0.091856
1.805 0.100047  0.010071 0.692197  -0.041771 0.010950  -0.003700 0.864848  -0.090902
1.815 0.099212  0.010778 0.694177  -0.040356 0.010536  -0.003551 0.866912  -0.089950
1.825 0.098391  0.011475 0.696129  -0.038946 0.010139  -0.003409 0.868948  -0.089008
1.835 0.097585  0.012163 0.698055  -0.037542 0.009756  -0.003273 0.870958  -0.088076
1.845 0.096793  0.012841 0.699955  -0.036143 0.009388  -0.003142 0.872869  -0.087146
1.855 0.096014  0.013509 0.701830  -0.034750 0.009035  -0.003017 0.874828  -0.086233
1.865 0.095248  0.014169 0.703680  -0.033363 0.008694  -0.002896 0.876690  -0.085323
1.875 0.094495  0.014820 0.705505  -0.031981 0.008368  -0.002781 0.878528  -0.084422
1.885 0.093754  0.015462 0.707307  -0.030605 0.008053  -0.002670 0.880343  -0.083531
1.895 0.093026  0.016096 0.709085  -0.029235 0.007751  -0.002564 0.882135  -0.082649
1.905 0.092309  0.016721 0.710841  -0.027871 0.007460  -0.002462 0.883835  -0.081771
1.915 0.091603  0.017338 0.712574  -0.026512 0.007180  -0.002364 0.885584  -0.080908
1.925 0.090909  0.017948 0.714286  -0.025159 0.006911  -0.002270 0.887242  -0.080048
1.935 0.090226  0.018549 0.715976  -0.023813 0.006652  -0.002180 0.888880  -0.079198
1.945 0.089553  0.019143 0.717645  -0.022472 0.006402  -0.002094 0.890498  -0.078357
1.955 0.088891  0.019730 0.719293  -0.021137 0.006162  -0.002011 0.892096  -0.077525
1.965 0.088239  0.020309 0.720922  -0.019808 0.005932  -0.001931 0.893608  -0.076697
1.975 0.087597  0.020881 0.722530  -0.018484 0.005710  -0.001855 0.895170  -0.075883
1.985 0.086964  0.021446 0.724119  -0.017167 0.005496  -0.001781 0.896646  -0.075073
1.995 0.086341  0.022005 0.725689  -0.015856 0.005290  -0.001711 0.898171  -0.074277
2.005 0.085727  0.022556 0.727241  -0.014550 0.005093  -0.001643 0.899613  -0.073484
2.015 0.085122  0.023101 0.728774  -0.013251 0.004902  -0.001578 0.901038  -0.072700
2.025 0.084526  0.023639 0.730289  -0.011957 0.004719  -0.001516 0.902381  -0.071920
2.035 0.083939  0.024171 0.731786  -0.010670 0.004543  -0.001456 0.903774  -0.071154
2.045 0.083359  0.024697 0.733266  -0.009388 0.004373  -0.001399 0.905152  -0.070396
2.055 0.082789  0.025217 0.734730  -0.008112 0.004209  -0.001343 0.906449  -0.069641
2.065 0.082226  0.025730 0.736176  -0.006842 0.004052  -0.001290 0.907797  -0.068900
2.075 0.081671  0.026238 0.737606  -0.005578 0.003901  -0.001240 0.909065  -0.068162
2.085 0.081124  0.026740 0.739020  -0.004320 0.003755  -0.001191 0.910320  -0.067433
2.095 0.080584  0.027236 0.740418  -0.003068 0.003615  -0.001144 0.911561  -0.066712
2.105 0.080052  0.027727 0.741801  -0.001822 0.003480  -0.001099 0.912789  -0.065999
2.115 0.079527  0.028212 0.743168  -0.000581 0.003350  -0.001056 0.913940  -0.065289
2.125 0.079009  0.028692 0.744521  0.000654 0.003224  -0.001014 0.915142  -0.064592
2.135 0.078497  0.029166 0.745858  0.001883 0.003104  -0.000974 0.916331  -0.063903
2.145 0.077993  0.029635 0.747182  0.003106 0.002988  -0.000936 0.917445  -0.063217
2.155 0.077495  0.030099 0.748491  0.004323 0.002876  -0.000899 0.918548  -0.062539
2.165 0.077004  0.030559 0.749786  0.005535 0.002769  -0.000864 0.919639  -0.061869
2.175 0.076520  0.031013 0.751067  0.006741 0.002666  -0.000830 0.920719  -0.061206
2.185 0.076041  0.031462 0.752334  0.007941 0.002566  -0.000797 0.921788  -0.060550
2.195 0.075569  0.031907 0.753589  0.009135 0.002470  -0.000766 0.922846  -0.059903
2.205 0.075102  0.032347 0.754830  0.010324 0.002378  -0.000736 0.923893  -0.059262
2.215 0.074642  0.032782 0.756058  0.011507 0.002289  -0.000707 0.924930  -0.058629
2.225 0.074187  0.033213 0.757274  0.012684 0.002203  -0.000679 0.925896  -0.057999
2.235 0.073738  0.033639 0.758477  0.013856 0.002121  -0.000653 0.926912  -0.057380
2.245 0.073294  0.034061 0.759668  0.015023 0.002042  -0.000627 0.927859  -0.056764
2.255 0.072856  0.034478 0.760847  0.016183 0.001965  -0.000602 0.928797  -0.056155
2.265 0.072423  0.034892 0.762014  0.017339 0.001892  -0.000579 0.929725  -0.055553
2.275 0.071996  0.035301 0.763169  0.018488 0.001821  -0.000556 0.930703  -0.054962
2.285 0.071574  0.035706 0.764313  0.019633 0.001753  -0.000534 0.931613  -0.054374
2.295 0.071156  0.036107 0.765445  0.020771 0.001687  -0.000513 0.932457  -0.053789
2.305 0.070744  0.036504 0.766566  0.021905 0.001624  -0.000493 0.933349  -0.053214
2.315 0.070337  0.036897 0.767676  0.023033 0.001563  -0.000474 0.934234  -0.052645
2.325 0.069934  0.037286 0.768776  0.024155 0.001505  -0.000455 0.935053  -0.052080
2.335 0.069536  0.037672 0.769865  0.025272 0.001448  -0.000437 0.935921  -0.051524
2.345 0.069142  0.038053 0.770943  0.026384 0.001394  -0.000420 0.936724  -0.050972
2.355 0.068754  0.038431 0.772011  0.027491 0.001342  -0.000404 0.937576  -0.050429
2.365 0.068369  0.038806 0.773068  0.028592 0.001291  -0.000388 0.938364  -0.049889
2.375 0.067989  0.039177 0.774116  0.029688 0.001243  -0.000373 0.939145  -0.049355
2.385 0.067614  0.039544 0.775154  0.030779 0.001196  -0.000358 0.939918  -0.048827
2.395 0.067242  0.039908 0.776182  0.031865 0.001151  -0.000344 0.940685  -0.048305
2.405 0.066875  0.040268 0.777200  0.032945 0.001108  -0.000331 0.941444  -0.047789
2.415 0.066511  0.040625 0.778209  0.034021 0.001067  -0.000318 0.942197  -0.047279
2.425 0.066152  0.040979 0.779209  0.035091 0.001027  -0.000305 0.942942  -0.046775
2.435 0.065797  0.041329 0.780199  0.036156 0.000988  -0.000293 0.943681  -0.046276
2.445 0.065446  0.041677 0.781180  0.037216 0.000951  -0.000282 0.944360  -0.045781
2.455 0.065098  0.042021 0.782153  0.038272 0.000915  -0.000271 0.945086  -0.045293
2.465 0.064754  0.042362 0.783116  0.039322 0.000881  -0.000260 0.945753  -0.044809
2.475 0.064414  0.042699 0.784071  0.040367 0.000848  -0.000250 0.946466  -0.044333
2.485 0.064077  0.043034 0.785017  0.041407 0.000816  -0.000240 0.947120  -0.043859
2.495 0.063744  0.043366 0.785955  0.042443 0.000785  -0.000231 0.947769  -0.043391
2.505 0.063415  0.043695 0.786885  0.043473 0.000756  -0.000222 0.948412  -0.042928
2.515 0.063089  0.044021 0.787806  0.044499 0.000727  -0.000213 0.949050  -0.042470
2.525 0.062766  0.044344 0.788719  0.045519 0.000700  -0.000205 0.949681  -0.042018
2.535 0.062447  0.044664 0.789624  0.046536 0.000673  -0.000197 0.950308  -0.041571
2.545 0.062131  0.044982 0.790521  0.047547 0.000648  -0.000189 0.950929  -0.041128
2.555 0.061818  0.045296 0.791411  0.048553 0.000624  -0.000182 0.951545  -0.040691
2.565 0.061509  0.045608 0.792292  0.049555 0.000600  -0.000175 0.952155  -0.040258
2.575 0.061202  0.045918 0.793167  0.050552 0.000577  -0.000168 0.952761  -0.039831
2.585 0.060899  0.046224 0.794033  0.051545 0.000556  -0.000161 0.953311  -0.039406
2.595 0.060599  0.046528 0.794892  0.052532 0.000535  -0.000155 0.953906  -0.038988
2.605 0.060302  0.046830 0.795744  0.053516 0.000514  -0.000149 0.954446  -0.038573
2.615 0.060007  0.047129 0.796589  0.054494 0.000495  -0.000143 0.955032  -0.038164
2.625 0.059716  0.047425 0.797427  0.055469 0.000476  -0.000137 0.955564  -0.037758
2.635 0.059427  0.047719 0.798258  0.056438 0.000458  -0.000132 0.956091  -0.037356
2.645 0.059142  0.048010 0.799081  0.057403 0.000441  -0.000127 0.956662  -0.036961
2.655 0.058859  0.048299 0.799898  0.058364 0.000424  -0.000122 0.957180  -0.036569
2.665 0.058579  0.048586 0.800709  0.059320 0.000408  -0.000117 0.957694  -0.036180
2.675 0.058301  0.048871 0.801512  0.060272 0.000393  -0.000113 0.958204  -0.035797
2.685 0.058026  0.049153 0.802309  0.061219 0.000378  -0.000108 0.958710  -0.035417
2.695 0.057754  0.049432 0.803099  0.062163 0.000364  -0.000104 0.959211  -0.035042
2.705 0.057484  0.049710 0.803883  0.063101 0.000350  -0.000100 0.959733  -0.034672
2.715 0.057217  0.049985 0.804661  0.064036 0.000337  -0.000096 0.960179  -0.034303
2.725 0.056953  0.050258 0.805433  0.064966 0.000324  -0.000092 0.960621  -0.033938
2.735 0.056691  0.050529 0.806198  0.065892 0.000312  -0.000089 0.961154  -0.033581
2.745 0.056431  0.050798 0.806957  0.066814 0.000300  -0.000085 0.961589  -0.033225
2.755 0.056174  0.051064 0.807710  0.067731 0.000288  -0.000082 0.962021  -0.032873
2.765 0.055919  0.051329 0.808457  0.068644 0.000277  -0.000079 0.962543  -0.032527
2.775 0.055666  0.051591 0.809199  0.069554 0.000267  -0.000075 0.962967  -0.032183
2.785 0.055416  0.051852 0.809934  0.070459 0.000257  -0.000073 0.963388  -0.031842
2.795 0.055168  0.052110 0.810664  0.071360 0.000247  -0.000070 0.963806  -0.031505
2.805 0.054922  0.052366 0.811388  0.072257 0.000238  -0.000067 0.964221  -0.031172
2.815 0.054679  0.052621 0.812106  0.073150 0.000229  -0.000064 0.964632  -0.030842
2.825 0.054437  0.052873 0.812819  0.074039 0.000220  -0.000062 0.965132  -0.030519
2.835 0.054198  0.053124 0.813527  0.074923 0.000212  -0.000059 0.965537  -0.030197
2.845 0.053961  0.053372 0.814229  0.075804 0.000204  -0.000057 0.965939  -0.029878
2.855 0.053726  0.053619 0.814925  0.076681 0.000196  -0.000055 0.966338  -0.029563
2.865 0.053493  0.053864 0.815617  0.077554 0.000188  -0.000053 0.966734  -0.029251
2.875 0.053262  0.054107 0.816303  0.078424 0.000181  -0.000051 0.967126  -0.028943
2.885 0.053034  0.054348 0.816984  0.079289 0.000174  -0.000049 0.967516  -0.028639
2.895 0.052807  0.054588 0.817660  0.080150 0.000168  -0.000047 0.967903  -0.028337
2.905 0.052582  0.054825 0.818330  0.081008 0.000161  -0.000045 0.968199  -0.028036
2.915 0.052359  0.055061 0.818996  0.081862 0.000155  -0.000043 0.968581  -0.027742
2.925 0.052138  0.055295 0.819657  0.082712 0.000149  -0.000041 0.968960  -0.027450
2.935 0.051919  0.055528 0.820313  0.083558 0.000144  -0.000040 0.969336  -0.027162
2.945 0.051701  0.055759 0.820964  0.084401 0.000138  -0.000038 0.969709  -0.026877
2.955 0.051486  0.055988 0.821611  0.085240 0.000133  -0.000037 0.970080  -0.026595
2.965 0.051272  0.056215 0.822252  0.086075 0.000128  -0.000035 0.970361  -0.026314
2.975 0.051060  0.056441 0.822889  0.086906 0.000123  -0.000034 0.970727  -0.026038
2.985 0.050850  0.056665 0.823522  0.087734 0.000118  -0.000033 0.971090  -0.025765
2.995 0.050642  0.056888 0.824150  0.088559 0.000114  -0.000031 0.971450  -0.025495
3.005 0.050435  0.057109 0.824773  0.089379 0.000109  -0.000030 0.971722  -0.025226
3.015 0.050230  0.057328 0.825392  0.090196 0.000105  -0.000029 0.972078  -0.024962
3.025 0.050027  0.057546 0.826006  0.091010 0.000101  -0.000028 0.972431  -0.024701
3.035 0.049825  0.057763 0.826617  0.091820 0.000097  -0.000027 0.972697  -0.024441
3.045 0.049625  0.057977 0.827222  0.092627 0.000094  -0.000026 0.973046  -0.024186
3.055 0.049427  0.058191 0.827824  0.093430 0.000090  -0.000025 0.973308  -0.023931
3.065 0.049230  0.058403 0.828421  0.094229 0.000086  -0.000024 0.973652  -0.023681
3.075 0.049035  0.058613 0.829014  0.095026 0.000083  -0.000023 0.973910  -0.023432
3.085 0.048841  0.058822 0.829603  0.095818 0.000080  -0.000022 0.974249  -0.023188
3.095 0.048649  0.059030 0.830188  0.096608 0.000077  -0.000021 0.974503  -0.022945
3.105 0.048458  0.059236 0.830769  0.097394 0.000074  -0.000020 0.974838  -0.022706
3.115 0.048269  0.059440 0.831346  0.098177 0.000071  -0.000019 0.975089  -0.022467
3.125 0.048082  0.059644 0.831918  0.098956 0.000068  -0.000019 0.975420  -0.022234
3.135 0.047896  0.059846 0.832487  0.099732 0.000066  -0.000018 0.975666  -0.022000
3.145 0.047711  0.060046 0.833052  0.100505 0.000063  -0.000017 0.975912  -0.021770
3.155 0.047528  0.060245 0.833613  0.101274 0.000061  -0.000017 0.976236  -0.021544
3.165 0.047346  0.060443 0.834171  0.102040 0.000059  -0.000016 0.976478  -0.021318
3.175 0.047165  0.060640 0.834724  0.102803 0.000056  -0.000015 0.976718  -0.021095
3.185 0.046986  0.060835 0.835274  0.103563 0.000054  -0.000015 0.977037  -0.020876
3.195 0.046809  0.061029 0.835820  0.104320 0.000052  -0.000014 0.977273  -0.020658
3.205 0.046632  0.061222 0.836363  0.105073 0.000050  -0.000014 0.977508  -0.020442
3.215 0.046457  0.061413 0.836902  0.105823 0.000048  -0.000013 0.977821  -0.020230
3.225 0.046284  0.061604 0.837437  0.106570 0.000046  -0.000013 0.978052  -0.020019
3.235 0.046111  0.061793 0.837969  0.107314 0.000045  -0.000012 0.978282  -0.019810
3.245 0.045940  0.061980 0.838497  0.108055 0.000043  -0.000012 0.978511  -0.019603
3.255 0.045770  0.062167 0.839022  0.108793 0.000041  -0.000011 0.978738  -0.019399
3.265 0.045602  0.062352 0.839544  0.109528 0.000040  -0.000011 0.979042  -0.019198
3.275 0.045435  0.062536 0.840061  0.110260 0.000038  -0.000010 0.979266  -0.018998
3.285 0.045269  0.062719 0.840576  0.110988 0.000037  -0.000010 0.979488  -0.018800
3.295 0.045104  0.062901 0.841087  0.111714 0.000035  -0.000009 0.979709  -0.018604
3.305 0.044940  0.063082 0.841595  0.112437 0.000034  -0.000009 0.979929  -0.018411
3.315 0.044778  0.063261 0.842100  0.113157 0.000033  -0.000009 0.980147  -0.018219
3.325 0.044617  0.063440 0.842601  0.113873 0.000031  -0.000008 0.980364  -0.018030
3.335 0.044456  0.063617 0.843100  0.114587 0.000030  -0.000008 0.980579  -0.017843
3.345 0.044298  0.063793 0.843595  0.115298 0.000029  -0.000008 0.980793  -0.017657
3.355 0.044140  0.063968 0.844087  0.116006 0.000028  -0.000007 0.981006  -0.017474
3.365 0.043983  0.064142 0.844576  0.116712 0.000027  -0.000007 0.981217  -0.017292
3.375 0.043828  0.064315 0.845061  0.117414 0.000026  -0.000007 0.981427  -0.017113
3.385 0.043673  0.064487 0.845544  0.118114 0.000025  -0.000007 0.981636  -0.016936
3.395 0.043520  0.064657 0.846024  0.118810 0.000024  -0.000006 0.981843  -0.016760
3.405 0.043368  0.064827 0.846500  0.119504 0.000023  -0.000006 0.982049  -0.016586
3.415 0.043216  0.064996 0.846974  0.120195 0.000022  -0.000006 0.982254  -0.016414
3.425 0.043066  0.065163 0.847445  0.120884 0.000021  -0.000006 0.982458  -0.016244
3.435 0.042917  0.065330 0.847912  0.121569 0.000020  -0.000005 0.982660  -0.016076
3.445 0.042769  0.065496 0.848377  0.122252 0.000020  -0.000005 0.982861  -0.015910
3.455 0.042622  0.065660 0.848839  0.122932 0.000019  -0.000005 0.983061  -0.015745
3.465 0.042476  0.065824 0.849299  0.123609 0.000018  -0.000005 0.983186  -0.015581
3.475 0.042331  0.065987 0.849755  0.124284 0.000017  -0.000005 0.983384  -0.015420
3.485 0.042187  0.066148 0.850209  0.124956 0.000017  -0.000004 0.983580  -0.015261
3.495 0.042044  0.066309 0.850660  0.125625 0.000016  -0.000004 0.983775  -0.015103
3.505 0.041902  0.066469 0.851108  0.126292 0.000015  -0.000004 0.983969  -0.014947
3.515 0.041761  0.066627 0.851553  0.126956 0.000015  -0.000004 0.984090  -0.014792
3.525 0.041621  0.066785 0.851996  0.127618 0.000014  -0.000004 0.984282  -0.014639
3.535 0.041482  0.066942 0.852436  0.128276 0.000014  -0.000004 0.984473  -0.014488
3.545 0.041344  0.067098 0.852874  0.128933 0.000013  -0.000003 0.984662  -0.014339
3.555 0.041206  0.067253 0.853308  0.129586 0.000013  -0.000003 0.984779  -0.014190
3.565 0.041070  0.067408 0.853741  0.130238 0.000012  -0.000003 0.984967  -0.014044
3.575 0.040934  0.067561 0.854170  0.130886 0.000012  -0.000003 0.985154  -0.013899
3.585 0.040800  0.067713 0.854598  0.131532 0.000011  -0.000003 0.985268  -0.013755
3.595 0.040666  0.067865 0.855022  0.132176 0.000011  -0.000003 0.985453  -0.013614
3.605 0.040533  0.068016 0.855444  0.132817 0.000010  -0.000003 0.985636  -0.013474
3.615 0.040401  0.068166 0.855864  0.133456 0.000010  -0.000003 0.985748  -0.013334
3.625 0.040270  0.068314 0.856281  0.134092 0.000010  -0.000003 0.985930  -0.013197
3.635 0.040140  0.068463 0.856696  0.134725 0.000009  -0.000002 0.986040  -0.013060
3.645 0.040011  0.068610 0.857109  0.135357 0.000009  -0.000002 0.986220  -0.012926
3.655 0.039882  0.068756 0.857519  0.135985 0.000009  -0.000002 0.986399  -0.012793
3.665 0.039754  0.068902 0.857926  0.136612 0.000008  -0.000002 0.986507  -0.012661
3.675 0.039628  0.069047 0.858332  0.137236 0.000008  -0.000002 0.986684  -0.012531
3.685 0.039501  0.069191 0.858735  0.137858 0.000008  -0.000002 0.986791  -0.012402
3.695 0.039376  0.069334 0.859135  0.138477 0.000007  -0.000002 0.986966  -0.012274
3.705 0.039252  0.069476 0.859534  0.139094 0.000007  -0.000002 0.987071  -0.012148
3.715 0.039128  0.069618 0.859930  0.139708 0.000007  -0.000002 0.987245  -0.012023
3.725 0.039005  0.069759 0.860324  0.140321 0.000006  -0.000002 0.987349  -0.011899
3.735 0.038883  0.069899 0.860715  0.140930 0.000006  -0.000002 0.987520  -0.011777
3.745 0.038762  0.070038 0.861105  0.141538 0.000006  -0.000002 0.987623  -0.011656
3.755 0.038641  0.070177 0.861492  0.142143 0.000006  -0.000002 0.987793  -0.011536
3.765 0.038521  0.070314 0.861877  0.142747 0.000006  -0.000001 0.987894  -0.011417
3.775 0.038402  0.070451 0.862260  0.143347 0.000005  -0.000001 0.988062  -0.011300
3.785 0.038284  0.070588 0.862641  0.143946 0.000005  -0.000001 0.988162  -0.011184
3.795 0.038166  0.070723 0.863020  0.144542 0.000005  -0.000001 0.988329  -0.011070
3.805 0.038049  0.070858 0.863396  0.145136 0.000005  -0.000001 0.988427  -0.010956
3.815 0.037933  0.070992 0.863771  0.145728 0.000005  -0.000001 0.988526  -0.010843
3.825 0.037817  0.071125 0.864143  0.146318 0.000004  -0.000001 0.988690  -0.010732
3.835 0.037703  0.071258 0.864514  0.146905 0.000004  -0.000001 0.988787  -0.010622
3.845 0.037589  0.071390 0.864882  0.147491 0.000004  -0.000001 0.988883  -0.010513
3.855 0.037475  0.071521 0.865248  0.148074 0.000004  -0.000001 0.989045  -0.010405
3.865 0.037363  0.071652 0.865613  0.148655 0.000004  -0.000001 0.989140  -0.010298
3.875 0.037251  0.071782 0.865975  0.149234 0.000004  -0.000001 0.989235  -0.010193
3.885 0.037139  0.071911 0.866336  0.149811 0.000003  -0.000001 0.989394  -0.010089
3.895 0.037029  0.072039 0.866694  0.150385 0.000003  -0.000001 0.989488  -0.009985
3.905 0.036919  0.072167 0.867051  0.150958 0.000003  -0.000001 0.989581  -0.009882
3.915 0.036809  0.072294 0.867405  0.151528 0.000003  -0.000001 0.989738  -0.009782
3.925 0.036700  0.072421 0.867758  0.152097 0.000003  -0.000001 0.989830  -0.009681
3.935 0.036592  0.072546 0.868109  0.152663 0.000003  -0.000001 0.989921  -0.009582
3.945 0.036485  0.072672 0.868458  0.153227 0.000003  -0.000001 0.990012  -0.009484
3.955 0.036378  0.072796 0.868805  0.153789 0.000003  -0.000001 0.990167  -0.009387
3.965 0.036272  0.072920 0.869150  0.154349 0.000003  -0.000001 0.990257  -0.009291
3.975 0.036166  0.073043 0.869494  0.154908 0.000002  -0.000001 0.990346  -0.009196
3.985 0.036062  0.073166 0.869836  0.155464 0.000002  -0.000001 0.990435  -0.009102
3.995 0.035957  0.073288 0.870175  0.156018 0.000002  -0.000001 0.990586  -0.009009
