0.748607 0.182744 0.182744 0.182744 0.182744 0.182744 0.182744 0.182744 0.182744
0.758607 0.142359  -0.052963 0.231494  -0.084329 0.113977  -0.042987 0.267271  -0.096933
0.768607 0.128115  -0.046842 0.253884  -0.090325 0.090351  -0.033831 0.304762  -0.107972
0.778607 0.118131  -0.042365 0.271805  -0.094570 0.074513  -0.027647 0.334395  -0.115957
0.788607 0.110324  -0.038757 0.287348  -0.097846 0.062867  -0.023084 0.360259  -0.122405
0.798607 0.103890  -0.035711 0.301325  -0.100467 0.053484  -0.019430 0.382721  -0.127508
0.808607 0.098414  -0.033067 0.314156  -0.102599 0.045914  -0.016495 0.403204  -0.131790
0.818607 0.093653  -0.030728 0.326093  -0.104343 0.039649  -0.014081 0.422074  -0.135405
0.828607 0.089449  -0.028632 0.337300  -0.105768 0.034372  -0.012065 0.439573  -0.138458
0.838607 0.085691  -0.026734 0.347894  -0.106923 0.029863  -0.010360 0.455775  -0.140997
0.848607 0.082300  -0.025001 0.357959  -0.107847 0.026006  -0.008915 0.471033  -0.143152
0.858607 0.079216  -0.023408 0.367562  -0.108568 0.022706  -0.007691 0.485507  -0.144987
0.868607 0.076394  -0.021935 0.376753  -0.109110 0.019846  -0.006641 0.499147  -0.146502
0.878607 0.073797  -0.020568 0.385575  -0.109492 0.017357  -0.005738 0.512124  -0.147758
0.888607 0.071395  -0.019293 0.394061  -0.109730 0.015204  -0.004965 0.524557  -0.148802
0.898607 0.069165  -0.018100 0.402239  -0.109839 0.013327  -0.004299 0.536411  -0.149632
0.908607 0.067087  -0.016981 0.410135  -0.109830 0.011672  -0.003720 0.547682  -0.150256
0.918607 0.065144  -0.015927 0.417769  -0.109713 0.010231  -0.003220 0.558511  -0.150722
0.928607 0.063322  -0.014933 0.425159  -0.109499 0.008965  -0.002788 0.568887  -0.151032
0.938607 0.061610  -0.013992 0.432321  -0.109194 0.007852  -0.002412 0.578832  -0.151199
0.948607 0.059996  -0.013101 0.439270  -0.108806 0.006882  -0.002088 0.588470  -0.151261
0.958607 0.058472  -0.012255 0.446017  -0.108342 0.006027  -0.001806 0.597717  -0.151201
0.968607 0.057030  -0.011450 0.452575  -0.107807 0.005276  -0.001562 0.606622  -0.151036
0.978607 0.055663  -0.010683 0.458954  -0.107207 0.004615  -0.001350 0.615201  -0.150775
0.988607 0.054364  -0.009951 0.465162  -0.106546 0.004034  -0.001166 0.623501  -0.150434
0.998607 0.053129  -0.009253 0.471208  -0.105829 0.003526  -0.001007 0.631534  -0.150017
1.008607 0.051953  -0.008584 0.477101  -0.105061 0.003079  -0.000869 0.639262  -0.149520
1.018607 0.050830  -0.007944 0.482846  -0.104244 0.002689  -0.000749 0.646824  -0.148979
1.028607 0.049759  -0.007330 0.488452  -0.103382 0.002344  -0.000646 0.654087  -0.148364
1.038607 0.048734  -0.006740 0.493923  -0.102479 0.002043  -0.000556 0.661122  -0.147695
1.048607 0.047752  -0.006174 0.499266  -0.101536 0.001779  -0.000479 0.667940  -0.146977
1.058607 0.046812  -0.005629 0.504485  -0.100558 0.001549  -0.000412 0.674607  -0.146225
1.068607 0.045910  -0.005105 0.509586  -0.099546 0.001347  -0.000354 0.681070  -0.145431
1.078607 0.045043  -0.004600 0.514574  -0.098503 0.001170  -0.000304 0.687276  -0.144586
1.088607 0.044210  -0.004113 0.519452  -0.097431 0.001016  -0.000261 0.693352  -0.143716
1.098607 0.043409  -0.003643 0.524225  -0.096332 0.000881  -0.000223 0.699301  -0.142826
1.108607 0.042637  -0.003189 0.528897  -0.095207 0.000763  -0.000191 0.705014  -0.141892
1.118607 0.041894  -0.002750 0.533471  -0.094060 0.000661  -0.000164 0.710612  -0.140942
1.128607 0.041177  -0.002326 0.537950  -0.092890 0.000572  -0.000140 0.716041  -0.139966
1.138607 0.040485  -0.001915 0.542338  -0.091701 0.000494  -0.000120 0.721308  -0.138967
1.148607 0.039817  -0.001518 0.546639  -0.090493 0.000427  -0.000102 0.726472  -0.137956
1.158607 0.039171  -0.001133 0.550854  -0.089267 0.000369  -0.000087 0.731483  -0.136925
1.168607 0.038547  -0.000760 0.554986  -0.088026 0.000318  -0.000074 0.736398  -0.135885
1.178607 0.037943  -0.000398 0.559039  -0.086770 0.000274  -0.000063 0.741167  -0.134829
1.188607 0.037358  -0.000046 0.563015  -0.085500 0.000236  -0.000054 0.745794  -0.133758
1.198607 0.036791  0.000295 0.566915  -0.084218 0.000203  -0.000046 0.750337  -0.132682
1.208607 0.036242  0.000626 0.570743  -0.082923 0.000174  -0.000039 0.754797  -0.131603
1.218607 0.035710  0.000948 0.574501  -0.081619 0.000150  -0.000033 0.759073  -0.130504
1.228607 0.035193  0.001261 0.578190  -0.080304 0.000129  -0.000028 0.763273  -0.129403
1.238607 0.034691  0.001565 0.581813  -0.078981 0.000110  -0.000024 0.767399  -0.128302
1.248607 0.034204  0.001862 0.585372  -0.077650 0.000094  -0.000020 0.771403  -0.127193
1.258607 0.033731  0.002150 0.588867  -0.076311 0.000081  -0.000017 0.775338  -0.126085
1.268607 0.033271  0.002431 0.592302  -0.074965 0.000069  -0.000015 0.779205  -0.124978
1.278607 0.032824  0.002705 0.595678  -0.073614 0.000059  -0.000012 0.782958  -0.123866
1.288607 0.032389  0.002972 0.598996  -0.072257 0.000051  -0.000010 0.786600  -0.122749
1.298607 0.031965  0.003232 0.602258  -0.070896 0.000043  -0.000009 0.790180  -0.121636
1.308607 0.031553  0.003485 0.605466  -0.069530 0.000037  -0.000007 0.793703  -0.120527
1.318607 0.031151  0.003733 0.608620  -0.068161 0.000031  -0.000006 0.797120  -0.119415
1.328607 0.030760  0.003974 0.611723  -0.066788 0.000027  -0.000005 0.800434  -0.118301
1.338607 0.030379  0.004210 0.614775  -0.065413 0.000023  -0.000004 0.803743  -0.117199
1.348607 0.030007  0.004440 0.617778  -0.064036 0.000019  -0.000004 0.806953  -0.116096
1.358607 0.029644  0.004665 0.620733  -0.062657 0.000017  -0.000003 0.810066  -0.114993
1.368607 0.029290  0.004885 0.623641  -0.061276 0.000014  -0.000003 0.813130  -0.113896
1.378607 0.028945  0.005100 0.626504  -0.059895 0.000012  -0.000002 0.816147  -0.112806
1.388607 0.028608  0.005310 0.629323  -0.058513 0.000010  -0.000002 0.819073  -0.111717
1.398607 0.028279  0.005516 0.632098  -0.057131 0.000009  -0.000002 0.821999  -0.110641
1.408607 0.027957  0.005717 0.634830  -0.055748 0.000007  -0.000001 0.824793  -0.109560
1.418607 0.027643  0.005913 0.637522  -0.054366 0.000006  -0.000001 0.827544  -0.108487
1.428607 0.027336  0.006106 0.640173  -0.052985 0.000005  -0.000001 0.830299  -0.107428
1.438607 0.027035  0.006295 0.642784  -0.051605 0.000004  -0.000001 0.832926  -0.106365
1.448607 0.026742  0.006479 0.645357  -0.050226 0.000004  -0.000001 0.835514  -0.105311
1.458607 0.026454  0.006660 0.647892  -0.048848 0.000003  -0.000001 0.838066  -0.104265
1.468607 0.026173  0.006837 0.650391  -0.047472 0.000003  -0.000000 0.840580  -0.103227
1.478607 0.025898  0.007011 0.652853  -0.046097 0.000002  -0.000000 0.843017  -0.102193
1.488607 0.025629  0.007181 0.655281  -0.044725 0.000002  -0.000000 0.845440  -0.101170
1.498607 0.025365  0.007348 0.657674  -0.043356 0.000002  -0.000000 0.847767  -0.100148
1.508607 0.025107  0.007511 0.660033  -0.041988 0.000001  -0.000000 0.850144  -0.099144
1.518607 0.024854  0.007671 0.662359  -0.040623 0.000001  -0.000000 0.852406  -0.098140
1.528607 0.024606  0.007829 0.664653  -0.039262 0.000001  -0.000000 0.854637  -0.097145
1.538607 0.024364  0.007983 0.666916  -0.037903 0.000001  -0.000000 0.856756  -0.096150
1.548607 0.024126  0.008135 0.669147  -0.036547 0.000001  -0.000000 0.858927  -0.095172
1.558607 0.023892  0.008283 0.671349  -0.035194 0.000001  -0.000000 0.860989  -0.094195
1.568607 0.023663  0.008429 0.673520  -0.033845 0.000000  -0.000000 0.863103  -0.093236
1.578607 0.023439  0.008573 0.675663  -0.032500 0.000000  -0.000000 0.865110  -0.092277
1.588607 0.023219  0.008714 0.677777  -0.031158 0.000000  -0.000000 0.867091  -0.091328
1.598607 0.023003  0.008852 0.679864  -0.029819 0.000000  -0.000000 0.869046  -0.090387
1.608607 0.022791  0.008988 0.681923  -0.028485 0.000000  -0.000000 0.870975  -0.089455
1.618607 0.022582  0.009121 0.683955  -0.027155 0.000000  -0.000000 0.872880  -0.088533
1.628607 0.022378  0.009252 0.685962  -0.025828 0.000000  -0.000000 0.874684  -0.087612
1.638607 0.022178  0.009381 0.687942  -0.024506 0.000000  -0.000000 0.876541  -0.086707
1.648607 0.021981  0.009508 0.689897  -0.023188 0.000000  -0.000000 0.878298  -0.085805
1.658607 0.021787  0.009633 0.691828  -0.021874 0.000000  -0.000000 0.880034  -0.084911
1.668607 0.021597  0.009755 0.693734  -0.020565 0.000000  -0.000000 0.881748  -0.084026
1.678607 0.021410  0.009876 0.695617  -0.019260 0.000000  -0.000000 0.883441  -0.083150
1.688607 0.021227  0.009994 0.697476  -0.017959 0.000000  -0.000000 0.885113  -0.082283
1.698607 0.021046  0.010111 0.699313  -0.016663 0.000000  -0.000000 0.886765  -0.081425
1.708607 0.020869  0.010225 0.701127  -0.015372 0.000000  -0.000000 0.888324  -0.080569
1.718607 0.020695  0.010338 0.702919  -0.014085 0.000000  -0.000000 0.889936  -0.079729
1.728607 0.020523  0.010449 0.704689  -0.012803 0.000000  -0.000000 0.891457  -0.078890
1.738607 0.020355  0.010559 0.706438  -0.011526 0.000000  -0.000000 0.892960  -0.078061
1.748607 0.020189  0.010667 0.708166  -0.010254 0.000000  -0.000000 0.894445  -0.077240
1.758607 0.020026  0.010773 0.709874  -0.008986 0.000000  -0.000000 0.895913  -0.076428
1.768607 0.019865  0.010877 0.711562  -0.007723 0.000000  -0.000000 0.897364  -0.075625
1.778607 0.019707  0.010980 0.713230  -0.006465 0.000000  -0.000000 0.898797  -0.074830
1.788607 0.019552  0.011081 0.714878  -0.005212 0.000000  -0.000000 0.900214  -0.074043
1.798607 0.019399  0.011181 0.716508  -0.003964 0.000000  -0.000000 0.901546  -0.073259
1.808607 0.019249  0.011279 0.718118  -0.002721 0.000000  -0.000000 0.902931  -0.072489
1.818607 0.019100  0.011376 0.719711  -0.001483 0.000000  -0.000000 0.904232  -0.071722
1.828607 0.018955  0.011471 0.721285  -0.000249 0.000000  -0.000000 0.905587  -0.070968
1.838607 0.018811  0.011565 0.722841  0.000979 0.000000  -0.000000 0.906858  -0.070217
1.848607 0.018669  0.011658 0.724380  0.002202 0.000000  -0.000000 0.908116  -0.069474
1.858607 0.018530  0.011749 0.725902  0.003420 0.000000  -0.000000 0.909359  -0.068739
1.868607 0.018393  0.011839 0.727407  0.004633 0.000000  -0.000000 0.910589  -0.068013
1.878607 0.018257  0.011928 0.728896  0.005841 0.000000  -0.000000 0.911805  -0.067294
1.888607 0.018124  0.012016 0.730368  0.007044 0.000000  -0.000000 0.912942  -0.066578
1.898607 0.017993  0.012102 0.731824  0.008242 0.000000  -0.000000 0.914133  -0.065874
1.908607 0.017863  0.012187 0.733264  0.009435 0.000000  -0.000000 0.915310  -0.065178
1.918607 0.017736  0.012271 0.734689  0.010623 0.000000  -0.000000 0.916410  -0.064486
1.928607 0.017610  0.012354 0.736098  0.011806 0.000000  -0.000000 0.917498  -0.063800
1.938607 0.017486  0.012436 0.737493  0.012983 0.000000  -0.000000 0.918639  -0.063127
1.948607 0.017364  0.012517 0.738872  0.014156 0.000000  -0.000000 0.919704  -0.062457
1.958607 0.017243  0.012596 0.740237  0.015323 0.000000  -0.000000 0.920758  -0.061794
1.968607 0.017125  0.012675 0.741588  0.016486 0.000000  -0.000000 0.921801  -0.061138
1.978607 0.017007  0.012752 0.742925  0.017643 0.000000  -0.000000 0.922834  -0.060490
1.988607 0.016892  0.012829 0.744248  0.018796 0.000000  -0.000000 0.923855  -0.059848
1.998607 0.016778  0.012904 0.745557  0.019943 0.000000  -0.000000 0.924804  -0.059210
2.008607 0.016665  0.012979 0.746853  0.021085 0.000000  -0.000000 0.925805  -0.058583
2.018607 0.016554  0.013052 0.748135  0.022223 0.000000  -0.000000 0.926796  -0.057962
2.028607 0.016445  0.013125 0.749404  0.023355 0.000000  -0.000000 0.927715  -0.057345
2.038607 0.016337  0.013197 0.750661  0.024482 0.000000  -0.000000 0.928686  -0.056738
2.048607 0.016230  0.013268 0.751905  0.025604 0.000000  -0.000000 0.929587  -0.056134
2.058607 0.016125  0.013338 0.753137  0.026722 0.000000  -0.000000 0.930479  -0.055537
2.068607 0.016021  0.013407 0.754356  0.027834 0.000000  -0.000000 0.931362  -0.054947
2.078607 0.015918  0.013475 0.755563  0.028941 0.000000  -0.000000 0.932297  -0.054366
2.088607 0.015817  0.013542 0.756759  0.030044 0.000000  -0.000000 0.933162  -0.053789
2.098607 0.015717  0.013609 0.757942  0.031141 0.000000  -0.000000 0.934019  -0.053218
2.108607 0.015618  0.013675 0.759114  0.032234 0.000000  -0.000000 0.934809  -0.052650
2.118607 0.015521  0.013740 0.760275  0.033322 0.000000  -0.000000 0.935650  -0.052091
2.128607 0.015425  0.013804 0.761425  0.034405 0.000000  -0.000000 0.936483  -0.051539
2.138607 0.015330  0.013868 0.762563  0.035483 0.000000  -0.000000 0.937308  -0.050993
2.148607 0.015236  0.013930 0.763691  0.036556 0.000000  -0.000000 0.938067  -0.050450
2.158607 0.015143  0.013992 0.764808  0.037624 0.000000  -0.000000 0.938876  -0.049915
2.168607 0.015051  0.014054 0.765914  0.038688 0.000000  -0.000000 0.939621  -0.049384
2.178607 0.014961  0.014114 0.767010  0.039746 0.000000  -0.000000 0.940416  -0.048862
2.188607 0.014872  0.014174 0.768095  0.040800 0.000000  -0.000000 0.941146  -0.048342
2.198607 0.014783  0.014234 0.769171  0.041850 0.000000  -0.000000 0.941870  -0.047829
2.208607 0.014696  0.014292 0.770236  0.042894 0.000000  -0.000000 0.942587  -0.047321
2.218607 0.014610  0.014350 0.771292  0.043934 0.000000  -0.000000 0.943298  -0.046818
2.228607 0.014524  0.014407 0.772338  0.044969 0.000000  -0.000000 0.944057  -0.046324
2.238607 0.014440  0.014464 0.773374  0.045999 0.000000  -0.000000 0.944754  -0.045833
2.248607 0.014357  0.014520 0.774401  0.047025 0.000000  -0.000000 0.945390  -0.045345
2.258607 0.014275  0.014575 0.775419  0.048046 0.000000  -0.000000 0.946075  -0.044864
2.268607 0.014193  0.014630 0.776427  0.049063 0.000000  -0.000000 0.946754  -0.044389
2.278607 0.014113  0.014684 0.777427  0.050075 0.000000  -0.000000 0.947427  -0.043920
2.288607 0.014033  0.014738 0.778417  0.051082 0.000000  -0.000000 0.948039  -0.043452
2.298607 0.013955  0.014791 0.779399  0.052085 0.000000  -0.000000 0.948700  -0.042993
2.308607 0.013877  0.014844 0.780371  0.053084 0.000000  -0.000000 0.949356  -0.042539
2.318607 0.013800  0.014895 0.781336  0.054077 0.000000  -0.000000 0.949952  -0.042087
2.328607 0.013724  0.014947 0.782292  0.055067 0.000000  -0.000000 0.950543  -0.041640
2.338607 0.013649  0.014998 0.783239  0.056052 0.000000  -0.000000 0.951181  -0.041201
2.348607 0.013574  0.015048 0.784178  0.057032 0.000000  -0.000000 0.951762  -0.040764
2.358607 0.013501  0.015098 0.785109  0.058008 0.000000  -0.000000 0.952337  -0.040332
2.368607 0.013428  0.015147 0.786032  0.058980 0.000000  -0.000000 0.952907  -0.039905
2.378607 0.013356  0.015196 0.786947  0.059947 0.000000  -0.000000 0.953525  -0.039485
2.388607 0.013285  0.015244 0.787855  0.060910 0.000000  -0.000000 0.954085  -0.039067
2.398607 0.013214  0.015292 0.788754  0.061869 0.000000  -0.000000 0.954641  -0.038654
2.408607 0.013144  0.015339 0.789646  0.062823 0.000000  -0.000000 0.955192  -0.038246
2.418607 0.013075  0.015386 0.790531  0.063773 0.000000  -0.000000 0.955687  -0.037840
2.428607 0.013007  0.015432 0.791407  0.064719 0.000000  -0.000000 0.956229  -0.037440
2.438607 0.012940  0.015478 0.792277  0.065661 0.000000  -0.000000 0.956767  -0.037045
2.448607 0.012873  0.015523 0.793139  0.066598 0.000000  -0.000000 0.957300  -0.036655
2.458607 0.012807  0.015568 0.793995  0.067531 0.000000  -0.000000 0.957778  -0.036266
2.468607 0.012741  0.015613 0.794843  0.068460 0.000000  -0.000000 0.958302  -0.035884
2.478607 0.012676  0.015657 0.795684  0.069385 0.000000  -0.000000 0.958823  -0.035506
2.488607 0.012612  0.015701 0.796518  0.070306 0.000000  -0.000000 0.959289  -0.035131
2.498607 0.012549  0.015744 0.797345  0.071223 0.000000  -0.000000 0.959801  -0.034761
2.508607 0.012486  0.015787 0.798166  0.072135 0.000000  -0.000000 0.960259  -0.034394
2.518607 0.012423  0.015829 0.798980  0.073044 0.000000  -0.000000 0.960714  -0.034031
2.528607 0.012362  0.015871 0.799788  0.073948 0.000000  -0.000000 0.961214  -0.033673
2.538607 0.012301  0.015913 0.800589  0.074849 0.000000  -0.000000 0.961661  -0.033318
2.548607 0.012240  0.015954 0.801383  0.075745 0.000000  -0.000000 0.962105  -0.032967
2.558607 0.012181  0.015995 0.802171  0.076638 0.000000  -0.000000 0.962545  -0.032619
2.568607 0.012121  0.016036 0.802953  0.077526 0.000000  -0.000000 0.963006  -0.032276
2.578607 0.012063  0.016076 0.803729  0.078411 0.000000  -0.000000 0.963439  -0.031937
2.588607 0.012005  0.016115 0.804499  0.079292 0.000000  -0.000000 0.963869  -0.031601
2.598607 0.011947  0.016155 0.805263  0.080169 0.000000  -0.000000 0.964295  -0.031268
2.608607 0.011890  0.016194 0.806020  0.081042 0.000000  -0.000000 0.964718  -0.030939
2.618607 0.011834  0.016232 0.806772  0.081911 0.000000  -0.000000 0.965138  -0.030614
2.628607 0.011778  0.016271 0.807518  0.082777 0.000000  -0.000000 0.965554  -0.030293
2.638607 0.011722  0.016309 0.808258  0.083638 0.000000  -0.000000 0.965968  -0.029975
2.648607 0.011667  0.016346 0.808993  0.084496 0.000000  -0.000000 0.966378  -0.029660
2.658607 0.011613  0.016384 0.809722  0.085350 0.000000  -0.000000 0.966692  -0.029346
2.668607 0.011559  0.016421 0.810445  0.086201 0.000000  -0.000000 0.967096  -0.029039
2.678607 0.011506  0.016457 0.811163  0.087047 0.000000  -0.000000 0.967498  -0.028735
2.688607 0.011453  0.016493 0.811875  0.087890 0.000000  -0.000000 0.967896  -0.028434
2.698607 0.011401  0.016529 0.812583  0.088730 0.000000  0.000000 0.968291  -0.028136
2.708607 0.011349  0.016565 0.813284  0.089565 0.000000  -0.000000 0.968592  -0.027839
2.718607 0.011297  0.016600 0.813981  0.090398 0.000000  0.000000 0.968982  -0.027548
2.728607 0.011246  0.016636 0.814672  0.091226 0.000000  -0.000000 0.969368  -0.027260
2.738607 0.011196  0.016670 0.815358  0.092051 0.000000  -0.000000 0.969662  -0.026972
2.748607 0.011146  0.016705 0.816039  0.092872 0.000000  0.000000 0.970044  -0.026691
2.758607 0.011096  0.016739 0.816715  0.093690 0.000000  -0.000000 0.970422  -0.026412
2.768607 0.011047  0.016773 0.817386  0.094504 0.000000  -0.000000 0.970709  -0.026134
2.778607 0.010998  0.016806 0.818053  0.095315 0.000000  -0.000000 0.971082  -0.025862
2.788607 0.010950  0.016840 0.818714  0.096123 0.000000  -0.000000 0.971364  -0.025590
2.798607 0.010902  0.016873 0.819370  0.096927 0.000000  0.000000 0.971733  -0.025323
2.808607 0.010855  0.016905 0.820022  0.097727 0.000000  0.000000 0.972010  -0.025057
2.818607 0.010808  0.016938 0.820669  0.098524 0.000000  0.000000 0.972374  -0.024796
2.828607 0.010761  0.016970 0.821312  0.099318 0.000000  0.000000 0.972647  -0.024536
2.838607 0.010715  0.017002 0.821949  0.100108 0.000000  0.000000 0.973006  -0.024280
2.848607 0.010669  0.017034 0.822583  0.100895 0.000000  0.000000 0.973275  -0.024026
2.858607 0.010624  0.017065 0.823211  0.101679 0.000000  0.000000 0.973628  -0.023776
2.868607 0.010579  0.017096 0.823836  0.102459 0.000000  0.000000 0.973894  -0.023527
2.878607 0.010534  0.017127 0.824456  0.103236 0.000000  0.000000 0.974243  -0.023283
2.888607 0.010490  0.017158 0.825071  0.104010 0.000000  0.000000 0.974504  -0.023039
2.898607 0.010446  0.017188 0.825682  0.104780 0.000000  0.000000 0.974763  -0.022798
2.908607 0.010402  0.017218 0.826289  0.105547 0.000000  0.000000 0.975105  -0.022561
2.918607 0.010359  0.017248 0.826892  0.106311 0.000000  0.000000 0.975361  -0.022326
2.928607 0.010316  0.017278 0.827491  0.107072 0.000000  0.000000 0.975615  -0.022092
2.938607 0.010274  0.017308 0.828085  0.107830 0.000000  0.000000 0.975866  -0.021862
2.948607 0.010231  0.017337 0.828675  0.108584 0.000000  0.000000 0.976200  -0.021635
2.958607 0.010190  0.017366 0.829262  0.109336 0.000000  0.000000 0.976448  -0.021409
2.968607 0.010148  0.017395 0.829844  0.110084 0.000000  0.000000 0.976695  -0.021186
2.978607 0.010107  0.017423 0.830422  0.110829 0.000000  0.000000 0.976940  -0.020965
2.988607 0.010066  0.017451 0.830997  0.111571 0.000000  0.000000 0.977265  -0.020748
2.998607 0.010026  0.017480 0.831567  0.112310 0.000000  0.000000 0.977507  -0.020532
3.008607 0.009986  0.017507 0.832134  0.113046 0.000000  0.000000 0.977746  -0.020318
3.018607 0.009946  0.017535 0.832697  0.113779 0.000000  0.000000 0.977984  -0.020107
3.028607 0.009906  0.017563 0.833256  0.114509 0.000000  0.000000 0.978221  -0.019898
3.038607 0.009867  0.017590 0.833811  0.115235 0.000000  0.000000 0.978455  -0.019691
3.048607 0.009828  0.017617 0.834363  0.115959 0.000000  0.000000 0.978689  -0.019486
3.058607 0.009790  0.017644 0.834911  0.116680 0.000000  0.000000 0.978920  -0.019283
3.068607 0.009752  0.017670 0.835455  0.117398 0.000000  0.000000 0.979231  -0.019085
3.078607 0.009714  0.017697 0.835996  0.118113 0.000000  0.000000 0.979459  -0.018886
3.088607 0.009676  0.017723 0.836533  0.118825 0.000000  0.000000 0.979686  -0.018690
3.098607 0.009639  0.017749 0.837067  0.119535 0.000000  0.000000 0.979912  -0.018496
3.108607 0.009602  0.017775 0.837597  0.120241 0.000000  0.000000 0.980136  -0.018304
3.118607 0.009565  0.017801 0.838124  0.120944 0.000000  0.000000 0.980358  -0.018115
3.128607 0.009528  0.017826 0.838647  0.121645 0.000000  0.000000 0.980579  -0.017927
3.138607 0.009492  0.017852 0.839167  0.122343 0.000000  0.000000 0.980720  -0.017740
3.148607 0.009456  0.017877 0.839684  0.123038 0.000000  0.000000 0.980939  -0.017556
3.158607 0.009420  0.017902 0.840197  0.123730 0.000000  0.000000 0.981156  -0.017374
3.168607 0.009385  0.017926 0.840707  0.124419 0.000000  0.000000 0.981372  -0.017194
3.178607 0.009350  0.017951 0.841214  0.125106 0.000000  0.000000 0.981586  -0.017016
3.188607 0.009315  0.017975 0.841717  0.125790 0.000000  0.000000 0.981799  -0.016840
3.198607 0.009280  0.018000 0.842218  0.126471 0.000000  0.000000 0.982011  -0.016666
3.208607 0.009246  0.018024 0.842715  0.127150 0.000000  0.000000 0.982221  -0.016494
3.218607 0.009212  0.018048 0.843209  0.127825 0.000000  0.000000 0.982430  -0.016324
3.228607 0.009178  0.018071 0.843700  0.128498 0.000000  0.000000 0.982561  -0.016154
3.238607 0.009144  0.018095 0.844188  0.129169 0.000000  0.000000 0.982768  -0.015987
3.248607 0.009111  0.018118 0.844673  0.129837 0.000000  0.000000 0.982973  -0.015822
3.258607 0.009078  0.018141 0.845155  0.130502 0.000000  0.000000 0.983177  -0.015659
3.268607 0.009045  0.018165 0.845633  0.131164 0.000000  0.000000 0.983305  -0.015496
3.278607 0.009012  0.018187 0.846109  0.131824 0.000000  0.000000 0.983506  -0.015336
3.288607 0.008980  0.018210 0.846582  0.132481 0.000000  0.000000 0.983707  -0.015178
3.298607 0.008947  0.018233 0.847052  0.133136 0.000000  0.000000 0.983906  -0.015022
3.308607 0.008915  0.018255 0.847520  0.133788 0.000000  0.000000 0.984030  -0.014866
3.318607 0.008884  0.018277 0.847984  0.134438 0.000000  0.000000 0.984227  -0.014713
3.328607 0.008852  0.018300 0.848445  0.135085 0.000000  0.000000 0.984423  -0.014562
3.338607 0.008821  0.018322 0.848904  0.135729 0.000000  0.000000 0.984544  -0.014411
3.348607 0.008790  0.018343 0.849360  0.136371 0.000000  0.000000 0.984737  -0.014262
3.358607 0.008759  0.018365 0.849813  0.137011 0.000000  0.000000 0.984930  -0.014116
3.368607 0.008728  0.018387 0.850264  0.137648 0.000000  0.000000 0.985048  -0.013970
3.378607 0.008698  0.018408 0.850712  0.138283 0.000000  0.000000 0.985239  -0.013826
3.388607 0.008668  0.018429 0.851157  0.138915 0.000000  0.000000 0.985428  -0.013684
3.398607 0.008638  0.018450 0.851599  0.139545 0.000000  0.000000 0.985544  -0.013542
3.408607 0.008608  0.018471 0.852039  0.140172 0.000000  0.000000 0.985731  -0.013403
3.418607 0.008578  0.018492 0.852476  0.140797 0.000000  0.000000 0.985845  -0.013265
3.428607 0.008549  0.018513 0.852911  0.141419 0.000000  0.000000 0.986031  -0.013129
3.438607 0.008520  0.018533 0.853343  0.142039 0.000000  0.000000 0.986143  -0.012993
3.448607 0.008491  0.018554 0.853772  0.142657 0.000000  0.000000 0.986327  -0.012860
3.458607 0.008462  0.018574 0.854199  0.143273 0.000000  0.000000 0.986438  -0.012727
3.468607 0.008434  0.018594 0.854624  0.143886 0.000000  0.000000 0.986619  -0.012597
3.478607 0.008405  0.018614 0.855046  0.144496 0.000000  0.000000 0.986729  -0.012467
3.488607 0.008377  0.018634 0.855466  0.145105 0.000000  0.000000 0.986909  -0.012339
3.498607 0.008349  0.018654 0.855883  0.145711 0.000000  0.000000 0.987017  -0.012212
3.508607 0.008321  0.018674 0.856298  0.146315 0.000000  0.000000 0.987194  -0.012087
3.518607 0.008293  0.018693 0.856710  0.146916 0.000000  0.000000 0.987301  -0.011962
3.528607 0.008266  0.018713 0.857120  0.147516 0.000000  0.000000 0.987477  -0.011840
3.538607 0.008239  0.018732 0.857528  0.148113 0.000000  0.000000 0.987582  -0.011718
3.548607 0.008212  0.018751 0.857933  0.148708 0.000000  0.000000 0.987756  -0.011598
3.558607 0.008185  0.018770 0.858336  0.149300 0.000000  0.000000 0.987860  -0.011479
3.568607 0.008158  0.018789 0.858737  0.149891 0.000000  0.000000 0.987964  -0.011361
3.578607 0.008131  0.018808 0.859135  0.150479 0.000000  0.000000 0.988135  -0.011245
3.588607 0.008105  0.018826 0.859532  0.151065 0.000000  0.000000 0.988237  -0.011129
3.598607 0.008079  0.018845 0.859926  0.151649 0.000000  0.000000 0.988339  -0.011015
3.608607 0.008053  0.018863 0.860318  0.152230 0.000000  0.000000 0.988508  -0.010902
3.618607 0.008027  0.018882 0.860707  0.152810 0.000000  0.000000 0.988608  -0.010790
3.628607 0.008001  0.018900 0.861095  0.153387 0.000000  0.000000 0.988775  -0.010680
3.638607 0.007976  0.018918 0.861480  0.153962 0.000000  0.000000 0.988874  -0.010570
3.648607 0.007950  0.018936 0.861863  0.154536 0.000000  0.000000 0.988972  -0.010462
3.658607 0.007925  0.018954 0.862244  0.155107 0.000000  0.000000 0.989070  -0.010355
3.668607 0.007900  0.018972 0.862623  0.155676 0.000000  0.000000 0.989234  -0.010249
3.678607 0.007875  0.018989 0.863000  0.156242 0.000000  0.000000 0.989330  -0.010144
3.688607 0.007850  0.019007 0.863375  0.156807 0.000000  0.000000 0.989426  -0.010040
3.698607 0.007826  0.019024 0.863748  0.157370 0.000000  0.000000 0.989588  -0.009938
3.708607 0.007801  0.019042 0.864118  0.157931 0.000000  0.000000 0.989683  -0.009836
3.718607 0.007777  0.019059 0.864487  0.158489 0.000000  0.000000 0.989777  -0.009735
3.728607 0.007753  0.019076 0.864854  0.159046 0.000000  0.000000 0.989871  -0.009635
3.738607 0.007729  0.019093 0.865219  0.159600 0.000000  0.000000 0.989964  -0.009537
3.748607 0.007705  0.019110 0.865581  0.160153 0.000000  0.000000 0.990122  -0.009440
3.758607 0.007681  0.019127 0.865942  0.160704 0.000000  0.000000 0.990214  -0.009343
3.768607 0.007658  0.019144 0.866301  0.161252 0.000000  0.000000 0.990306  -0.009247
3.778607 0.007634  0.019160 0.866658  0.161799 0.000000  0.000000 0.990397  -0.009153
3.788607 0.007611  0.019177 0.867013  0.162344 0.000000  0.000000 0.990487  -0.009059
3.798607 0.007588  0.019193 0.867366  0.162886 0.000000  0.000000 0.990642  -0.008967
3.808607 0.007565  0.019210 0.867718  0.163427 0.000000  0.000000 0.990731  -0.008875
3.818607 0.007542  0.019226 0.868067  0.163966 0.000000  0.000000 0.990820  -0.008785
3.828607 0.007519  0.019242 0.868415  0.164503 0.000000  0.000000 0.990909  -0.008695
3.838607 0.007497  0.019258 0.868761  0.165038 0.000000  0.000000 0.990997  -0.008606
3.848607 0.007474  0.019274 0.869105  0.165571 0.000000  0.000000 0.991084  -0.008518
3.858607 0.007452  0.019290 0.869447  0.166102 0.000000  0.000000 0.991171  -0.008431
3.868607 0.007430  0.019306 0.869787  0.166632 0.000000  0.000000 0.991321  -0.008346
3.878607 0.007408  0.019322 0.870126  0.167159 0.000000  0.000000 0.991407  -0.008261
3.888607 0.007386  0.019337 0.870463  0.167685 0.000000  0.000000 0.991493  -0.008176
3.898607 0.007364  0.019353 0.870798  0.168209 0.000000  0.000000 0.991578  -0.008093
3.908607 0.007342  0.019368 0.871131  0.168731 0.000000  0.000000 0.991663  -0.008010
3.918607 0.007321  0.019384 0.871463  0.169251 0.000000  0.000000 0.991747  -0.007929
3.928607 0.007299  0.019399 0.871793  0.169769 0.000000  0.000000 0.991831  -0.007848
3.938607 0.007278  0.019414 0.872121  0.170286 0.000000  0.000000 0.991914  -0.007768
3.948607 0.007257  0.019429 0.872447  0.170800 0.000000  0.000000 0.991997  -0.007689
3.958607 0.007236  0.019444 0.872772  0.171313 0.000000  0.000000 0.992079  -0.007610
3.968607 0.007215  0.019459 0.873096  0.171825 0.000000  0.000000 0.992161  -0.007533
3.978607 0.007194  0.019474 0.873417  0.172334 0.000000  0.000000 0.992243  -0.007456
3.988607 0.007174  0.019489 0.873737  0.172842 0.000000  0.000000 0.992324  -0.007380
3.998607 0.007153  0.019503 0.874056  0.173347 0.000000  0.000000 0.992405  -0.007305
