1.772207e-03 0.000000e+00
2.860375e-03 0.000000e+00
4.116575e-03 0.000000e+00
7.124630e-03 0.000000e+00
8.434580e-03 0.000000e+00
1.122082e-02 0.000000e+00
1.515918e-02 0.000000e+00
2.317955e-02 0.000000e+00
3.536851e-02 0.000000e+00
5.008836e-02 0.000000e+00
7.473210e-02 0.000000e+00
1.054121e-01 0.000000e+00
1.493868e-01 0.000000e+00
2.191944e-01 0.000000e+00
3.137872e-01 0.000000e+00
4.539695e-01 0.000000e+00
6.796186e-01 0.000000e+00
1.039147e+00 1.278898e-02
1.546901e+00 1.278898e-02
2.350218e+00 1.278898e-02
3.487887e+00 2.557796e-02
5.251102e+00 2.557796e-02
7.904779e+00 6.394491e-02
1.187569e+01 8.952287e-02
1.453087e+01 1.023119e-01
2.671118e+01 1.151008e-01
4.012854e+01 1.278898e-01
4.123515e+01 1.151008e-01
6.782211e+01 1.534678e-01
9.456602e+01 1.790457e-01
1.212192e+02 1.662568e-01
1.478683e+02 1.790457e-01
1.746567e+02 1.918347e-01
2.012201e+02 2.174127e-01
2.279683e+02 1.790457e-01
2.545627e+02 1.918347e-01
2.812335e+02 2.174127e-01
3.078396e+02 2.174127e-01
3.345014e+02 1.790457e-01
3.612101e+02 1.918347e-01
3.879220e+02 1.790457e-01
4.144913e+02 1.918347e-01
4.409755e+02 1.790457e-01
4.675707e+02 1.918347e-01
4.942511e+02 2.174127e-01
5.209065e+02 2.174127e-01
5.476777e+02 2.429907e-01
5.743289e+02 2.302017e-01
6.007692e+02 2.302017e-01
6.273695e+02 2.429907e-01
6.541126e+02 2.302017e-01
6.807372e+02 2.046237e-01
7.073711e+02 1.918347e-01
7.340962e+02 2.174127e-01
7.605829e+02 1.918347e-01
7.872495e+02 2.429907e-01
8.138987e+02 2.557796e-01
8.405758e+02 2.813576e-01
8.673425e+02 2.557796e-01
8.941304e+02 2.302017e-01
9.205344e+02 2.557796e-01
9.473201e+02 2.557796e-01
9.737484e+02 2.557796e-01
1.000416e+03 2.302017e-01
1.027013e+03 2.429907e-01
1.053738e+03 2.685686e-01
1.080344e+03 2.557796e-01
1.106919e+03 2.429907e-01
1.133569e+03 2.685686e-01
1.160326e+03 2.046237e-01
1.186950e+03 2.174127e-01
1.213655e+03 2.046237e-01
1.240464e+03 2.174127e-01
1.267218e+03 2.429907e-01
1.294015e+03 2.557796e-01
1.320646e+03 2.941466e-01
1.347486e+03 2.685686e-01
1.374206e+03 2.685686e-01
1.400958e+03 2.429907e-01
1.427384e+03 2.429907e-01
1.454214e+03 2.174127e-01
1.480753e+03 2.302017e-01
1.507579e+03 2.046237e-01
1.534274e+03 2.302017e-01
1.560865e+03 2.174127e-01
1.587440e+03 2.174127e-01
1.613998e+03 2.302017e-01
1.640593e+03 2.046237e-01
1.667360e+03 2.046237e-01
1.694003e+03 2.046237e-01
1.720923e+03 2.302017e-01
1.747693e+03 2.429907e-01
1.774344e+03 2.046237e-01
1.801065e+03 2.174127e-01
1.827791e+03 2.302017e-01
1.854290e+03 2.174127e-01
1.880826e+03 2.302017e-01
1.907553e+03 2.557796e-01
1.933989e+03 2.302017e-01
1.960686e+03 2.429907e-01
1.987381e+03 2.557796e-01
2.013953e+03 2.685686e-01
2.040702e+03 2.685686e-01
2.067521e+03 2.685686e-01
